2024-04-23 16:57:16,734 INFO Current addressing mode selection : AddressServerMemberLookup

2024-04-23 16:57:28,789 ERROR [serverlist] exception, error : caused: jmenv.tbsite.net;

2024-04-23 16:57:28,789 ERROR [serverlist] exception, error : caused: jmenv.tbsite.net;

2024-04-23 16:57:28,789 ERROR [serverlist] exception, error : caused: jmenv.tbsite.net;

2024-04-23 16:57:28,790 ERROR [serverlist] exception, error : caused: jmenv.tbsite.net;

2024-04-23 16:57:28,790 ERROR [serverlist] exception, error : caused: jmenv.tbsite.net;

2024-04-23 17:00:27,898 INFO Current addressing mode selection : AddressServerMemberLookup

2024-04-23 17:00:39,933 ERROR [serverlist] exception, error : caused: jmenv.tbsite.net;

2024-04-23 17:00:39,934 ERROR [serverlist] exception, error : caused: jmenv.tbsite.net;

2024-04-23 17:00:39,934 ERROR [serverlist] exception, error : caused: jmenv.tbsite.net;

2024-04-23 17:00:39,934 ERROR [serverlist] exception, error : caused: jmenv.tbsite.net;

2024-04-23 17:00:39,934 ERROR [serverlist] exception, error : caused: jmenv.tbsite.net;

2024-04-23 17:07:38,733 INFO Current addressing mode selection : AddressServerMemberLookup

2024-04-23 17:07:50,782 ERROR [serverlist] exception, error : caused: jmenv.tbsite.net;

2024-04-23 17:07:50,782 ERROR [serverlist] exception, error : caused: jmenv.tbsite.net;

2024-04-23 17:07:50,782 ERROR [serverlist] exception, error : caused: jmenv.tbsite.net;

2024-04-23 17:07:50,782 ERROR [serverlist] exception, error : caused: jmenv.tbsite.net;

2024-04-23 17:07:50,783 ERROR [serverlist] exception, error : caused: jmenv.tbsite.net;

2024-04-23 17:08:19,589 INFO Current addressing mode selection : StandaloneMemberLookup

2024-04-23 17:08:20,807 INFO [ClusterRpcClientProxy] success to refresh cluster rpc client on start up,members =[] 

2024-04-23 17:08:22,589 INFO This node is ready to provide external services

2024-04-23 19:00:40,874 INFO Current addressing mode selection : StandaloneMemberLookup

2024-04-23 19:00:41,793 INFO [ClusterRpcClientProxy] success to refresh cluster rpc client on start up,members =[] 

2024-04-23 19:00:43,555 INFO This node is ready to provide external services

2024-04-24 15:38:46,727 INFO Current addressing mode selection : StandaloneMemberLookup

2024-04-24 15:38:48,167 INFO [ClusterRpcClientProxy] success to refresh cluster rpc client on start up,members =[] 

2024-04-24 15:38:53,761 INFO This node is ready to provide external services

2024-04-24 15:51:02,303 INFO Current addressing mode selection : StandaloneMemberLookup

2024-04-24 16:00:34,301 INFO Current addressing mode selection : StandaloneMemberLookup

2024-04-24 16:00:36,363 INFO [ClusterRpcClientProxy] success to refresh cluster rpc client on start up,members =[] 

2024-04-24 16:00:42,549 INFO This node is ready to provide external services

2024-04-24 17:10:40,032 INFO Current addressing mode selection : StandaloneMemberLookup

2024-04-24 17:10:41,166 INFO [ClusterRpcClientProxy] success to refresh cluster rpc client on start up,members =[] 

2024-04-24 17:10:44,524 INFO This node is ready to provide external services

2024-04-24 17:35:32,376 INFO Current addressing mode selection : StandaloneMemberLookup

2024-04-24 17:43:04,356 INFO Current addressing mode selection : StandaloneMemberLookup

2024-04-24 17:43:05,696 INFO [ClusterRpcClientProxy] success to refresh cluster rpc client on start up,members =[] 

2024-04-24 17:43:09,169 INFO This node is ready to provide external services

2024-04-24 18:06:13,054 INFO Current addressing mode selection : StandaloneMemberLookup

2024-04-24 18:06:14,179 INFO [ClusterRpcClientProxy] success to refresh cluster rpc client on start up,members =[] 

2024-04-24 18:06:17,609 INFO This node is ready to provide external services

2024-04-24 18:15:57,178 INFO Current addressing mode selection : StandaloneMemberLookup

2024-04-24 18:16:01,069 INFO Current addressing mode selection : StandaloneMemberLookup

2024-04-24 18:16:13,610 INFO Current addressing mode selection : StandaloneMemberLookup

2024-04-24 18:16:22,103 INFO Current addressing mode selection : StandaloneMemberLookup

2024-04-24 18:16:37,073 INFO Current addressing mode selection : StandaloneMemberLookup

2024-04-24 18:16:38,202 INFO [ClusterRpcClientProxy] success to refresh cluster rpc client on start up,members =[] 

2024-04-24 18:16:41,786 INFO This node is ready to provide external services

2024-04-25 10:14:07,302 INFO Current addressing mode selection : StandaloneMemberLookup

2024-04-25 10:14:34,707 INFO Current addressing mode selection : StandaloneMemberLookup

2024-04-25 10:16:07,348 INFO Current addressing mode selection : StandaloneMemberLookup

2024-04-25 10:16:48,150 INFO Current addressing mode selection : StandaloneMemberLookup

2024-04-25 10:16:49,160 INFO [ClusterRpcClientProxy] success to refresh cluster rpc client on start up,members =[] 

2024-04-25 10:16:52,516 INFO This node is ready to provide external services

