2024-04-23 17:08:19,978 INFO use local db service for init

2024-04-23 17:08:20,511 WARN Lexical error at line 4, column 66.  Encountered: <EOF> after : "".

2024-04-23 17:08:20,514 WARN Syntax error: Encountered "*" at line 1, column 1.

2024-04-23 17:08:20,787 WARN Lexical error at line 4, column 13.  Encountered: "`" (96), after : "".

2024-04-23 17:08:20,787 WARN Lexical error at line 1, column 13.  Encountered: "`" (96), after : "".

2024-04-23 17:08:20,787 WARN Lexical error at line 1, column 13.  Encountered: "`" (96), after : "".

2024-04-23 17:08:20,787 WARN Lexical error at line 1, column 13.  Encountered: "`" (96), after : "".

2024-04-23 17:08:20,787 INFO use StandaloneDatabaseOperateImpl

2024-04-23 19:00:41,307 INFO use local db service for init

2024-04-23 19:00:41,598 WARN Lexical error at line 4, column 66.  Encountered: <EOF> after : "".

2024-04-23 19:00:41,600 WARN Syntax error: Encountered "*" at line 1, column 1.

2024-04-23 19:00:41,629 WARN Table/View 'CONFIG_INFO' already exists in Schema 'NACOS'.

2024-04-23 19:00:41,661 WARN Table/View 'HIS_CONFIG_INFO' already exists in Schema 'NACOS'.

2024-04-23 19:00:41,675 WARN Table/View 'CONFIG_INFO_BETA' already exists in Schema 'NACOS'.

2024-04-23 19:00:41,683 WARN Table/View 'CONFIG_INFO_TAG' already exists in Schema 'NACOS'.

2024-04-23 19:00:41,689 WARN Table/View 'CONFIG_INFO_AGGR' already exists in Schema 'NACOS'.

2024-04-23 19:00:41,695 WARN Table/View 'APP_LIST' already exists in Schema 'NACOS'.

2024-04-23 19:00:41,703 WARN Table/View 'APP_CONFIGDATA_RELATION_SUBS' already exists in Schema 'NACOS'.

2024-04-23 19:00:41,706 WARN Table/View 'APP_CONFIGDATA_RELATION_PUBS' already exists in Schema 'NACOS'.

2024-04-23 19:00:41,713 WARN Table/View 'CONFIG_TAGS_RELATION' already exists in Schema 'NACOS'.

2024-04-23 19:00:41,719 WARN Table/View 'GROUP_CAPACITY' already exists in Schema 'NACOS'.

2024-04-23 19:00:41,723 WARN Table/View 'TENANT_CAPACITY' already exists in Schema 'NACOS'.

2024-04-23 19:00:41,727 WARN Table/View 'TENANT_INFO' already exists in Schema 'NACOS'.

2024-04-23 19:00:41,733 WARN Table/View 'USERS' already exists in Schema 'NACOS'.

2024-04-23 19:00:41,737 WARN Table/View 'ROLES' already exists in Schema 'NACOS'.

2024-04-23 19:00:41,741 WARN Table/View 'PERMISSIONS' already exists in Schema 'NACOS'.

2024-04-23 19:00:41,767 WARN The statement was aborted because it would have caused a duplicate key value in a unique or primary key constraint or unique index identified by 'SQL240423170820740' defined on 'USERS'.

2024-04-23 19:00:41,770 WARN The statement was aborted because it would have caused a duplicate key value in a unique or primary key constraint or unique index identified by 'UK_USERNAME_ROLE' defined on 'ROLES'.

2024-04-23 19:00:41,770 WARN Lexical error at line 4, column 13.  Encountered: "`" (96), after : "".

2024-04-23 19:00:41,771 WARN Lexical error at line 1, column 13.  Encountered: "`" (96), after : "".

2024-04-23 19:00:41,771 WARN Lexical error at line 1, column 13.  Encountered: "`" (96), after : "".

2024-04-23 19:00:41,771 WARN Lexical error at line 1, column 13.  Encountered: "`" (96), after : "".

2024-04-23 19:00:41,771 INFO use StandaloneDatabaseOperateImpl

2024-04-24 15:38:47,538 INFO use local db service for init

2024-04-24 15:38:47,903 WARN Lexical error at line 4, column 66.  Encountered: <EOF> after : "".

2024-04-24 15:38:47,907 WARN Syntax error: Encountered "*" at line 1, column 1.

2024-04-24 15:38:47,942 WARN Table/View 'CONFIG_INFO' already exists in Schema 'NACOS'.

2024-04-24 15:38:47,977 WARN Table/View 'HIS_CONFIG_INFO' already exists in Schema 'NACOS'.

2024-04-24 15:38:47,993 WARN Table/View 'CONFIG_INFO_BETA' already exists in Schema 'NACOS'.

2024-04-24 15:38:48,000 WARN Table/View 'CONFIG_INFO_TAG' already exists in Schema 'NACOS'.

2024-04-24 15:38:48,007 WARN Table/View 'CONFIG_INFO_AGGR' already exists in Schema 'NACOS'.

2024-04-24 15:38:48,015 WARN Table/View 'APP_LIST' already exists in Schema 'NACOS'.

2024-04-24 15:38:48,020 WARN Table/View 'APP_CONFIGDATA_RELATION_SUBS' already exists in Schema 'NACOS'.

2024-04-24 15:38:48,027 WARN Table/View 'APP_CONFIGDATA_RELATION_PUBS' already exists in Schema 'NACOS'.

2024-04-24 15:38:48,033 WARN Table/View 'CONFIG_TAGS_RELATION' already exists in Schema 'NACOS'.

2024-04-24 15:38:48,043 WARN Table/View 'GROUP_CAPACITY' already exists in Schema 'NACOS'.

2024-04-24 15:38:48,049 WARN Table/View 'TENANT_CAPACITY' already exists in Schema 'NACOS'.

2024-04-24 15:38:48,056 WARN Table/View 'TENANT_INFO' already exists in Schema 'NACOS'.

2024-04-24 15:38:48,067 WARN Table/View 'USERS' already exists in Schema 'NACOS'.

2024-04-24 15:38:48,073 WARN Table/View 'ROLES' already exists in Schema 'NACOS'.

2024-04-24 15:38:48,078 WARN Table/View 'PERMISSIONS' already exists in Schema 'NACOS'.

2024-04-24 15:38:48,117 WARN The statement was aborted because it would have caused a duplicate key value in a unique or primary key constraint or unique index identified by 'SQL240423170820740' defined on 'USERS'.

2024-04-24 15:38:48,122 WARN The statement was aborted because it would have caused a duplicate key value in a unique or primary key constraint or unique index identified by 'UK_USERNAME_ROLE' defined on 'ROLES'.

2024-04-24 15:38:48,123 WARN Lexical error at line 4, column 13.  Encountered: "`" (96), after : "".

2024-04-24 15:38:48,123 WARN Lexical error at line 1, column 13.  Encountered: "`" (96), after : "".

2024-04-24 15:38:48,123 WARN Lexical error at line 1, column 13.  Encountered: "`" (96), after : "".

2024-04-24 15:38:48,123 WARN Lexical error at line 1, column 13.  Encountered: "`" (96), after : "".

2024-04-24 15:38:48,123 INFO use StandaloneDatabaseOperateImpl

2024-04-24 15:51:02,907 INFO use local db service for init

2024-04-24 15:51:04,001 ERROR Failed to start database 'D:\code\java\be\washington-wash\nacos\data\derby-data' with class loader org.springframework.boot.loader.LaunchedURLClassLoader@4c98385c, see the next exception for details.

java.sql.SQLException: Failed to start database 'D:\code\java\be\washington-wash\nacos\data\derby-data' with class loader org.springframework.boot.loader.LaunchedURLClassLoader@4c98385c, see the next exception for details.
	at org.apache.derby.impl.jdbc.SQLExceptionFactory.getSQLException(Unknown Source)
	at org.apache.derby.impl.jdbc.SQLExceptionFactory.getSQLException(Unknown Source)
	at org.apache.derby.impl.jdbc.Util.seeNextException(Unknown Source)
	at org.apache.derby.impl.jdbc.EmbedConnection.bootDatabase(Unknown Source)
	at org.apache.derby.impl.jdbc.EmbedConnection.<init>(Unknown Source)
	at org.apache.derby.jdbc.InternalDriver$1.run(Unknown Source)
	at org.apache.derby.jdbc.InternalDriver$1.run(Unknown Source)
	at java.base/java.security.AccessController.doPrivileged(AccessController.java:571)
	at org.apache.derby.jdbc.InternalDriver.getNewEmbedConnection(Unknown Source)
	at org.apache.derby.jdbc.InternalDriver$LoginCallable.call(Unknown Source)
	at org.apache.derby.jdbc.InternalDriver$LoginCallable.call(Unknown Source)
	at java.base/java.util.concurrent.FutureTask.run(FutureTask.java:317)
	at java.base/java.util.concurrent.ThreadPoolExecutor.runWorker(ThreadPoolExecutor.java:1144)
	at java.base/java.util.concurrent.ThreadPoolExecutor$Worker.run(ThreadPoolExecutor.java:642)
	at java.base/java.lang.Thread.run(Thread.java:1570)
Caused by: org.apache.derby.iapi.error.StandardException: Failed to start database 'D:\code\java\be\washington-wash\nacos\data\derby-data' with class loader org.springframework.boot.loader.LaunchedURLClassLoader@4c98385c, see the next exception for details.
	at org.apache.derby.iapi.error.StandardException.newException(Unknown Source)
	at org.apache.derby.impl.jdbc.SQLExceptionFactory.wrapArgsForTransportAcrossDRDA(Unknown Source)
	... 15 common frames omitted
Caused by: org.apache.derby.iapi.error.StandardException: Another instance of Derby may have already booted the database D:\code\java\be\washington-wash\nacos\data\derby-data.
	at org.apache.derby.iapi.error.StandardException.newException(Unknown Source)
	at org.apache.derby.iapi.error.StandardException.newException(Unknown Source)
	at org.apache.derby.impl.store.raw.data.BaseDataFileFactory.privGetJBMSLockOnDB(Unknown Source)
	at org.apache.derby.impl.store.raw.data.BaseDataFileFactory.run(Unknown Source)
	at java.base/java.security.AccessController.doPrivileged(AccessController.java:571)
	at org.apache.derby.impl.store.raw.data.BaseDataFileFactory.getJBMSLockOnDB(Unknown Source)
	at org.apache.derby.impl.store.raw.data.BaseDataFileFactory.boot(Unknown Source)
	at org.apache.derby.impl.services.monitor.BaseMonitor.boot(Unknown Source)
	at org.apache.derby.impl.services.monitor.TopService.bootModule(Unknown Source)
	at org.apache.derby.impl.services.monitor.BaseMonitor.startModule(Unknown Source)
	at org.apache.derby.impl.services.monitor.FileMonitor.startModule(Unknown Source)
	at org.apache.derby.iapi.services.monitor.Monitor.bootServiceModule(Unknown Source)
	at org.apache.derby.impl.store.raw.RawStore$6.run(Unknown Source)
	at java.base/java.security.AccessController.doPrivileged(AccessController.java:571)
	at org.apache.derby.impl.store.raw.RawStore.bootServiceModule(Unknown Source)
	at org.apache.derby.impl.store.raw.RawStore.boot(Unknown Source)
	at org.apache.derby.impl.services.monitor.BaseMonitor.boot(Unknown Source)
	at org.apache.derby.impl.services.monitor.TopService.bootModule(Unknown Source)
	at org.apache.derby.impl.services.monitor.BaseMonitor.startModule(Unknown Source)
	at org.apache.derby.impl.services.monitor.FileMonitor.startModule(Unknown Source)
	at org.apache.derby.iapi.services.monitor.Monitor.bootServiceModule(Unknown Source)
	at org.apache.derby.impl.store.access.RAMAccessManager$5.run(Unknown Source)
	at java.base/java.security.AccessController.doPrivileged(AccessController.java:571)
	at org.apache.derby.impl.store.access.RAMAccessManager.bootServiceModule(Unknown Source)
	at org.apache.derby.impl.store.access.RAMAccessManager.boot(Unknown Source)
	at org.apache.derby.impl.services.monitor.BaseMonitor.boot(Unknown Source)
	at org.apache.derby.impl.services.monitor.TopService.bootModule(Unknown Source)
	at org.apache.derby.impl.services.monitor.BaseMonitor.startModule(Unknown Source)
	at org.apache.derby.impl.services.monitor.FileMonitor.startModule(Unknown Source)
	at org.apache.derby.iapi.services.monitor.Monitor.bootServiceModule(Unknown Source)
	at org.apache.derby.impl.db.BasicDatabase$5.run(Unknown Source)
	at java.base/java.security.AccessController.doPrivileged(AccessController.java:571)
	at org.apache.derby.impl.db.BasicDatabase.bootServiceModule(Unknown Source)
	at org.apache.derby.impl.db.BasicDatabase.bootStore(Unknown Source)
	at org.apache.derby.impl.db.BasicDatabase.boot(Unknown Source)
	at org.apache.derby.impl.services.monitor.BaseMonitor.boot(Unknown Source)
	at org.apache.derby.impl.services.monitor.TopService.bootModule(Unknown Source)
	at org.apache.derby.impl.services.monitor.BaseMonitor.bootService(Unknown Source)
	at org.apache.derby.impl.services.monitor.BaseMonitor.startProviderService(Unknown Source)
	at org.apache.derby.impl.services.monitor.BaseMonitor.findProviderAndStartService(Unknown Source)
	at org.apache.derby.impl.services.monitor.BaseMonitor.startPersistentService(Unknown Source)
	at org.apache.derby.iapi.services.monitor.Monitor.startPersistentService(Unknown Source)
	at org.apache.derby.impl.jdbc.EmbedConnection$4.run(Unknown Source)
	at org.apache.derby.impl.jdbc.EmbedConnection$4.run(Unknown Source)
	at java.base/java.security.AccessController.doPrivileged(AccessController.java:571)
	at org.apache.derby.impl.jdbc.EmbedConnection.startPersistentService(Unknown Source)
	... 12 common frames omitted
2024-04-24 16:00:35,276 INFO use local db service for init

2024-04-24 16:00:35,876 WARN Lexical error at line 4, column 66.  Encountered: <EOF> after : "".

2024-04-24 16:00:35,885 WARN Syntax error: Encountered "*" at line 1, column 1.

2024-04-24 16:00:35,938 WARN Table/View 'CONFIG_INFO' already exists in Schema 'NACOS'.

2024-04-24 16:00:35,995 WARN Table/View 'HIS_CONFIG_INFO' already exists in Schema 'NACOS'.

2024-04-24 16:00:36,022 WARN Table/View 'CONFIG_INFO_BETA' already exists in Schema 'NACOS'.

2024-04-24 16:00:36,031 WARN Table/View 'CONFIG_INFO_TAG' already exists in Schema 'NACOS'.

2024-04-24 16:00:36,045 WARN Table/View 'CONFIG_INFO_AGGR' already exists in Schema 'NACOS'.

2024-04-24 16:00:36,057 WARN Table/View 'APP_LIST' already exists in Schema 'NACOS'.

2024-04-24 16:00:36,066 WARN Table/View 'APP_CONFIGDATA_RELATION_SUBS' already exists in Schema 'NACOS'.

2024-04-24 16:00:36,073 WARN Table/View 'APP_CONFIGDATA_RELATION_PUBS' already exists in Schema 'NACOS'.

2024-04-24 16:00:36,081 WARN Table/View 'CONFIG_TAGS_RELATION' already exists in Schema 'NACOS'.

2024-04-24 16:00:36,094 WARN Table/View 'GROUP_CAPACITY' already exists in Schema 'NACOS'.

2024-04-24 16:00:36,103 WARN Table/View 'TENANT_CAPACITY' already exists in Schema 'NACOS'.

2024-04-24 16:00:36,112 WARN Table/View 'TENANT_INFO' already exists in Schema 'NACOS'.

2024-04-24 16:00:36,124 WARN Table/View 'USERS' already exists in Schema 'NACOS'.

2024-04-24 16:00:36,133 WARN Table/View 'ROLES' already exists in Schema 'NACOS'.

2024-04-24 16:00:36,141 WARN Table/View 'PERMISSIONS' already exists in Schema 'NACOS'.

2024-04-24 16:00:36,233 WARN The statement was aborted because it would have caused a duplicate key value in a unique or primary key constraint or unique index identified by 'SQL240423170820740' defined on 'USERS'.

2024-04-24 16:00:36,244 WARN The statement was aborted because it would have caused a duplicate key value in a unique or primary key constraint or unique index identified by 'UK_USERNAME_ROLE' defined on 'ROLES'.

2024-04-24 16:00:36,245 WARN Lexical error at line 4, column 13.  Encountered: "`" (96), after : "".

2024-04-24 16:00:36,245 WARN Lexical error at line 1, column 13.  Encountered: "`" (96), after : "".

2024-04-24 16:00:36,246 WARN Lexical error at line 1, column 13.  Encountered: "`" (96), after : "".

2024-04-24 16:00:36,246 WARN Lexical error at line 1, column 13.  Encountered: "`" (96), after : "".

2024-04-24 16:00:36,246 INFO use StandaloneDatabaseOperateImpl

2024-04-24 17:10:40,649 INFO use local db service for init

2024-04-24 17:10:40,948 WARN Lexical error at line 4, column 66.  Encountered: <EOF> after : "".

2024-04-24 17:10:40,951 WARN Syntax error: Encountered "*" at line 1, column 1.

2024-04-24 17:10:40,978 WARN Table/View 'CONFIG_INFO' already exists in Schema 'NACOS'.

2024-04-24 17:10:41,009 WARN Table/View 'HIS_CONFIG_INFO' already exists in Schema 'NACOS'.

2024-04-24 17:10:41,022 WARN Table/View 'CONFIG_INFO_BETA' already exists in Schema 'NACOS'.

2024-04-24 17:10:41,029 WARN Table/View 'CONFIG_INFO_TAG' already exists in Schema 'NACOS'.

2024-04-24 17:10:41,036 WARN Table/View 'CONFIG_INFO_AGGR' already exists in Schema 'NACOS'.

2024-04-24 17:10:41,042 WARN Table/View 'APP_LIST' already exists in Schema 'NACOS'.

2024-04-24 17:10:41,047 WARN Table/View 'APP_CONFIGDATA_RELATION_SUBS' already exists in Schema 'NACOS'.

2024-04-24 17:10:41,052 WARN Table/View 'APP_CONFIGDATA_RELATION_PUBS' already exists in Schema 'NACOS'.

2024-04-24 17:10:41,057 WARN Table/View 'CONFIG_TAGS_RELATION' already exists in Schema 'NACOS'.

2024-04-24 17:10:41,064 WARN Table/View 'GROUP_CAPACITY' already exists in Schema 'NACOS'.

2024-04-24 17:10:41,069 WARN Table/View 'TENANT_CAPACITY' already exists in Schema 'NACOS'.

2024-04-24 17:10:41,074 WARN Table/View 'TENANT_INFO' already exists in Schema 'NACOS'.

2024-04-24 17:10:41,081 WARN Table/View 'USERS' already exists in Schema 'NACOS'.

2024-04-24 17:10:41,087 WARN Table/View 'ROLES' already exists in Schema 'NACOS'.

2024-04-24 17:10:41,092 WARN Table/View 'PERMISSIONS' already exists in Schema 'NACOS'.

2024-04-24 17:10:41,124 WARN The statement was aborted because it would have caused a duplicate key value in a unique or primary key constraint or unique index identified by 'SQL240423170820740' defined on 'USERS'.

2024-04-24 17:10:41,129 WARN The statement was aborted because it would have caused a duplicate key value in a unique or primary key constraint or unique index identified by 'UK_USERNAME_ROLE' defined on 'ROLES'.

2024-04-24 17:10:41,129 WARN Lexical error at line 4, column 13.  Encountered: "`" (96), after : "".

2024-04-24 17:10:41,130 WARN Lexical error at line 1, column 13.  Encountered: "`" (96), after : "".

2024-04-24 17:10:41,130 WARN Lexical error at line 1, column 13.  Encountered: "`" (96), after : "".

2024-04-24 17:10:41,130 WARN Lexical error at line 1, column 13.  Encountered: "`" (96), after : "".

2024-04-24 17:10:41,130 INFO use StandaloneDatabaseOperateImpl

2024-04-24 17:35:32,994 INFO use local db service for init

2024-04-24 17:35:34,077 ERROR Failed to start database 'D:\code\java\be\washington-wash\nacos\data\derby-data' with class loader org.springframework.boot.loader.LaunchedURLClassLoader@4c98385c, see the next exception for details.

java.sql.SQLException: Failed to start database 'D:\code\java\be\washington-wash\nacos\data\derby-data' with class loader org.springframework.boot.loader.LaunchedURLClassLoader@4c98385c, see the next exception for details.
	at org.apache.derby.impl.jdbc.SQLExceptionFactory.getSQLException(Unknown Source)
	at org.apache.derby.impl.jdbc.SQLExceptionFactory.getSQLException(Unknown Source)
	at org.apache.derby.impl.jdbc.Util.seeNextException(Unknown Source)
	at org.apache.derby.impl.jdbc.EmbedConnection.bootDatabase(Unknown Source)
	at org.apache.derby.impl.jdbc.EmbedConnection.<init>(Unknown Source)
	at org.apache.derby.jdbc.InternalDriver$1.run(Unknown Source)
	at org.apache.derby.jdbc.InternalDriver$1.run(Unknown Source)
	at java.base/java.security.AccessController.doPrivileged(AccessController.java:571)
	at org.apache.derby.jdbc.InternalDriver.getNewEmbedConnection(Unknown Source)
	at org.apache.derby.jdbc.InternalDriver$LoginCallable.call(Unknown Source)
	at org.apache.derby.jdbc.InternalDriver$LoginCallable.call(Unknown Source)
	at java.base/java.util.concurrent.FutureTask.run(FutureTask.java:317)
	at java.base/java.util.concurrent.ThreadPoolExecutor.runWorker(ThreadPoolExecutor.java:1144)
	at java.base/java.util.concurrent.ThreadPoolExecutor$Worker.run(ThreadPoolExecutor.java:642)
	at java.base/java.lang.Thread.run(Thread.java:1570)
Caused by: org.apache.derby.iapi.error.StandardException: Failed to start database 'D:\code\java\be\washington-wash\nacos\data\derby-data' with class loader org.springframework.boot.loader.LaunchedURLClassLoader@4c98385c, see the next exception for details.
	at org.apache.derby.iapi.error.StandardException.newException(Unknown Source)
	at org.apache.derby.impl.jdbc.SQLExceptionFactory.wrapArgsForTransportAcrossDRDA(Unknown Source)
	... 15 common frames omitted
Caused by: org.apache.derby.iapi.error.StandardException: Another instance of Derby may have already booted the database D:\code\java\be\washington-wash\nacos\data\derby-data.
	at org.apache.derby.iapi.error.StandardException.newException(Unknown Source)
	at org.apache.derby.iapi.error.StandardException.newException(Unknown Source)
	at org.apache.derby.impl.store.raw.data.BaseDataFileFactory.privGetJBMSLockOnDB(Unknown Source)
	at org.apache.derby.impl.store.raw.data.BaseDataFileFactory.run(Unknown Source)
	at java.base/java.security.AccessController.doPrivileged(AccessController.java:571)
	at org.apache.derby.impl.store.raw.data.BaseDataFileFactory.getJBMSLockOnDB(Unknown Source)
	at org.apache.derby.impl.store.raw.data.BaseDataFileFactory.boot(Unknown Source)
	at org.apache.derby.impl.services.monitor.BaseMonitor.boot(Unknown Source)
	at org.apache.derby.impl.services.monitor.TopService.bootModule(Unknown Source)
	at org.apache.derby.impl.services.monitor.BaseMonitor.startModule(Unknown Source)
	at org.apache.derby.impl.services.monitor.FileMonitor.startModule(Unknown Source)
	at org.apache.derby.iapi.services.monitor.Monitor.bootServiceModule(Unknown Source)
	at org.apache.derby.impl.store.raw.RawStore$6.run(Unknown Source)
	at java.base/java.security.AccessController.doPrivileged(AccessController.java:571)
	at org.apache.derby.impl.store.raw.RawStore.bootServiceModule(Unknown Source)
	at org.apache.derby.impl.store.raw.RawStore.boot(Unknown Source)
	at org.apache.derby.impl.services.monitor.BaseMonitor.boot(Unknown Source)
	at org.apache.derby.impl.services.monitor.TopService.bootModule(Unknown Source)
	at org.apache.derby.impl.services.monitor.BaseMonitor.startModule(Unknown Source)
	at org.apache.derby.impl.services.monitor.FileMonitor.startModule(Unknown Source)
	at org.apache.derby.iapi.services.monitor.Monitor.bootServiceModule(Unknown Source)
	at org.apache.derby.impl.store.access.RAMAccessManager$5.run(Unknown Source)
	at java.base/java.security.AccessController.doPrivileged(AccessController.java:571)
	at org.apache.derby.impl.store.access.RAMAccessManager.bootServiceModule(Unknown Source)
	at org.apache.derby.impl.store.access.RAMAccessManager.boot(Unknown Source)
	at org.apache.derby.impl.services.monitor.BaseMonitor.boot(Unknown Source)
	at org.apache.derby.impl.services.monitor.TopService.bootModule(Unknown Source)
	at org.apache.derby.impl.services.monitor.BaseMonitor.startModule(Unknown Source)
	at org.apache.derby.impl.services.monitor.FileMonitor.startModule(Unknown Source)
	at org.apache.derby.iapi.services.monitor.Monitor.bootServiceModule(Unknown Source)
	at org.apache.derby.impl.db.BasicDatabase$5.run(Unknown Source)
	at java.base/java.security.AccessController.doPrivileged(AccessController.java:571)
	at org.apache.derby.impl.db.BasicDatabase.bootServiceModule(Unknown Source)
	at org.apache.derby.impl.db.BasicDatabase.bootStore(Unknown Source)
	at org.apache.derby.impl.db.BasicDatabase.boot(Unknown Source)
	at org.apache.derby.impl.services.monitor.BaseMonitor.boot(Unknown Source)
	at org.apache.derby.impl.services.monitor.TopService.bootModule(Unknown Source)
	at org.apache.derby.impl.services.monitor.BaseMonitor.bootService(Unknown Source)
	at org.apache.derby.impl.services.monitor.BaseMonitor.startProviderService(Unknown Source)
	at org.apache.derby.impl.services.monitor.BaseMonitor.findProviderAndStartService(Unknown Source)
	at org.apache.derby.impl.services.monitor.BaseMonitor.startPersistentService(Unknown Source)
	at org.apache.derby.iapi.services.monitor.Monitor.startPersistentService(Unknown Source)
	at org.apache.derby.impl.jdbc.EmbedConnection$4.run(Unknown Source)
	at org.apache.derby.impl.jdbc.EmbedConnection$4.run(Unknown Source)
	at java.base/java.security.AccessController.doPrivileged(AccessController.java:571)
	at org.apache.derby.impl.jdbc.EmbedConnection.startPersistentService(Unknown Source)
	... 12 common frames omitted
2024-04-24 17:43:05,144 INFO use local db service for init

2024-04-24 17:43:05,451 WARN Lexical error at line 4, column 66.  Encountered: <EOF> after : "".

2024-04-24 17:43:05,455 WARN Syntax error: Encountered "*" at line 1, column 1.

2024-04-24 17:43:05,495 WARN Table/View 'CONFIG_INFO' already exists in Schema 'NACOS'.

2024-04-24 17:43:05,531 WARN Table/View 'HIS_CONFIG_INFO' already exists in Schema 'NACOS'.

2024-04-24 17:43:05,547 WARN Table/View 'CONFIG_INFO_BETA' already exists in Schema 'NACOS'.

2024-04-24 17:43:05,553 WARN Table/View 'CONFIG_INFO_TAG' already exists in Schema 'NACOS'.

2024-04-24 17:43:05,559 WARN Table/View 'CONFIG_INFO_AGGR' already exists in Schema 'NACOS'.

2024-04-24 17:43:05,567 WARN Table/View 'APP_LIST' already exists in Schema 'NACOS'.

2024-04-24 17:43:05,573 WARN Table/View 'APP_CONFIGDATA_RELATION_SUBS' already exists in Schema 'NACOS'.

2024-04-24 17:43:05,581 WARN Table/View 'APP_CONFIGDATA_RELATION_PUBS' already exists in Schema 'NACOS'.

2024-04-24 17:43:05,587 WARN Table/View 'CONFIG_TAGS_RELATION' already exists in Schema 'NACOS'.

2024-04-24 17:43:05,596 WARN Table/View 'GROUP_CAPACITY' already exists in Schema 'NACOS'.

2024-04-24 17:43:05,601 WARN Table/View 'TENANT_CAPACITY' already exists in Schema 'NACOS'.

2024-04-24 17:43:05,607 WARN Table/View 'TENANT_INFO' already exists in Schema 'NACOS'.

2024-04-24 17:43:05,614 WARN Table/View 'USERS' already exists in Schema 'NACOS'.

2024-04-24 17:43:05,620 WARN Table/View 'ROLES' already exists in Schema 'NACOS'.

2024-04-24 17:43:05,624 WARN Table/View 'PERMISSIONS' already exists in Schema 'NACOS'.

2024-04-24 17:43:05,657 WARN The statement was aborted because it would have caused a duplicate key value in a unique or primary key constraint or unique index identified by 'SQL240423170820740' defined on 'USERS'.

2024-04-24 17:43:05,661 WARN The statement was aborted because it would have caused a duplicate key value in a unique or primary key constraint or unique index identified by 'UK_USERNAME_ROLE' defined on 'ROLES'.

2024-04-24 17:43:05,662 WARN Lexical error at line 4, column 13.  Encountered: "`" (96), after : "".

2024-04-24 17:43:05,662 WARN Lexical error at line 1, column 13.  Encountered: "`" (96), after : "".

2024-04-24 17:43:05,662 WARN Lexical error at line 1, column 13.  Encountered: "`" (96), after : "".

2024-04-24 17:43:05,662 WARN Lexical error at line 1, column 13.  Encountered: "`" (96), after : "".

2024-04-24 17:43:05,662 INFO use StandaloneDatabaseOperateImpl

2024-04-24 18:06:13,670 INFO use local db service for init

2024-04-24 18:06:13,975 WARN Lexical error at line 4, column 66.  Encountered: <EOF> after : "".

2024-04-24 18:06:13,979 WARN Syntax error: Encountered "*" at line 1, column 1.

2024-04-24 18:06:14,006 WARN Table/View 'CONFIG_INFO' already exists in Schema 'NACOS'.

2024-04-24 18:06:14,035 WARN Table/View 'HIS_CONFIG_INFO' already exists in Schema 'NACOS'.

2024-04-24 18:06:14,048 WARN Table/View 'CONFIG_INFO_BETA' already exists in Schema 'NACOS'.

2024-04-24 18:06:14,053 WARN Table/View 'CONFIG_INFO_TAG' already exists in Schema 'NACOS'.

2024-04-24 18:06:14,058 WARN Table/View 'CONFIG_INFO_AGGR' already exists in Schema 'NACOS'.

2024-04-24 18:06:14,064 WARN Table/View 'APP_LIST' already exists in Schema 'NACOS'.

2024-04-24 18:06:14,068 WARN Table/View 'APP_CONFIGDATA_RELATION_SUBS' already exists in Schema 'NACOS'.

2024-04-24 18:06:14,073 WARN Table/View 'APP_CONFIGDATA_RELATION_PUBS' already exists in Schema 'NACOS'.

2024-04-24 18:06:14,077 WARN Table/View 'CONFIG_TAGS_RELATION' already exists in Schema 'NACOS'.

2024-04-24 18:06:14,084 WARN Table/View 'GROUP_CAPACITY' already exists in Schema 'NACOS'.

2024-04-24 18:06:14,089 WARN Table/View 'TENANT_CAPACITY' already exists in Schema 'NACOS'.

2024-04-24 18:06:14,094 WARN Table/View 'TENANT_INFO' already exists in Schema 'NACOS'.

2024-04-24 18:06:14,101 WARN Table/View 'USERS' already exists in Schema 'NACOS'.

2024-04-24 18:06:14,106 WARN Table/View 'ROLES' already exists in Schema 'NACOS'.

2024-04-24 18:06:14,110 WARN Table/View 'PERMISSIONS' already exists in Schema 'NACOS'.

2024-04-24 18:06:14,143 WARN The statement was aborted because it would have caused a duplicate key value in a unique or primary key constraint or unique index identified by 'SQL240423170820740' defined on 'USERS'.

2024-04-24 18:06:14,146 WARN The statement was aborted because it would have caused a duplicate key value in a unique or primary key constraint or unique index identified by 'UK_USERNAME_ROLE' defined on 'ROLES'.

2024-04-24 18:06:14,147 WARN Lexical error at line 4, column 13.  Encountered: "`" (96), after : "".

2024-04-24 18:06:14,147 WARN Lexical error at line 1, column 13.  Encountered: "`" (96), after : "".

2024-04-24 18:06:14,147 WARN Lexical error at line 1, column 13.  Encountered: "`" (96), after : "".

2024-04-24 18:06:14,147 WARN Lexical error at line 1, column 13.  Encountered: "`" (96), after : "".

2024-04-24 18:06:14,147 INFO use StandaloneDatabaseOperateImpl

2024-04-24 18:15:57,801 INFO use local db service for init

2024-04-24 18:15:58,885 ERROR Failed to start database 'D:\code\java\be\washington-wash\nacos\data\derby-data' with class loader org.springframework.boot.loader.LaunchedURLClassLoader@4c98385c, see the next exception for details.

java.sql.SQLException: Failed to start database 'D:\code\java\be\washington-wash\nacos\data\derby-data' with class loader org.springframework.boot.loader.LaunchedURLClassLoader@4c98385c, see the next exception for details.
	at org.apache.derby.impl.jdbc.SQLExceptionFactory.getSQLException(Unknown Source)
	at org.apache.derby.impl.jdbc.SQLExceptionFactory.getSQLException(Unknown Source)
	at org.apache.derby.impl.jdbc.Util.seeNextException(Unknown Source)
	at org.apache.derby.impl.jdbc.EmbedConnection.bootDatabase(Unknown Source)
	at org.apache.derby.impl.jdbc.EmbedConnection.<init>(Unknown Source)
	at org.apache.derby.jdbc.InternalDriver$1.run(Unknown Source)
	at org.apache.derby.jdbc.InternalDriver$1.run(Unknown Source)
	at java.base/java.security.AccessController.doPrivileged(AccessController.java:571)
	at org.apache.derby.jdbc.InternalDriver.getNewEmbedConnection(Unknown Source)
	at org.apache.derby.jdbc.InternalDriver$LoginCallable.call(Unknown Source)
	at org.apache.derby.jdbc.InternalDriver$LoginCallable.call(Unknown Source)
	at java.base/java.util.concurrent.FutureTask.run(FutureTask.java:317)
	at java.base/java.util.concurrent.ThreadPoolExecutor.runWorker(ThreadPoolExecutor.java:1144)
	at java.base/java.util.concurrent.ThreadPoolExecutor$Worker.run(ThreadPoolExecutor.java:642)
	at java.base/java.lang.Thread.run(Thread.java:1570)
Caused by: org.apache.derby.iapi.error.StandardException: Failed to start database 'D:\code\java\be\washington-wash\nacos\data\derby-data' with class loader org.springframework.boot.loader.LaunchedURLClassLoader@4c98385c, see the next exception for details.
	at org.apache.derby.iapi.error.StandardException.newException(Unknown Source)
	at org.apache.derby.impl.jdbc.SQLExceptionFactory.wrapArgsForTransportAcrossDRDA(Unknown Source)
	... 15 common frames omitted
Caused by: org.apache.derby.iapi.error.StandardException: Another instance of Derby may have already booted the database D:\code\java\be\washington-wash\nacos\data\derby-data.
	at org.apache.derby.iapi.error.StandardException.newException(Unknown Source)
	at org.apache.derby.iapi.error.StandardException.newException(Unknown Source)
	at org.apache.derby.impl.store.raw.data.BaseDataFileFactory.privGetJBMSLockOnDB(Unknown Source)
	at org.apache.derby.impl.store.raw.data.BaseDataFileFactory.run(Unknown Source)
	at java.base/java.security.AccessController.doPrivileged(AccessController.java:571)
	at org.apache.derby.impl.store.raw.data.BaseDataFileFactory.getJBMSLockOnDB(Unknown Source)
	at org.apache.derby.impl.store.raw.data.BaseDataFileFactory.boot(Unknown Source)
	at org.apache.derby.impl.services.monitor.BaseMonitor.boot(Unknown Source)
	at org.apache.derby.impl.services.monitor.TopService.bootModule(Unknown Source)
	at org.apache.derby.impl.services.monitor.BaseMonitor.startModule(Unknown Source)
	at org.apache.derby.impl.services.monitor.FileMonitor.startModule(Unknown Source)
	at org.apache.derby.iapi.services.monitor.Monitor.bootServiceModule(Unknown Source)
	at org.apache.derby.impl.store.raw.RawStore$6.run(Unknown Source)
	at java.base/java.security.AccessController.doPrivileged(AccessController.java:571)
	at org.apache.derby.impl.store.raw.RawStore.bootServiceModule(Unknown Source)
	at org.apache.derby.impl.store.raw.RawStore.boot(Unknown Source)
	at org.apache.derby.impl.services.monitor.BaseMonitor.boot(Unknown Source)
	at org.apache.derby.impl.services.monitor.TopService.bootModule(Unknown Source)
	at org.apache.derby.impl.services.monitor.BaseMonitor.startModule(Unknown Source)
	at org.apache.derby.impl.services.monitor.FileMonitor.startModule(Unknown Source)
	at org.apache.derby.iapi.services.monitor.Monitor.bootServiceModule(Unknown Source)
	at org.apache.derby.impl.store.access.RAMAccessManager$5.run(Unknown Source)
	at java.base/java.security.AccessController.doPrivileged(AccessController.java:571)
	at org.apache.derby.impl.store.access.RAMAccessManager.bootServiceModule(Unknown Source)
	at org.apache.derby.impl.store.access.RAMAccessManager.boot(Unknown Source)
	at org.apache.derby.impl.services.monitor.BaseMonitor.boot(Unknown Source)
	at org.apache.derby.impl.services.monitor.TopService.bootModule(Unknown Source)
	at org.apache.derby.impl.services.monitor.BaseMonitor.startModule(Unknown Source)
	at org.apache.derby.impl.services.monitor.FileMonitor.startModule(Unknown Source)
	at org.apache.derby.iapi.services.monitor.Monitor.bootServiceModule(Unknown Source)
	at org.apache.derby.impl.db.BasicDatabase$5.run(Unknown Source)
	at java.base/java.security.AccessController.doPrivileged(AccessController.java:571)
	at org.apache.derby.impl.db.BasicDatabase.bootServiceModule(Unknown Source)
	at org.apache.derby.impl.db.BasicDatabase.bootStore(Unknown Source)
	at org.apache.derby.impl.db.BasicDatabase.boot(Unknown Source)
	at org.apache.derby.impl.services.monitor.BaseMonitor.boot(Unknown Source)
	at org.apache.derby.impl.services.monitor.TopService.bootModule(Unknown Source)
	at org.apache.derby.impl.services.monitor.BaseMonitor.bootService(Unknown Source)
	at org.apache.derby.impl.services.monitor.BaseMonitor.startProviderService(Unknown Source)
	at org.apache.derby.impl.services.monitor.BaseMonitor.findProviderAndStartService(Unknown Source)
	at org.apache.derby.impl.services.monitor.BaseMonitor.startPersistentService(Unknown Source)
	at org.apache.derby.iapi.services.monitor.Monitor.startPersistentService(Unknown Source)
	at org.apache.derby.impl.jdbc.EmbedConnection$4.run(Unknown Source)
	at org.apache.derby.impl.jdbc.EmbedConnection$4.run(Unknown Source)
	at java.base/java.security.AccessController.doPrivileged(AccessController.java:571)
	at org.apache.derby.impl.jdbc.EmbedConnection.startPersistentService(Unknown Source)
	... 12 common frames omitted
2024-04-24 18:16:01,625 INFO use local db service for init

2024-04-24 18:16:02,707 ERROR Failed to start database 'D:\code\java\be\washington-wash\nacos\data\derby-data' with class loader org.springframework.boot.loader.LaunchedURLClassLoader@4c98385c, see the next exception for details.

java.sql.SQLException: Failed to start database 'D:\code\java\be\washington-wash\nacos\data\derby-data' with class loader org.springframework.boot.loader.LaunchedURLClassLoader@4c98385c, see the next exception for details.
	at org.apache.derby.impl.jdbc.SQLExceptionFactory.getSQLException(Unknown Source)
	at org.apache.derby.impl.jdbc.SQLExceptionFactory.getSQLException(Unknown Source)
	at org.apache.derby.impl.jdbc.Util.seeNextException(Unknown Source)
	at org.apache.derby.impl.jdbc.EmbedConnection.bootDatabase(Unknown Source)
	at org.apache.derby.impl.jdbc.EmbedConnection.<init>(Unknown Source)
	at org.apache.derby.jdbc.InternalDriver$1.run(Unknown Source)
	at org.apache.derby.jdbc.InternalDriver$1.run(Unknown Source)
	at java.base/java.security.AccessController.doPrivileged(AccessController.java:571)
	at org.apache.derby.jdbc.InternalDriver.getNewEmbedConnection(Unknown Source)
	at org.apache.derby.jdbc.InternalDriver$LoginCallable.call(Unknown Source)
	at org.apache.derby.jdbc.InternalDriver$LoginCallable.call(Unknown Source)
	at java.base/java.util.concurrent.FutureTask.run(FutureTask.java:317)
	at java.base/java.util.concurrent.ThreadPoolExecutor.runWorker(ThreadPoolExecutor.java:1144)
	at java.base/java.util.concurrent.ThreadPoolExecutor$Worker.run(ThreadPoolExecutor.java:642)
	at java.base/java.lang.Thread.run(Thread.java:1570)
Caused by: org.apache.derby.iapi.error.StandardException: Failed to start database 'D:\code\java\be\washington-wash\nacos\data\derby-data' with class loader org.springframework.boot.loader.LaunchedURLClassLoader@4c98385c, see the next exception for details.
	at org.apache.derby.iapi.error.StandardException.newException(Unknown Source)
	at org.apache.derby.impl.jdbc.SQLExceptionFactory.wrapArgsForTransportAcrossDRDA(Unknown Source)
	... 15 common frames omitted
Caused by: org.apache.derby.iapi.error.StandardException: Another instance of Derby may have already booted the database D:\code\java\be\washington-wash\nacos\data\derby-data.
	at org.apache.derby.iapi.error.StandardException.newException(Unknown Source)
	at org.apache.derby.iapi.error.StandardException.newException(Unknown Source)
	at org.apache.derby.impl.store.raw.data.BaseDataFileFactory.privGetJBMSLockOnDB(Unknown Source)
	at org.apache.derby.impl.store.raw.data.BaseDataFileFactory.run(Unknown Source)
	at java.base/java.security.AccessController.doPrivileged(AccessController.java:571)
	at org.apache.derby.impl.store.raw.data.BaseDataFileFactory.getJBMSLockOnDB(Unknown Source)
	at org.apache.derby.impl.store.raw.data.BaseDataFileFactory.boot(Unknown Source)
	at org.apache.derby.impl.services.monitor.BaseMonitor.boot(Unknown Source)
	at org.apache.derby.impl.services.monitor.TopService.bootModule(Unknown Source)
	at org.apache.derby.impl.services.monitor.BaseMonitor.startModule(Unknown Source)
	at org.apache.derby.impl.services.monitor.FileMonitor.startModule(Unknown Source)
	at org.apache.derby.iapi.services.monitor.Monitor.bootServiceModule(Unknown Source)
	at org.apache.derby.impl.store.raw.RawStore$6.run(Unknown Source)
	at java.base/java.security.AccessController.doPrivileged(AccessController.java:571)
	at org.apache.derby.impl.store.raw.RawStore.bootServiceModule(Unknown Source)
	at org.apache.derby.impl.store.raw.RawStore.boot(Unknown Source)
	at org.apache.derby.impl.services.monitor.BaseMonitor.boot(Unknown Source)
	at org.apache.derby.impl.services.monitor.TopService.bootModule(Unknown Source)
	at org.apache.derby.impl.services.monitor.BaseMonitor.startModule(Unknown Source)
	at org.apache.derby.impl.services.monitor.FileMonitor.startModule(Unknown Source)
	at org.apache.derby.iapi.services.monitor.Monitor.bootServiceModule(Unknown Source)
	at org.apache.derby.impl.store.access.RAMAccessManager$5.run(Unknown Source)
	at java.base/java.security.AccessController.doPrivileged(AccessController.java:571)
	at org.apache.derby.impl.store.access.RAMAccessManager.bootServiceModule(Unknown Source)
	at org.apache.derby.impl.store.access.RAMAccessManager.boot(Unknown Source)
	at org.apache.derby.impl.services.monitor.BaseMonitor.boot(Unknown Source)
	at org.apache.derby.impl.services.monitor.TopService.bootModule(Unknown Source)
	at org.apache.derby.impl.services.monitor.BaseMonitor.startModule(Unknown Source)
	at org.apache.derby.impl.services.monitor.FileMonitor.startModule(Unknown Source)
	at org.apache.derby.iapi.services.monitor.Monitor.bootServiceModule(Unknown Source)
	at org.apache.derby.impl.db.BasicDatabase$5.run(Unknown Source)
	at java.base/java.security.AccessController.doPrivileged(AccessController.java:571)
	at org.apache.derby.impl.db.BasicDatabase.bootServiceModule(Unknown Source)
	at org.apache.derby.impl.db.BasicDatabase.bootStore(Unknown Source)
	at org.apache.derby.impl.db.BasicDatabase.boot(Unknown Source)
	at org.apache.derby.impl.services.monitor.BaseMonitor.boot(Unknown Source)
	at org.apache.derby.impl.services.monitor.TopService.bootModule(Unknown Source)
	at org.apache.derby.impl.services.monitor.BaseMonitor.bootService(Unknown Source)
	at org.apache.derby.impl.services.monitor.BaseMonitor.startProviderService(Unknown Source)
	at org.apache.derby.impl.services.monitor.BaseMonitor.findProviderAndStartService(Unknown Source)
	at org.apache.derby.impl.services.monitor.BaseMonitor.startPersistentService(Unknown Source)
	at org.apache.derby.iapi.services.monitor.Monitor.startPersistentService(Unknown Source)
	at org.apache.derby.impl.jdbc.EmbedConnection$4.run(Unknown Source)
	at org.apache.derby.impl.jdbc.EmbedConnection$4.run(Unknown Source)
	at java.base/java.security.AccessController.doPrivileged(AccessController.java:571)
	at org.apache.derby.impl.jdbc.EmbedConnection.startPersistentService(Unknown Source)
	... 12 common frames omitted
2024-04-24 18:16:14,145 INFO use local db service for init

2024-04-24 18:16:15,232 ERROR Failed to start database 'D:\code\java\be\washington-wash\nacos\data\derby-data' with class loader org.springframework.boot.loader.LaunchedURLClassLoader@4c98385c, see the next exception for details.

java.sql.SQLException: Failed to start database 'D:\code\java\be\washington-wash\nacos\data\derby-data' with class loader org.springframework.boot.loader.LaunchedURLClassLoader@4c98385c, see the next exception for details.
	at org.apache.derby.impl.jdbc.SQLExceptionFactory.getSQLException(Unknown Source)
	at org.apache.derby.impl.jdbc.SQLExceptionFactory.getSQLException(Unknown Source)
	at org.apache.derby.impl.jdbc.Util.seeNextException(Unknown Source)
	at org.apache.derby.impl.jdbc.EmbedConnection.bootDatabase(Unknown Source)
	at org.apache.derby.impl.jdbc.EmbedConnection.<init>(Unknown Source)
	at org.apache.derby.jdbc.InternalDriver$1.run(Unknown Source)
	at org.apache.derby.jdbc.InternalDriver$1.run(Unknown Source)
	at java.base/java.security.AccessController.doPrivileged(AccessController.java:571)
	at org.apache.derby.jdbc.InternalDriver.getNewEmbedConnection(Unknown Source)
	at org.apache.derby.jdbc.InternalDriver$LoginCallable.call(Unknown Source)
	at org.apache.derby.jdbc.InternalDriver$LoginCallable.call(Unknown Source)
	at java.base/java.util.concurrent.FutureTask.run(FutureTask.java:317)
	at java.base/java.util.concurrent.ThreadPoolExecutor.runWorker(ThreadPoolExecutor.java:1144)
	at java.base/java.util.concurrent.ThreadPoolExecutor$Worker.run(ThreadPoolExecutor.java:642)
	at java.base/java.lang.Thread.run(Thread.java:1570)
Caused by: org.apache.derby.iapi.error.StandardException: Failed to start database 'D:\code\java\be\washington-wash\nacos\data\derby-data' with class loader org.springframework.boot.loader.LaunchedURLClassLoader@4c98385c, see the next exception for details.
	at org.apache.derby.iapi.error.StandardException.newException(Unknown Source)
	at org.apache.derby.impl.jdbc.SQLExceptionFactory.wrapArgsForTransportAcrossDRDA(Unknown Source)
	... 15 common frames omitted
Caused by: org.apache.derby.iapi.error.StandardException: Another instance of Derby may have already booted the database D:\code\java\be\washington-wash\nacos\data\derby-data.
	at org.apache.derby.iapi.error.StandardException.newException(Unknown Source)
	at org.apache.derby.iapi.error.StandardException.newException(Unknown Source)
	at org.apache.derby.impl.store.raw.data.BaseDataFileFactory.privGetJBMSLockOnDB(Unknown Source)
	at org.apache.derby.impl.store.raw.data.BaseDataFileFactory.run(Unknown Source)
	at java.base/java.security.AccessController.doPrivileged(AccessController.java:571)
	at org.apache.derby.impl.store.raw.data.BaseDataFileFactory.getJBMSLockOnDB(Unknown Source)
	at org.apache.derby.impl.store.raw.data.BaseDataFileFactory.boot(Unknown Source)
	at org.apache.derby.impl.services.monitor.BaseMonitor.boot(Unknown Source)
	at org.apache.derby.impl.services.monitor.TopService.bootModule(Unknown Source)
	at org.apache.derby.impl.services.monitor.BaseMonitor.startModule(Unknown Source)
	at org.apache.derby.impl.services.monitor.FileMonitor.startModule(Unknown Source)
	at org.apache.derby.iapi.services.monitor.Monitor.bootServiceModule(Unknown Source)
	at org.apache.derby.impl.store.raw.RawStore$6.run(Unknown Source)
	at java.base/java.security.AccessController.doPrivileged(AccessController.java:571)
	at org.apache.derby.impl.store.raw.RawStore.bootServiceModule(Unknown Source)
	at org.apache.derby.impl.store.raw.RawStore.boot(Unknown Source)
	at org.apache.derby.impl.services.monitor.BaseMonitor.boot(Unknown Source)
	at org.apache.derby.impl.services.monitor.TopService.bootModule(Unknown Source)
	at org.apache.derby.impl.services.monitor.BaseMonitor.startModule(Unknown Source)
	at org.apache.derby.impl.services.monitor.FileMonitor.startModule(Unknown Source)
	at org.apache.derby.iapi.services.monitor.Monitor.bootServiceModule(Unknown Source)
	at org.apache.derby.impl.store.access.RAMAccessManager$5.run(Unknown Source)
	at java.base/java.security.AccessController.doPrivileged(AccessController.java:571)
	at org.apache.derby.impl.store.access.RAMAccessManager.bootServiceModule(Unknown Source)
	at org.apache.derby.impl.store.access.RAMAccessManager.boot(Unknown Source)
	at org.apache.derby.impl.services.monitor.BaseMonitor.boot(Unknown Source)
	at org.apache.derby.impl.services.monitor.TopService.bootModule(Unknown Source)
	at org.apache.derby.impl.services.monitor.BaseMonitor.startModule(Unknown Source)
	at org.apache.derby.impl.services.monitor.FileMonitor.startModule(Unknown Source)
	at org.apache.derby.iapi.services.monitor.Monitor.bootServiceModule(Unknown Source)
	at org.apache.derby.impl.db.BasicDatabase$5.run(Unknown Source)
	at java.base/java.security.AccessController.doPrivileged(AccessController.java:571)
	at org.apache.derby.impl.db.BasicDatabase.bootServiceModule(Unknown Source)
	at org.apache.derby.impl.db.BasicDatabase.bootStore(Unknown Source)
	at org.apache.derby.impl.db.BasicDatabase.boot(Unknown Source)
	at org.apache.derby.impl.services.monitor.BaseMonitor.boot(Unknown Source)
	at org.apache.derby.impl.services.monitor.TopService.bootModule(Unknown Source)
	at org.apache.derby.impl.services.monitor.BaseMonitor.bootService(Unknown Source)
	at org.apache.derby.impl.services.monitor.BaseMonitor.startProviderService(Unknown Source)
	at org.apache.derby.impl.services.monitor.BaseMonitor.findProviderAndStartService(Unknown Source)
	at org.apache.derby.impl.services.monitor.BaseMonitor.startPersistentService(Unknown Source)
	at org.apache.derby.iapi.services.monitor.Monitor.startPersistentService(Unknown Source)
	at org.apache.derby.impl.jdbc.EmbedConnection$4.run(Unknown Source)
	at org.apache.derby.impl.jdbc.EmbedConnection$4.run(Unknown Source)
	at java.base/java.security.AccessController.doPrivileged(AccessController.java:571)
	at org.apache.derby.impl.jdbc.EmbedConnection.startPersistentService(Unknown Source)
	... 12 common frames omitted
2024-04-24 18:16:22,850 INFO use local db service for init

2024-04-24 18:16:23,968 ERROR Failed to start database 'D:\code\java\be\washington-wash\nacos\data\derby-data' with class loader org.springframework.boot.loader.LaunchedURLClassLoader@4c98385c, see the next exception for details.

java.sql.SQLException: Failed to start database 'D:\code\java\be\washington-wash\nacos\data\derby-data' with class loader org.springframework.boot.loader.LaunchedURLClassLoader@4c98385c, see the next exception for details.
	at org.apache.derby.impl.jdbc.SQLExceptionFactory.getSQLException(Unknown Source)
	at org.apache.derby.impl.jdbc.SQLExceptionFactory.getSQLException(Unknown Source)
	at org.apache.derby.impl.jdbc.Util.seeNextException(Unknown Source)
	at org.apache.derby.impl.jdbc.EmbedConnection.bootDatabase(Unknown Source)
	at org.apache.derby.impl.jdbc.EmbedConnection.<init>(Unknown Source)
	at org.apache.derby.jdbc.InternalDriver$1.run(Unknown Source)
	at org.apache.derby.jdbc.InternalDriver$1.run(Unknown Source)
	at java.base/java.security.AccessController.doPrivileged(AccessController.java:571)
	at org.apache.derby.jdbc.InternalDriver.getNewEmbedConnection(Unknown Source)
	at org.apache.derby.jdbc.InternalDriver$LoginCallable.call(Unknown Source)
	at org.apache.derby.jdbc.InternalDriver$LoginCallable.call(Unknown Source)
	at java.base/java.util.concurrent.FutureTask.run(FutureTask.java:317)
	at java.base/java.util.concurrent.ThreadPoolExecutor.runWorker(ThreadPoolExecutor.java:1144)
	at java.base/java.util.concurrent.ThreadPoolExecutor$Worker.run(ThreadPoolExecutor.java:642)
	at java.base/java.lang.Thread.run(Thread.java:1570)
Caused by: org.apache.derby.iapi.error.StandardException: Failed to start database 'D:\code\java\be\washington-wash\nacos\data\derby-data' with class loader org.springframework.boot.loader.LaunchedURLClassLoader@4c98385c, see the next exception for details.
	at org.apache.derby.iapi.error.StandardException.newException(Unknown Source)
	at org.apache.derby.impl.jdbc.SQLExceptionFactory.wrapArgsForTransportAcrossDRDA(Unknown Source)
	... 15 common frames omitted
Caused by: org.apache.derby.iapi.error.StandardException: Another instance of Derby may have already booted the database D:\code\java\be\washington-wash\nacos\data\derby-data.
	at org.apache.derby.iapi.error.StandardException.newException(Unknown Source)
	at org.apache.derby.iapi.error.StandardException.newException(Unknown Source)
	at org.apache.derby.impl.store.raw.data.BaseDataFileFactory.privGetJBMSLockOnDB(Unknown Source)
	at org.apache.derby.impl.store.raw.data.BaseDataFileFactory.run(Unknown Source)
	at java.base/java.security.AccessController.doPrivileged(AccessController.java:571)
	at org.apache.derby.impl.store.raw.data.BaseDataFileFactory.getJBMSLockOnDB(Unknown Source)
	at org.apache.derby.impl.store.raw.data.BaseDataFileFactory.boot(Unknown Source)
	at org.apache.derby.impl.services.monitor.BaseMonitor.boot(Unknown Source)
	at org.apache.derby.impl.services.monitor.TopService.bootModule(Unknown Source)
	at org.apache.derby.impl.services.monitor.BaseMonitor.startModule(Unknown Source)
	at org.apache.derby.impl.services.monitor.FileMonitor.startModule(Unknown Source)
	at org.apache.derby.iapi.services.monitor.Monitor.bootServiceModule(Unknown Source)
	at org.apache.derby.impl.store.raw.RawStore$6.run(Unknown Source)
	at java.base/java.security.AccessController.doPrivileged(AccessController.java:571)
	at org.apache.derby.impl.store.raw.RawStore.bootServiceModule(Unknown Source)
	at org.apache.derby.impl.store.raw.RawStore.boot(Unknown Source)
	at org.apache.derby.impl.services.monitor.BaseMonitor.boot(Unknown Source)
	at org.apache.derby.impl.services.monitor.TopService.bootModule(Unknown Source)
	at org.apache.derby.impl.services.monitor.BaseMonitor.startModule(Unknown Source)
	at org.apache.derby.impl.services.monitor.FileMonitor.startModule(Unknown Source)
	at org.apache.derby.iapi.services.monitor.Monitor.bootServiceModule(Unknown Source)
	at org.apache.derby.impl.store.access.RAMAccessManager$5.run(Unknown Source)
	at java.base/java.security.AccessController.doPrivileged(AccessController.java:571)
	at org.apache.derby.impl.store.access.RAMAccessManager.bootServiceModule(Unknown Source)
	at org.apache.derby.impl.store.access.RAMAccessManager.boot(Unknown Source)
	at org.apache.derby.impl.services.monitor.BaseMonitor.boot(Unknown Source)
	at org.apache.derby.impl.services.monitor.TopService.bootModule(Unknown Source)
	at org.apache.derby.impl.services.monitor.BaseMonitor.startModule(Unknown Source)
	at org.apache.derby.impl.services.monitor.FileMonitor.startModule(Unknown Source)
	at org.apache.derby.iapi.services.monitor.Monitor.bootServiceModule(Unknown Source)
	at org.apache.derby.impl.db.BasicDatabase$5.run(Unknown Source)
	at java.base/java.security.AccessController.doPrivileged(AccessController.java:571)
	at org.apache.derby.impl.db.BasicDatabase.bootServiceModule(Unknown Source)
	at org.apache.derby.impl.db.BasicDatabase.bootStore(Unknown Source)
	at org.apache.derby.impl.db.BasicDatabase.boot(Unknown Source)
	at org.apache.derby.impl.services.monitor.BaseMonitor.boot(Unknown Source)
	at org.apache.derby.impl.services.monitor.TopService.bootModule(Unknown Source)
	at org.apache.derby.impl.services.monitor.BaseMonitor.bootService(Unknown Source)
	at org.apache.derby.impl.services.monitor.BaseMonitor.startProviderService(Unknown Source)
	at org.apache.derby.impl.services.monitor.BaseMonitor.findProviderAndStartService(Unknown Source)
	at org.apache.derby.impl.services.monitor.BaseMonitor.startPersistentService(Unknown Source)
	at org.apache.derby.iapi.services.monitor.Monitor.startPersistentService(Unknown Source)
	at org.apache.derby.impl.jdbc.EmbedConnection$4.run(Unknown Source)
	at org.apache.derby.impl.jdbc.EmbedConnection$4.run(Unknown Source)
	at java.base/java.security.AccessController.doPrivileged(AccessController.java:571)
	at org.apache.derby.impl.jdbc.EmbedConnection.startPersistentService(Unknown Source)
	... 12 common frames omitted
2024-04-24 18:16:37,696 INFO use local db service for init

2024-04-24 18:16:37,994 WARN Lexical error at line 4, column 66.  Encountered: <EOF> after : "".

2024-04-24 18:16:37,998 WARN Syntax error: Encountered "*" at line 1, column 1.

2024-04-24 18:16:38,027 WARN Table/View 'CONFIG_INFO' already exists in Schema 'NACOS'.

2024-04-24 18:16:38,057 WARN Table/View 'HIS_CONFIG_INFO' already exists in Schema 'NACOS'.

2024-04-24 18:16:38,070 WARN Table/View 'CONFIG_INFO_BETA' already exists in Schema 'NACOS'.

2024-04-24 18:16:38,075 WARN Table/View 'CONFIG_INFO_TAG' already exists in Schema 'NACOS'.

2024-04-24 18:16:38,081 WARN Table/View 'CONFIG_INFO_AGGR' already exists in Schema 'NACOS'.

2024-04-24 18:16:38,086 WARN Table/View 'APP_LIST' already exists in Schema 'NACOS'.

2024-04-24 18:16:38,091 WARN Table/View 'APP_CONFIGDATA_RELATION_SUBS' already exists in Schema 'NACOS'.

2024-04-24 18:16:38,095 WARN Table/View 'APP_CONFIGDATA_RELATION_PUBS' already exists in Schema 'NACOS'.

2024-04-24 18:16:38,100 WARN Table/View 'CONFIG_TAGS_RELATION' already exists in Schema 'NACOS'.

2024-04-24 18:16:38,107 WARN Table/View 'GROUP_CAPACITY' already exists in Schema 'NACOS'.

2024-04-24 18:16:38,113 WARN Table/View 'TENANT_CAPACITY' already exists in Schema 'NACOS'.

2024-04-24 18:16:38,119 WARN Table/View 'TENANT_INFO' already exists in Schema 'NACOS'.

2024-04-24 18:16:38,126 WARN Table/View 'USERS' already exists in Schema 'NACOS'.

2024-04-24 18:16:38,129 WARN Table/View 'ROLES' already exists in Schema 'NACOS'.

2024-04-24 18:16:38,134 WARN Table/View 'PERMISSIONS' already exists in Schema 'NACOS'.

2024-04-24 18:16:38,166 WARN The statement was aborted because it would have caused a duplicate key value in a unique or primary key constraint or unique index identified by 'SQL240423170820740' defined on 'USERS'.

2024-04-24 18:16:38,170 WARN The statement was aborted because it would have caused a duplicate key value in a unique or primary key constraint or unique index identified by 'UK_USERNAME_ROLE' defined on 'ROLES'.

2024-04-24 18:16:38,170 WARN Lexical error at line 4, column 13.  Encountered: "`" (96), after : "".

2024-04-24 18:16:38,170 WARN Lexical error at line 1, column 13.  Encountered: "`" (96), after : "".

2024-04-24 18:16:38,171 WARN Lexical error at line 1, column 13.  Encountered: "`" (96), after : "".

2024-04-24 18:16:38,171 WARN Lexical error at line 1, column 13.  Encountered: "`" (96), after : "".

2024-04-24 18:16:38,171 INFO use StandaloneDatabaseOperateImpl

2024-04-25 10:14:07,849 INFO use local db service for init

2024-04-25 10:14:08,962 ERROR Failed to start database 'D:\code\java\be\washington-wash\nacos\data\derby-data' with class loader org.springframework.boot.loader.LaunchedURLClassLoader@4c98385c, see the next exception for details.

java.sql.SQLException: Failed to start database 'D:\code\java\be\washington-wash\nacos\data\derby-data' with class loader org.springframework.boot.loader.LaunchedURLClassLoader@4c98385c, see the next exception for details.
	at org.apache.derby.impl.jdbc.SQLExceptionFactory.getSQLException(Unknown Source)
	at org.apache.derby.impl.jdbc.SQLExceptionFactory.getSQLException(Unknown Source)
	at org.apache.derby.impl.jdbc.Util.seeNextException(Unknown Source)
	at org.apache.derby.impl.jdbc.EmbedConnection.bootDatabase(Unknown Source)
	at org.apache.derby.impl.jdbc.EmbedConnection.<init>(Unknown Source)
	at org.apache.derby.jdbc.InternalDriver$1.run(Unknown Source)
	at org.apache.derby.jdbc.InternalDriver$1.run(Unknown Source)
	at java.base/java.security.AccessController.doPrivileged(AccessController.java:571)
	at org.apache.derby.jdbc.InternalDriver.getNewEmbedConnection(Unknown Source)
	at org.apache.derby.jdbc.InternalDriver$LoginCallable.call(Unknown Source)
	at org.apache.derby.jdbc.InternalDriver$LoginCallable.call(Unknown Source)
	at java.base/java.util.concurrent.FutureTask.run(FutureTask.java:317)
	at java.base/java.util.concurrent.ThreadPoolExecutor.runWorker(ThreadPoolExecutor.java:1144)
	at java.base/java.util.concurrent.ThreadPoolExecutor$Worker.run(ThreadPoolExecutor.java:642)
	at java.base/java.lang.Thread.run(Thread.java:1570)
Caused by: org.apache.derby.iapi.error.StandardException: Failed to start database 'D:\code\java\be\washington-wash\nacos\data\derby-data' with class loader org.springframework.boot.loader.LaunchedURLClassLoader@4c98385c, see the next exception for details.
	at org.apache.derby.iapi.error.StandardException.newException(Unknown Source)
	at org.apache.derby.impl.jdbc.SQLExceptionFactory.wrapArgsForTransportAcrossDRDA(Unknown Source)
	... 15 common frames omitted
Caused by: org.apache.derby.iapi.error.StandardException: Another instance of Derby may have already booted the database D:\code\java\be\washington-wash\nacos\data\derby-data.
	at org.apache.derby.iapi.error.StandardException.newException(Unknown Source)
	at org.apache.derby.iapi.error.StandardException.newException(Unknown Source)
	at org.apache.derby.impl.store.raw.data.BaseDataFileFactory.privGetJBMSLockOnDB(Unknown Source)
	at org.apache.derby.impl.store.raw.data.BaseDataFileFactory.run(Unknown Source)
	at java.base/java.security.AccessController.doPrivileged(AccessController.java:571)
	at org.apache.derby.impl.store.raw.data.BaseDataFileFactory.getJBMSLockOnDB(Unknown Source)
	at org.apache.derby.impl.store.raw.data.BaseDataFileFactory.boot(Unknown Source)
	at org.apache.derby.impl.services.monitor.BaseMonitor.boot(Unknown Source)
	at org.apache.derby.impl.services.monitor.TopService.bootModule(Unknown Source)
	at org.apache.derby.impl.services.monitor.BaseMonitor.startModule(Unknown Source)
	at org.apache.derby.impl.services.monitor.FileMonitor.startModule(Unknown Source)
	at org.apache.derby.iapi.services.monitor.Monitor.bootServiceModule(Unknown Source)
	at org.apache.derby.impl.store.raw.RawStore$6.run(Unknown Source)
	at java.base/java.security.AccessController.doPrivileged(AccessController.java:571)
	at org.apache.derby.impl.store.raw.RawStore.bootServiceModule(Unknown Source)
	at org.apache.derby.impl.store.raw.RawStore.boot(Unknown Source)
	at org.apache.derby.impl.services.monitor.BaseMonitor.boot(Unknown Source)
	at org.apache.derby.impl.services.monitor.TopService.bootModule(Unknown Source)
	at org.apache.derby.impl.services.monitor.BaseMonitor.startModule(Unknown Source)
	at org.apache.derby.impl.services.monitor.FileMonitor.startModule(Unknown Source)
	at org.apache.derby.iapi.services.monitor.Monitor.bootServiceModule(Unknown Source)
	at org.apache.derby.impl.store.access.RAMAccessManager$5.run(Unknown Source)
	at java.base/java.security.AccessController.doPrivileged(AccessController.java:571)
	at org.apache.derby.impl.store.access.RAMAccessManager.bootServiceModule(Unknown Source)
	at org.apache.derby.impl.store.access.RAMAccessManager.boot(Unknown Source)
	at org.apache.derby.impl.services.monitor.BaseMonitor.boot(Unknown Source)
	at org.apache.derby.impl.services.monitor.TopService.bootModule(Unknown Source)
	at org.apache.derby.impl.services.monitor.BaseMonitor.startModule(Unknown Source)
	at org.apache.derby.impl.services.monitor.FileMonitor.startModule(Unknown Source)
	at org.apache.derby.iapi.services.monitor.Monitor.bootServiceModule(Unknown Source)
	at org.apache.derby.impl.db.BasicDatabase$5.run(Unknown Source)
	at java.base/java.security.AccessController.doPrivileged(AccessController.java:571)
	at org.apache.derby.impl.db.BasicDatabase.bootServiceModule(Unknown Source)
	at org.apache.derby.impl.db.BasicDatabase.bootStore(Unknown Source)
	at org.apache.derby.impl.db.BasicDatabase.boot(Unknown Source)
	at org.apache.derby.impl.services.monitor.BaseMonitor.boot(Unknown Source)
	at org.apache.derby.impl.services.monitor.TopService.bootModule(Unknown Source)
	at org.apache.derby.impl.services.monitor.BaseMonitor.bootService(Unknown Source)
	at org.apache.derby.impl.services.monitor.BaseMonitor.startProviderService(Unknown Source)
	at org.apache.derby.impl.services.monitor.BaseMonitor.findProviderAndStartService(Unknown Source)
	at org.apache.derby.impl.services.monitor.BaseMonitor.startPersistentService(Unknown Source)
	at org.apache.derby.iapi.services.monitor.Monitor.startPersistentService(Unknown Source)
	at org.apache.derby.impl.jdbc.EmbedConnection$4.run(Unknown Source)
	at org.apache.derby.impl.jdbc.EmbedConnection$4.run(Unknown Source)
	at java.base/java.security.AccessController.doPrivileged(AccessController.java:571)
	at org.apache.derby.impl.jdbc.EmbedConnection.startPersistentService(Unknown Source)
	... 12 common frames omitted
2024-04-25 10:14:35,361 INFO use local db service for init

2024-04-25 10:14:36,473 ERROR Failed to start database 'D:\code\java\be\washington-wash\nacos\data\derby-data' with class loader org.springframework.boot.loader.LaunchedURLClassLoader@4c98385c, see the next exception for details.

java.sql.SQLException: Failed to start database 'D:\code\java\be\washington-wash\nacos\data\derby-data' with class loader org.springframework.boot.loader.LaunchedURLClassLoader@4c98385c, see the next exception for details.
	at org.apache.derby.impl.jdbc.SQLExceptionFactory.getSQLException(Unknown Source)
	at org.apache.derby.impl.jdbc.SQLExceptionFactory.getSQLException(Unknown Source)
	at org.apache.derby.impl.jdbc.Util.seeNextException(Unknown Source)
	at org.apache.derby.impl.jdbc.EmbedConnection.bootDatabase(Unknown Source)
	at org.apache.derby.impl.jdbc.EmbedConnection.<init>(Unknown Source)
	at org.apache.derby.jdbc.InternalDriver$1.run(Unknown Source)
	at org.apache.derby.jdbc.InternalDriver$1.run(Unknown Source)
	at java.base/java.security.AccessController.doPrivileged(AccessController.java:571)
	at org.apache.derby.jdbc.InternalDriver.getNewEmbedConnection(Unknown Source)
	at org.apache.derby.jdbc.InternalDriver$LoginCallable.call(Unknown Source)
	at org.apache.derby.jdbc.InternalDriver$LoginCallable.call(Unknown Source)
	at java.base/java.util.concurrent.FutureTask.run(FutureTask.java:317)
	at java.base/java.util.concurrent.ThreadPoolExecutor.runWorker(ThreadPoolExecutor.java:1144)
	at java.base/java.util.concurrent.ThreadPoolExecutor$Worker.run(ThreadPoolExecutor.java:642)
	at java.base/java.lang.Thread.run(Thread.java:1570)
Caused by: org.apache.derby.iapi.error.StandardException: Failed to start database 'D:\code\java\be\washington-wash\nacos\data\derby-data' with class loader org.springframework.boot.loader.LaunchedURLClassLoader@4c98385c, see the next exception for details.
	at org.apache.derby.iapi.error.StandardException.newException(Unknown Source)
	at org.apache.derby.impl.jdbc.SQLExceptionFactory.wrapArgsForTransportAcrossDRDA(Unknown Source)
	... 15 common frames omitted
Caused by: org.apache.derby.iapi.error.StandardException: Another instance of Derby may have already booted the database D:\code\java\be\washington-wash\nacos\data\derby-data.
	at org.apache.derby.iapi.error.StandardException.newException(Unknown Source)
	at org.apache.derby.iapi.error.StandardException.newException(Unknown Source)
	at org.apache.derby.impl.store.raw.data.BaseDataFileFactory.privGetJBMSLockOnDB(Unknown Source)
	at org.apache.derby.impl.store.raw.data.BaseDataFileFactory.run(Unknown Source)
	at java.base/java.security.AccessController.doPrivileged(AccessController.java:571)
	at org.apache.derby.impl.store.raw.data.BaseDataFileFactory.getJBMSLockOnDB(Unknown Source)
	at org.apache.derby.impl.store.raw.data.BaseDataFileFactory.boot(Unknown Source)
	at org.apache.derby.impl.services.monitor.BaseMonitor.boot(Unknown Source)
	at org.apache.derby.impl.services.monitor.TopService.bootModule(Unknown Source)
	at org.apache.derby.impl.services.monitor.BaseMonitor.startModule(Unknown Source)
	at org.apache.derby.impl.services.monitor.FileMonitor.startModule(Unknown Source)
	at org.apache.derby.iapi.services.monitor.Monitor.bootServiceModule(Unknown Source)
	at org.apache.derby.impl.store.raw.RawStore$6.run(Unknown Source)
	at java.base/java.security.AccessController.doPrivileged(AccessController.java:571)
	at org.apache.derby.impl.store.raw.RawStore.bootServiceModule(Unknown Source)
	at org.apache.derby.impl.store.raw.RawStore.boot(Unknown Source)
	at org.apache.derby.impl.services.monitor.BaseMonitor.boot(Unknown Source)
	at org.apache.derby.impl.services.monitor.TopService.bootModule(Unknown Source)
	at org.apache.derby.impl.services.monitor.BaseMonitor.startModule(Unknown Source)
	at org.apache.derby.impl.services.monitor.FileMonitor.startModule(Unknown Source)
	at org.apache.derby.iapi.services.monitor.Monitor.bootServiceModule(Unknown Source)
	at org.apache.derby.impl.store.access.RAMAccessManager$5.run(Unknown Source)
	at java.base/java.security.AccessController.doPrivileged(AccessController.java:571)
	at org.apache.derby.impl.store.access.RAMAccessManager.bootServiceModule(Unknown Source)
	at org.apache.derby.impl.store.access.RAMAccessManager.boot(Unknown Source)
	at org.apache.derby.impl.services.monitor.BaseMonitor.boot(Unknown Source)
	at org.apache.derby.impl.services.monitor.TopService.bootModule(Unknown Source)
	at org.apache.derby.impl.services.monitor.BaseMonitor.startModule(Unknown Source)
	at org.apache.derby.impl.services.monitor.FileMonitor.startModule(Unknown Source)
	at org.apache.derby.iapi.services.monitor.Monitor.bootServiceModule(Unknown Source)
	at org.apache.derby.impl.db.BasicDatabase$5.run(Unknown Source)
	at java.base/java.security.AccessController.doPrivileged(AccessController.java:571)
	at org.apache.derby.impl.db.BasicDatabase.bootServiceModule(Unknown Source)
	at org.apache.derby.impl.db.BasicDatabase.bootStore(Unknown Source)
	at org.apache.derby.impl.db.BasicDatabase.boot(Unknown Source)
	at org.apache.derby.impl.services.monitor.BaseMonitor.boot(Unknown Source)
	at org.apache.derby.impl.services.monitor.TopService.bootModule(Unknown Source)
	at org.apache.derby.impl.services.monitor.BaseMonitor.bootService(Unknown Source)
	at org.apache.derby.impl.services.monitor.BaseMonitor.startProviderService(Unknown Source)
	at org.apache.derby.impl.services.monitor.BaseMonitor.findProviderAndStartService(Unknown Source)
	at org.apache.derby.impl.services.monitor.BaseMonitor.startPersistentService(Unknown Source)
	at org.apache.derby.iapi.services.monitor.Monitor.startPersistentService(Unknown Source)
	at org.apache.derby.impl.jdbc.EmbedConnection$4.run(Unknown Source)
	at org.apache.derby.impl.jdbc.EmbedConnection$4.run(Unknown Source)
	at java.base/java.security.AccessController.doPrivileged(AccessController.java:571)
	at org.apache.derby.impl.jdbc.EmbedConnection.startPersistentService(Unknown Source)
	... 12 common frames omitted
2024-04-25 10:16:07,877 INFO use local db service for init

2024-04-25 10:16:08,988 ERROR Failed to start database 'D:\code\java\be\washington-wash\nacos\data\derby-data' with class loader org.springframework.boot.loader.LaunchedURLClassLoader@4c98385c, see the next exception for details.

java.sql.SQLException: Failed to start database 'D:\code\java\be\washington-wash\nacos\data\derby-data' with class loader org.springframework.boot.loader.LaunchedURLClassLoader@4c98385c, see the next exception for details.
	at org.apache.derby.impl.jdbc.SQLExceptionFactory.getSQLException(Unknown Source)
	at org.apache.derby.impl.jdbc.SQLExceptionFactory.getSQLException(Unknown Source)
	at org.apache.derby.impl.jdbc.Util.seeNextException(Unknown Source)
	at org.apache.derby.impl.jdbc.EmbedConnection.bootDatabase(Unknown Source)
	at org.apache.derby.impl.jdbc.EmbedConnection.<init>(Unknown Source)
	at org.apache.derby.jdbc.InternalDriver$1.run(Unknown Source)
	at org.apache.derby.jdbc.InternalDriver$1.run(Unknown Source)
	at java.base/java.security.AccessController.doPrivileged(AccessController.java:571)
	at org.apache.derby.jdbc.InternalDriver.getNewEmbedConnection(Unknown Source)
	at org.apache.derby.jdbc.InternalDriver$LoginCallable.call(Unknown Source)
	at org.apache.derby.jdbc.InternalDriver$LoginCallable.call(Unknown Source)
	at java.base/java.util.concurrent.FutureTask.run(FutureTask.java:317)
	at java.base/java.util.concurrent.ThreadPoolExecutor.runWorker(ThreadPoolExecutor.java:1144)
	at java.base/java.util.concurrent.ThreadPoolExecutor$Worker.run(ThreadPoolExecutor.java:642)
	at java.base/java.lang.Thread.run(Thread.java:1570)
Caused by: org.apache.derby.iapi.error.StandardException: Failed to start database 'D:\code\java\be\washington-wash\nacos\data\derby-data' with class loader org.springframework.boot.loader.LaunchedURLClassLoader@4c98385c, see the next exception for details.
	at org.apache.derby.iapi.error.StandardException.newException(Unknown Source)
	at org.apache.derby.impl.jdbc.SQLExceptionFactory.wrapArgsForTransportAcrossDRDA(Unknown Source)
	... 15 common frames omitted
Caused by: org.apache.derby.iapi.error.StandardException: Another instance of Derby may have already booted the database D:\code\java\be\washington-wash\nacos\data\derby-data.
	at org.apache.derby.iapi.error.StandardException.newException(Unknown Source)
	at org.apache.derby.iapi.error.StandardException.newException(Unknown Source)
	at org.apache.derby.impl.store.raw.data.BaseDataFileFactory.privGetJBMSLockOnDB(Unknown Source)
	at org.apache.derby.impl.store.raw.data.BaseDataFileFactory.run(Unknown Source)
	at java.base/java.security.AccessController.doPrivileged(AccessController.java:571)
	at org.apache.derby.impl.store.raw.data.BaseDataFileFactory.getJBMSLockOnDB(Unknown Source)
	at org.apache.derby.impl.store.raw.data.BaseDataFileFactory.boot(Unknown Source)
	at org.apache.derby.impl.services.monitor.BaseMonitor.boot(Unknown Source)
	at org.apache.derby.impl.services.monitor.TopService.bootModule(Unknown Source)
	at org.apache.derby.impl.services.monitor.BaseMonitor.startModule(Unknown Source)
	at org.apache.derby.impl.services.monitor.FileMonitor.startModule(Unknown Source)
	at org.apache.derby.iapi.services.monitor.Monitor.bootServiceModule(Unknown Source)
	at org.apache.derby.impl.store.raw.RawStore$6.run(Unknown Source)
	at java.base/java.security.AccessController.doPrivileged(AccessController.java:571)
	at org.apache.derby.impl.store.raw.RawStore.bootServiceModule(Unknown Source)
	at org.apache.derby.impl.store.raw.RawStore.boot(Unknown Source)
	at org.apache.derby.impl.services.monitor.BaseMonitor.boot(Unknown Source)
	at org.apache.derby.impl.services.monitor.TopService.bootModule(Unknown Source)
	at org.apache.derby.impl.services.monitor.BaseMonitor.startModule(Unknown Source)
	at org.apache.derby.impl.services.monitor.FileMonitor.startModule(Unknown Source)
	at org.apache.derby.iapi.services.monitor.Monitor.bootServiceModule(Unknown Source)
	at org.apache.derby.impl.store.access.RAMAccessManager$5.run(Unknown Source)
	at java.base/java.security.AccessController.doPrivileged(AccessController.java:571)
	at org.apache.derby.impl.store.access.RAMAccessManager.bootServiceModule(Unknown Source)
	at org.apache.derby.impl.store.access.RAMAccessManager.boot(Unknown Source)
	at org.apache.derby.impl.services.monitor.BaseMonitor.boot(Unknown Source)
	at org.apache.derby.impl.services.monitor.TopService.bootModule(Unknown Source)
	at org.apache.derby.impl.services.monitor.BaseMonitor.startModule(Unknown Source)
	at org.apache.derby.impl.services.monitor.FileMonitor.startModule(Unknown Source)
	at org.apache.derby.iapi.services.monitor.Monitor.bootServiceModule(Unknown Source)
	at org.apache.derby.impl.db.BasicDatabase$5.run(Unknown Source)
	at java.base/java.security.AccessController.doPrivileged(AccessController.java:571)
	at org.apache.derby.impl.db.BasicDatabase.bootServiceModule(Unknown Source)
	at org.apache.derby.impl.db.BasicDatabase.bootStore(Unknown Source)
	at org.apache.derby.impl.db.BasicDatabase.boot(Unknown Source)
	at org.apache.derby.impl.services.monitor.BaseMonitor.boot(Unknown Source)
	at org.apache.derby.impl.services.monitor.TopService.bootModule(Unknown Source)
	at org.apache.derby.impl.services.monitor.BaseMonitor.bootService(Unknown Source)
	at org.apache.derby.impl.services.monitor.BaseMonitor.startProviderService(Unknown Source)
	at org.apache.derby.impl.services.monitor.BaseMonitor.findProviderAndStartService(Unknown Source)
	at org.apache.derby.impl.services.monitor.BaseMonitor.startPersistentService(Unknown Source)
	at org.apache.derby.iapi.services.monitor.Monitor.startPersistentService(Unknown Source)
	at org.apache.derby.impl.jdbc.EmbedConnection$4.run(Unknown Source)
	at org.apache.derby.impl.jdbc.EmbedConnection$4.run(Unknown Source)
	at java.base/java.security.AccessController.doPrivileged(AccessController.java:571)
	at org.apache.derby.impl.jdbc.EmbedConnection.startPersistentService(Unknown Source)
	... 12 common frames omitted
2024-04-25 10:16:48,679 INFO use local db service for init

2024-04-25 10:16:48,951 WARN Lexical error at line 4, column 66.  Encountered: <EOF> after : "".

2024-04-25 10:16:48,954 WARN Syntax error: Encountered "*" at line 1, column 1.

2024-04-25 10:16:48,984 WARN Table/View 'CONFIG_INFO' already exists in Schema 'NACOS'.

2024-04-25 10:16:49,015 WARN Table/View 'HIS_CONFIG_INFO' already exists in Schema 'NACOS'.

2024-04-25 10:16:49,027 WARN Table/View 'CONFIG_INFO_BETA' already exists in Schema 'NACOS'.

2024-04-25 10:16:49,032 WARN Table/View 'CONFIG_INFO_TAG' already exists in Schema 'NACOS'.

2024-04-25 10:16:49,037 WARN Table/View 'CONFIG_INFO_AGGR' already exists in Schema 'NACOS'.

2024-04-25 10:16:49,044 WARN Table/View 'APP_LIST' already exists in Schema 'NACOS'.

2024-04-25 10:16:49,048 WARN Table/View 'APP_CONFIGDATA_RELATION_SUBS' already exists in Schema 'NACOS'.

2024-04-25 10:16:49,052 WARN Table/View 'APP_CONFIGDATA_RELATION_PUBS' already exists in Schema 'NACOS'.

2024-04-25 10:16:49,057 WARN Table/View 'CONFIG_TAGS_RELATION' already exists in Schema 'NACOS'.

2024-04-25 10:16:49,065 WARN Table/View 'GROUP_CAPACITY' already exists in Schema 'NACOS'.

2024-04-25 10:16:49,070 WARN Table/View 'TENANT_CAPACITY' already exists in Schema 'NACOS'.

2024-04-25 10:16:49,075 WARN Table/View 'TENANT_INFO' already exists in Schema 'NACOS'.

2024-04-25 10:16:49,082 WARN Table/View 'USERS' already exists in Schema 'NACOS'.

2024-04-25 10:16:49,086 WARN Table/View 'ROLES' already exists in Schema 'NACOS'.

2024-04-25 10:16:49,091 WARN Table/View 'PERMISSIONS' already exists in Schema 'NACOS'.

2024-04-25 10:16:49,124 WARN The statement was aborted because it would have caused a duplicate key value in a unique or primary key constraint or unique index identified by 'SQL240423170820740' defined on 'USERS'.

2024-04-25 10:16:49,128 WARN The statement was aborted because it would have caused a duplicate key value in a unique or primary key constraint or unique index identified by 'UK_USERNAME_ROLE' defined on 'ROLES'.

2024-04-25 10:16:49,128 WARN Lexical error at line 4, column 13.  Encountered: "`" (96), after : "".

2024-04-25 10:16:49,128 WARN Lexical error at line 1, column 13.  Encountered: "`" (96), after : "".

2024-04-25 10:16:49,129 WARN Lexical error at line 1, column 13.  Encountered: "`" (96), after : "".

2024-04-25 10:16:49,129 WARN Lexical error at line 1, column 13.  Encountered: "`" (96), after : "".

2024-04-25 10:16:49,129 INFO use StandaloneDatabaseOperateImpl

