2024-04-25 10:17:18,319 INFO Connection transportReady,connectionId = 1714011438319_127.0.0.1_55865 

2024-04-25 10:17:18,729 INFO Connection transportReady,connectionId = 1714011438729_127.0.0.1_55866 

2024-04-25 10:17:20,834 INFO Connection transportReady,connectionId = 1714011440834_127.0.0.1_55868 

2024-04-25 10:17:21,004 INFO Connection transportReady,connectionId = 1714011441004_127.0.0.1_55869 

2024-04-25 10:20:24,241 INFO Connection transportTerminated,connectionId = 1714011438319_127.0.0.1_55865 

2024-04-25 10:20:24,241 INFO Connection transportTerminated,connectionId = 1714011438729_127.0.0.1_55866 

2024-04-25 10:20:24,241 INFO Connection transportTerminated,connectionId = 1714011440834_127.0.0.1_55868 

2024-04-25 10:20:24,241 INFO Connection transportTerminated,connectionId = 1714011441004_127.0.0.1_55869 

2024-04-25 10:20:24,242 INFO [1714011438319_127.0.0.1_55865]client disconnected,clear config listen context

2024-04-25 10:20:24,243 INFO [1714011441004_127.0.0.1_55869]client disconnected,clear config listen context

2024-04-25 10:20:24,243 INFO [1714011440834_127.0.0.1_55868]client disconnected,clear config listen context

2024-04-25 10:20:24,243 INFO [1714011438729_127.0.0.1_55866]client disconnected,clear config listen context

2024-04-25 10:20:46,338 INFO Connection transportReady,connectionId = 1714011646338_127.0.0.1_55955 

2024-04-25 10:20:46,673 INFO Connection transportReady,connectionId = 1714011646673_127.0.0.1_55956 

2024-04-25 10:20:48,656 INFO Connection transportReady,connectionId = 1714011648656_127.0.0.1_55958 

2024-04-25 10:20:48,823 INFO Connection transportReady,connectionId = 1714011648823_127.0.0.1_55959 

2024-04-25 10:40:47,110 INFO Connection transportReady,connectionId = 1714012847109_127.0.0.1_57307 

2024-04-25 10:40:47,459 INFO Connection transportReady,connectionId = 1714012847459_127.0.0.1_57308 

2024-04-25 10:40:57,677 INFO Connection transportTerminated,connectionId = 1714012847109_127.0.0.1_57307 

2024-04-25 10:40:57,677 WARN [1714012847109_127.0.0.1_57307] connection  close bi stream exception  : {}

java.lang.IllegalStateException: call already closed
	at com.google.common.base.Preconditions.checkState(Preconditions.java:512)
	at io.grpc.internal.ServerCallImpl.closeInternal(ServerCallImpl.java:212)
	at io.grpc.internal.ServerCallImpl.close(ServerCallImpl.java:207)
	at io.grpc.stub.ServerCalls$ServerCallStreamObserverImpl.onCompleted(ServerCalls.java:395)
	at com.alibaba.nacos.core.remote.grpc.GrpcConnection.closeBiStream(GrpcConnection.java:205)
	at com.alibaba.nacos.core.remote.grpc.GrpcConnection.close(GrpcConnection.java:190)
	at com.alibaba.nacos.core.remote.ConnectionManager.unregister(ConnectionManager.java:158)
	at com.alibaba.nacos.core.remote.grpc.AddressTransportFilter.transportTerminated(AddressTransportFilter.java:77)
	at io.grpc.internal.ServerImpl$ServerTransportListenerImpl.transportTerminated(ServerImpl.java:456)
	at io.grpc.netty.shaded.io.grpc.netty.NettyServerTransport.notifyTerminated(NettyServerTransport.java:207)
	at io.grpc.netty.shaded.io.grpc.netty.NettyServerTransport.access$100(NettyServerTransport.java:51)
	at io.grpc.netty.shaded.io.grpc.netty.NettyServerTransport$1TerminationNotifier.operationComplete(NettyServerTransport.java:141)
	at io.grpc.netty.shaded.io.grpc.netty.NettyServerTransport$1TerminationNotifier.operationComplete(NettyServerTransport.java:134)
	at io.grpc.netty.shaded.io.netty.util.concurrent.DefaultPromise.notifyListener0(DefaultPromise.java:590)
	at io.grpc.netty.shaded.io.netty.util.concurrent.DefaultPromise.notifyListeners0(DefaultPromise.java:583)
	at io.grpc.netty.shaded.io.netty.util.concurrent.DefaultPromise.notifyListenersNow(DefaultPromise.java:559)
	at io.grpc.netty.shaded.io.netty.util.concurrent.DefaultPromise.notifyListeners(DefaultPromise.java:492)
	at io.grpc.netty.shaded.io.netty.util.concurrent.DefaultPromise.setValue0(DefaultPromise.java:636)
	at io.grpc.netty.shaded.io.netty.util.concurrent.DefaultPromise.setSuccess0(DefaultPromise.java:625)
	at io.grpc.netty.shaded.io.netty.util.concurrent.DefaultPromise.trySuccess(DefaultPromise.java:105)
	at io.grpc.netty.shaded.io.netty.channel.DefaultChannelPromise.trySuccess(DefaultChannelPromise.java:84)
	at io.grpc.netty.shaded.io.netty.channel.AbstractChannel$CloseFuture.setClosed(AbstractChannel.java:1164)
	at io.grpc.netty.shaded.io.netty.channel.AbstractChannel$AbstractUnsafe.doClose0(AbstractChannel.java:755)
	at io.grpc.netty.shaded.io.netty.channel.AbstractChannel$AbstractUnsafe.close(AbstractChannel.java:731)
	at io.grpc.netty.shaded.io.netty.channel.AbstractChannel$AbstractUnsafe.close(AbstractChannel.java:620)
	at io.grpc.netty.shaded.io.netty.channel.nio.AbstractNioByteChannel$NioByteUnsafe.closeOnRead(AbstractNioByteChannel.java:105)
	at io.grpc.netty.shaded.io.netty.channel.nio.AbstractNioByteChannel$NioByteUnsafe.read(AbstractNioByteChannel.java:174)
	at io.grpc.netty.shaded.io.netty.channel.nio.NioEventLoop.processSelectedKey(NioEventLoop.java:788)
	at io.grpc.netty.shaded.io.netty.channel.nio.NioEventLoop.processSelectedKeysOptimized(NioEventLoop.java:724)
	at io.grpc.netty.shaded.io.netty.channel.nio.NioEventLoop.processSelectedKeys(NioEventLoop.java:650)
	at io.grpc.netty.shaded.io.netty.channel.nio.NioEventLoop.run(NioEventLoop.java:562)
	at io.grpc.netty.shaded.io.netty.util.concurrent.SingleThreadEventExecutor$4.run(SingleThreadEventExecutor.java:997)
	at io.grpc.netty.shaded.io.netty.util.internal.ThreadExecutorMap$2.run(ThreadExecutorMap.java:74)
	at io.grpc.netty.shaded.io.netty.util.concurrent.FastThreadLocalRunnable.run(FastThreadLocalRunnable.java:30)
	at java.base/java.lang.Thread.run(Thread.java:1570)
2024-04-25 10:40:57,677 INFO [1714012847109_127.0.0.1_57307]client disconnected,clear config listen context

2024-04-25 10:40:58,196 INFO Connection transportTerminated,connectionId = 1714012847459_127.0.0.1_57308 

2024-04-25 10:40:58,197 INFO [1714012847459_127.0.0.1_57308]client disconnected,clear config listen context

2024-04-25 10:41:40,426 INFO Connection transportTerminated,connectionId = 1714011646338_127.0.0.1_55955 

2024-04-25 10:41:40,427 INFO [1714011646338_127.0.0.1_55955]client disconnected,clear config listen context

2024-04-25 10:41:40,427 INFO Connection transportTerminated,connectionId = 1714011646673_127.0.0.1_55956 

2024-04-25 10:41:40,427 INFO [1714011646673_127.0.0.1_55956]client disconnected,clear config listen context

2024-04-25 10:41:40,428 INFO Connection transportTerminated,connectionId = 1714011648656_127.0.0.1_55958 

2024-04-25 10:41:40,428 INFO [1714011648656_127.0.0.1_55958]client disconnected,clear config listen context

2024-04-25 10:41:40,428 INFO Connection transportTerminated,connectionId = 1714011648823_127.0.0.1_55959 

2024-04-25 10:41:40,428 INFO [1714011648823_127.0.0.1_55959]client disconnected,clear config listen context

2024-04-25 10:41:57,169 INFO Connection transportReady,connectionId = 1714012917169_127.0.0.1_57408 

2024-04-25 10:41:57,505 INFO Connection transportReady,connectionId = 1714012917505_127.0.0.1_57410 

2024-04-25 10:42:07,714 INFO Connection transportTerminated,connectionId = 1714012917169_127.0.0.1_57408 

2024-04-25 10:42:07,714 WARN [1714012917169_127.0.0.1_57408] connection  close bi stream exception  : {}

java.lang.IllegalStateException: call already closed
	at com.google.common.base.Preconditions.checkState(Preconditions.java:512)
	at io.grpc.internal.ServerCallImpl.closeInternal(ServerCallImpl.java:212)
	at io.grpc.internal.ServerCallImpl.close(ServerCallImpl.java:207)
	at io.grpc.stub.ServerCalls$ServerCallStreamObserverImpl.onCompleted(ServerCalls.java:395)
	at com.alibaba.nacos.core.remote.grpc.GrpcConnection.closeBiStream(GrpcConnection.java:205)
	at com.alibaba.nacos.core.remote.grpc.GrpcConnection.close(GrpcConnection.java:190)
	at com.alibaba.nacos.core.remote.ConnectionManager.unregister(ConnectionManager.java:158)
	at com.alibaba.nacos.core.remote.grpc.AddressTransportFilter.transportTerminated(AddressTransportFilter.java:77)
	at io.grpc.internal.ServerImpl$ServerTransportListenerImpl.transportTerminated(ServerImpl.java:456)
	at io.grpc.netty.shaded.io.grpc.netty.NettyServerTransport.notifyTerminated(NettyServerTransport.java:207)
	at io.grpc.netty.shaded.io.grpc.netty.NettyServerTransport.access$100(NettyServerTransport.java:51)
	at io.grpc.netty.shaded.io.grpc.netty.NettyServerTransport$1TerminationNotifier.operationComplete(NettyServerTransport.java:141)
	at io.grpc.netty.shaded.io.grpc.netty.NettyServerTransport$1TerminationNotifier.operationComplete(NettyServerTransport.java:134)
	at io.grpc.netty.shaded.io.netty.util.concurrent.DefaultPromise.notifyListener0(DefaultPromise.java:590)
	at io.grpc.netty.shaded.io.netty.util.concurrent.DefaultPromise.notifyListeners0(DefaultPromise.java:583)
	at io.grpc.netty.shaded.io.netty.util.concurrent.DefaultPromise.notifyListenersNow(DefaultPromise.java:559)
	at io.grpc.netty.shaded.io.netty.util.concurrent.DefaultPromise.notifyListeners(DefaultPromise.java:492)
	at io.grpc.netty.shaded.io.netty.util.concurrent.DefaultPromise.setValue0(DefaultPromise.java:636)
	at io.grpc.netty.shaded.io.netty.util.concurrent.DefaultPromise.setSuccess0(DefaultPromise.java:625)
	at io.grpc.netty.shaded.io.netty.util.concurrent.DefaultPromise.trySuccess(DefaultPromise.java:105)
	at io.grpc.netty.shaded.io.netty.channel.DefaultChannelPromise.trySuccess(DefaultChannelPromise.java:84)
	at io.grpc.netty.shaded.io.netty.channel.AbstractChannel$CloseFuture.setClosed(AbstractChannel.java:1164)
	at io.grpc.netty.shaded.io.netty.channel.AbstractChannel$AbstractUnsafe.doClose0(AbstractChannel.java:755)
	at io.grpc.netty.shaded.io.netty.channel.AbstractChannel$AbstractUnsafe.close(AbstractChannel.java:731)
	at io.grpc.netty.shaded.io.netty.channel.AbstractChannel$AbstractUnsafe.close(AbstractChannel.java:620)
	at io.grpc.netty.shaded.io.netty.channel.nio.AbstractNioByteChannel$NioByteUnsafe.closeOnRead(AbstractNioByteChannel.java:105)
	at io.grpc.netty.shaded.io.netty.channel.nio.AbstractNioByteChannel$NioByteUnsafe.read(AbstractNioByteChannel.java:174)
	at io.grpc.netty.shaded.io.netty.channel.nio.NioEventLoop.processSelectedKey(NioEventLoop.java:788)
	at io.grpc.netty.shaded.io.netty.channel.nio.NioEventLoop.processSelectedKeysOptimized(NioEventLoop.java:724)
	at io.grpc.netty.shaded.io.netty.channel.nio.NioEventLoop.processSelectedKeys(NioEventLoop.java:650)
	at io.grpc.netty.shaded.io.netty.channel.nio.NioEventLoop.run(NioEventLoop.java:562)
	at io.grpc.netty.shaded.io.netty.util.concurrent.SingleThreadEventExecutor$4.run(SingleThreadEventExecutor.java:997)
	at io.grpc.netty.shaded.io.netty.util.internal.ThreadExecutorMap$2.run(ThreadExecutorMap.java:74)
	at io.grpc.netty.shaded.io.netty.util.concurrent.FastThreadLocalRunnable.run(FastThreadLocalRunnable.java:30)
	at java.base/java.lang.Thread.run(Thread.java:1570)
2024-04-25 10:42:07,714 INFO [1714012917169_127.0.0.1_57408]client disconnected,clear config listen context

2024-04-25 10:42:08,266 INFO Connection transportTerminated,connectionId = 1714012917505_127.0.0.1_57410 

2024-04-25 10:42:08,267 INFO [1714012917505_127.0.0.1_57410]client disconnected,clear config listen context

2024-04-25 10:43:52,319 INFO Connection transportReady,connectionId = 1714013032319_127.0.0.1_57511 

2024-04-25 10:43:52,653 INFO Connection transportReady,connectionId = 1714013032653_127.0.0.1_57512 

2024-04-25 10:44:02,866 INFO Connection transportTerminated,connectionId = 1714013032319_127.0.0.1_57511 

2024-04-25 10:44:02,866 WARN [1714013032319_127.0.0.1_57511] connection  close bi stream exception  : {}

java.lang.IllegalStateException: call already closed
	at com.google.common.base.Preconditions.checkState(Preconditions.java:512)
	at io.grpc.internal.ServerCallImpl.closeInternal(ServerCallImpl.java:212)
	at io.grpc.internal.ServerCallImpl.close(ServerCallImpl.java:207)
	at io.grpc.stub.ServerCalls$ServerCallStreamObserverImpl.onCompleted(ServerCalls.java:395)
	at com.alibaba.nacos.core.remote.grpc.GrpcConnection.closeBiStream(GrpcConnection.java:205)
	at com.alibaba.nacos.core.remote.grpc.GrpcConnection.close(GrpcConnection.java:190)
	at com.alibaba.nacos.core.remote.ConnectionManager.unregister(ConnectionManager.java:158)
	at com.alibaba.nacos.core.remote.grpc.AddressTransportFilter.transportTerminated(AddressTransportFilter.java:77)
	at io.grpc.internal.ServerImpl$ServerTransportListenerImpl.transportTerminated(ServerImpl.java:456)
	at io.grpc.netty.shaded.io.grpc.netty.NettyServerTransport.notifyTerminated(NettyServerTransport.java:207)
	at io.grpc.netty.shaded.io.grpc.netty.NettyServerTransport.access$100(NettyServerTransport.java:51)
	at io.grpc.netty.shaded.io.grpc.netty.NettyServerTransport$1TerminationNotifier.operationComplete(NettyServerTransport.java:141)
	at io.grpc.netty.shaded.io.grpc.netty.NettyServerTransport$1TerminationNotifier.operationComplete(NettyServerTransport.java:134)
	at io.grpc.netty.shaded.io.netty.util.concurrent.DefaultPromise.notifyListener0(DefaultPromise.java:590)
	at io.grpc.netty.shaded.io.netty.util.concurrent.DefaultPromise.notifyListeners0(DefaultPromise.java:583)
	at io.grpc.netty.shaded.io.netty.util.concurrent.DefaultPromise.notifyListenersNow(DefaultPromise.java:559)
	at io.grpc.netty.shaded.io.netty.util.concurrent.DefaultPromise.notifyListeners(DefaultPromise.java:492)
	at io.grpc.netty.shaded.io.netty.util.concurrent.DefaultPromise.setValue0(DefaultPromise.java:636)
	at io.grpc.netty.shaded.io.netty.util.concurrent.DefaultPromise.setSuccess0(DefaultPromise.java:625)
	at io.grpc.netty.shaded.io.netty.util.concurrent.DefaultPromise.trySuccess(DefaultPromise.java:105)
	at io.grpc.netty.shaded.io.netty.channel.DefaultChannelPromise.trySuccess(DefaultChannelPromise.java:84)
	at io.grpc.netty.shaded.io.netty.channel.AbstractChannel$CloseFuture.setClosed(AbstractChannel.java:1164)
	at io.grpc.netty.shaded.io.netty.channel.AbstractChannel$AbstractUnsafe.doClose0(AbstractChannel.java:755)
	at io.grpc.netty.shaded.io.netty.channel.AbstractChannel$AbstractUnsafe.close(AbstractChannel.java:731)
	at io.grpc.netty.shaded.io.netty.channel.AbstractChannel$AbstractUnsafe.close(AbstractChannel.java:620)
	at io.grpc.netty.shaded.io.netty.channel.nio.AbstractNioByteChannel$NioByteUnsafe.closeOnRead(AbstractNioByteChannel.java:105)
	at io.grpc.netty.shaded.io.netty.channel.nio.AbstractNioByteChannel$NioByteUnsafe.read(AbstractNioByteChannel.java:174)
	at io.grpc.netty.shaded.io.netty.channel.nio.NioEventLoop.processSelectedKey(NioEventLoop.java:788)
	at io.grpc.netty.shaded.io.netty.channel.nio.NioEventLoop.processSelectedKeysOptimized(NioEventLoop.java:724)
	at io.grpc.netty.shaded.io.netty.channel.nio.NioEventLoop.processSelectedKeys(NioEventLoop.java:650)
	at io.grpc.netty.shaded.io.netty.channel.nio.NioEventLoop.run(NioEventLoop.java:562)
	at io.grpc.netty.shaded.io.netty.util.concurrent.SingleThreadEventExecutor$4.run(SingleThreadEventExecutor.java:997)
	at io.grpc.netty.shaded.io.netty.util.internal.ThreadExecutorMap$2.run(ThreadExecutorMap.java:74)
	at io.grpc.netty.shaded.io.netty.util.concurrent.FastThreadLocalRunnable.run(FastThreadLocalRunnable.java:30)
	at java.base/java.lang.Thread.run(Thread.java:1570)
2024-04-25 10:44:02,867 INFO [1714013032319_127.0.0.1_57511]client disconnected,clear config listen context

2024-04-25 10:44:03,386 INFO Connection transportTerminated,connectionId = 1714013032653_127.0.0.1_57512 

2024-04-25 10:44:03,386 INFO [1714013032653_127.0.0.1_57512]client disconnected,clear config listen context

2024-04-25 10:44:56,211 INFO Connection transportReady,connectionId = 1714013096211_127.0.0.1_57555 

2024-04-25 10:44:56,558 INFO Connection transportReady,connectionId = 1714013096558_127.0.0.1_57556 

2024-04-25 10:45:06,752 INFO Connection transportTerminated,connectionId = 1714013096211_127.0.0.1_57555 

2024-04-25 10:45:06,752 WARN [1714013096211_127.0.0.1_57555] connection  close bi stream exception  : {}

java.lang.IllegalStateException: call already closed
	at com.google.common.base.Preconditions.checkState(Preconditions.java:512)
	at io.grpc.internal.ServerCallImpl.closeInternal(ServerCallImpl.java:212)
	at io.grpc.internal.ServerCallImpl.close(ServerCallImpl.java:207)
	at io.grpc.stub.ServerCalls$ServerCallStreamObserverImpl.onCompleted(ServerCalls.java:395)
	at com.alibaba.nacos.core.remote.grpc.GrpcConnection.closeBiStream(GrpcConnection.java:205)
	at com.alibaba.nacos.core.remote.grpc.GrpcConnection.close(GrpcConnection.java:190)
	at com.alibaba.nacos.core.remote.ConnectionManager.unregister(ConnectionManager.java:158)
	at com.alibaba.nacos.core.remote.grpc.AddressTransportFilter.transportTerminated(AddressTransportFilter.java:77)
	at io.grpc.internal.ServerImpl$ServerTransportListenerImpl.transportTerminated(ServerImpl.java:456)
	at io.grpc.netty.shaded.io.grpc.netty.NettyServerTransport.notifyTerminated(NettyServerTransport.java:207)
	at io.grpc.netty.shaded.io.grpc.netty.NettyServerTransport.access$100(NettyServerTransport.java:51)
	at io.grpc.netty.shaded.io.grpc.netty.NettyServerTransport$1TerminationNotifier.operationComplete(NettyServerTransport.java:141)
	at io.grpc.netty.shaded.io.grpc.netty.NettyServerTransport$1TerminationNotifier.operationComplete(NettyServerTransport.java:134)
	at io.grpc.netty.shaded.io.netty.util.concurrent.DefaultPromise.notifyListener0(DefaultPromise.java:590)
	at io.grpc.netty.shaded.io.netty.util.concurrent.DefaultPromise.notifyListeners0(DefaultPromise.java:583)
	at io.grpc.netty.shaded.io.netty.util.concurrent.DefaultPromise.notifyListenersNow(DefaultPromise.java:559)
	at io.grpc.netty.shaded.io.netty.util.concurrent.DefaultPromise.notifyListeners(DefaultPromise.java:492)
	at io.grpc.netty.shaded.io.netty.util.concurrent.DefaultPromise.setValue0(DefaultPromise.java:636)
	at io.grpc.netty.shaded.io.netty.util.concurrent.DefaultPromise.setSuccess0(DefaultPromise.java:625)
	at io.grpc.netty.shaded.io.netty.util.concurrent.DefaultPromise.trySuccess(DefaultPromise.java:105)
	at io.grpc.netty.shaded.io.netty.channel.DefaultChannelPromise.trySuccess(DefaultChannelPromise.java:84)
	at io.grpc.netty.shaded.io.netty.channel.AbstractChannel$CloseFuture.setClosed(AbstractChannel.java:1164)
	at io.grpc.netty.shaded.io.netty.channel.AbstractChannel$AbstractUnsafe.doClose0(AbstractChannel.java:755)
	at io.grpc.netty.shaded.io.netty.channel.AbstractChannel$AbstractUnsafe.close(AbstractChannel.java:731)
	at io.grpc.netty.shaded.io.netty.channel.AbstractChannel$AbstractUnsafe.close(AbstractChannel.java:620)
	at io.grpc.netty.shaded.io.netty.channel.nio.AbstractNioByteChannel$NioByteUnsafe.closeOnRead(AbstractNioByteChannel.java:105)
	at io.grpc.netty.shaded.io.netty.channel.nio.AbstractNioByteChannel$NioByteUnsafe.read(AbstractNioByteChannel.java:174)
	at io.grpc.netty.shaded.io.netty.channel.nio.NioEventLoop.processSelectedKey(NioEventLoop.java:788)
	at io.grpc.netty.shaded.io.netty.channel.nio.NioEventLoop.processSelectedKeysOptimized(NioEventLoop.java:724)
	at io.grpc.netty.shaded.io.netty.channel.nio.NioEventLoop.processSelectedKeys(NioEventLoop.java:650)
	at io.grpc.netty.shaded.io.netty.channel.nio.NioEventLoop.run(NioEventLoop.java:562)
	at io.grpc.netty.shaded.io.netty.util.concurrent.SingleThreadEventExecutor$4.run(SingleThreadEventExecutor.java:997)
	at io.grpc.netty.shaded.io.netty.util.internal.ThreadExecutorMap$2.run(ThreadExecutorMap.java:74)
	at io.grpc.netty.shaded.io.netty.util.concurrent.FastThreadLocalRunnable.run(FastThreadLocalRunnable.java:30)
	at java.base/java.lang.Thread.run(Thread.java:1570)
2024-04-25 10:45:06,752 INFO [1714013096211_127.0.0.1_57555]client disconnected,clear config listen context

2024-04-25 10:45:07,271 INFO Connection transportTerminated,connectionId = 1714013096558_127.0.0.1_57556 

2024-04-25 10:45:07,271 INFO [1714013096558_127.0.0.1_57556]client disconnected,clear config listen context

2024-04-25 10:45:29,775 INFO Connection transportReady,connectionId = 1714013129775_127.0.0.1_57595 

2024-04-25 10:45:30,093 INFO Connection transportReady,connectionId = 1714013130093_127.0.0.1_57596 

2024-04-25 10:45:40,309 INFO Connection transportTerminated,connectionId = 1714013129775_127.0.0.1_57595 

2024-04-25 10:45:40,309 WARN [1714013129775_127.0.0.1_57595] connection  close bi stream exception  : {}

java.lang.IllegalStateException: call already closed
	at com.google.common.base.Preconditions.checkState(Preconditions.java:512)
	at io.grpc.internal.ServerCallImpl.closeInternal(ServerCallImpl.java:212)
	at io.grpc.internal.ServerCallImpl.close(ServerCallImpl.java:207)
	at io.grpc.stub.ServerCalls$ServerCallStreamObserverImpl.onCompleted(ServerCalls.java:395)
	at com.alibaba.nacos.core.remote.grpc.GrpcConnection.closeBiStream(GrpcConnection.java:205)
	at com.alibaba.nacos.core.remote.grpc.GrpcConnection.close(GrpcConnection.java:190)
	at com.alibaba.nacos.core.remote.ConnectionManager.unregister(ConnectionManager.java:158)
	at com.alibaba.nacos.core.remote.grpc.AddressTransportFilter.transportTerminated(AddressTransportFilter.java:77)
	at io.grpc.internal.ServerImpl$ServerTransportListenerImpl.transportTerminated(ServerImpl.java:456)
	at io.grpc.netty.shaded.io.grpc.netty.NettyServerTransport.notifyTerminated(NettyServerTransport.java:207)
	at io.grpc.netty.shaded.io.grpc.netty.NettyServerTransport.access$100(NettyServerTransport.java:51)
	at io.grpc.netty.shaded.io.grpc.netty.NettyServerTransport$1TerminationNotifier.operationComplete(NettyServerTransport.java:141)
	at io.grpc.netty.shaded.io.grpc.netty.NettyServerTransport$1TerminationNotifier.operationComplete(NettyServerTransport.java:134)
	at io.grpc.netty.shaded.io.netty.util.concurrent.DefaultPromise.notifyListener0(DefaultPromise.java:590)
	at io.grpc.netty.shaded.io.netty.util.concurrent.DefaultPromise.notifyListeners0(DefaultPromise.java:583)
	at io.grpc.netty.shaded.io.netty.util.concurrent.DefaultPromise.notifyListenersNow(DefaultPromise.java:559)
	at io.grpc.netty.shaded.io.netty.util.concurrent.DefaultPromise.notifyListeners(DefaultPromise.java:492)
	at io.grpc.netty.shaded.io.netty.util.concurrent.DefaultPromise.setValue0(DefaultPromise.java:636)
	at io.grpc.netty.shaded.io.netty.util.concurrent.DefaultPromise.setSuccess0(DefaultPromise.java:625)
	at io.grpc.netty.shaded.io.netty.util.concurrent.DefaultPromise.trySuccess(DefaultPromise.java:105)
	at io.grpc.netty.shaded.io.netty.channel.DefaultChannelPromise.trySuccess(DefaultChannelPromise.java:84)
	at io.grpc.netty.shaded.io.netty.channel.AbstractChannel$CloseFuture.setClosed(AbstractChannel.java:1164)
	at io.grpc.netty.shaded.io.netty.channel.AbstractChannel$AbstractUnsafe.doClose0(AbstractChannel.java:755)
	at io.grpc.netty.shaded.io.netty.channel.AbstractChannel$AbstractUnsafe.close(AbstractChannel.java:731)
	at io.grpc.netty.shaded.io.netty.channel.AbstractChannel$AbstractUnsafe.close(AbstractChannel.java:620)
	at io.grpc.netty.shaded.io.netty.channel.nio.AbstractNioByteChannel$NioByteUnsafe.closeOnRead(AbstractNioByteChannel.java:105)
	at io.grpc.netty.shaded.io.netty.channel.nio.AbstractNioByteChannel$NioByteUnsafe.read(AbstractNioByteChannel.java:174)
	at io.grpc.netty.shaded.io.netty.channel.nio.NioEventLoop.processSelectedKey(NioEventLoop.java:788)
	at io.grpc.netty.shaded.io.netty.channel.nio.NioEventLoop.processSelectedKeysOptimized(NioEventLoop.java:724)
	at io.grpc.netty.shaded.io.netty.channel.nio.NioEventLoop.processSelectedKeys(NioEventLoop.java:650)
	at io.grpc.netty.shaded.io.netty.channel.nio.NioEventLoop.run(NioEventLoop.java:562)
	at io.grpc.netty.shaded.io.netty.util.concurrent.SingleThreadEventExecutor$4.run(SingleThreadEventExecutor.java:997)
	at io.grpc.netty.shaded.io.netty.util.internal.ThreadExecutorMap$2.run(ThreadExecutorMap.java:74)
	at io.grpc.netty.shaded.io.netty.util.concurrent.FastThreadLocalRunnable.run(FastThreadLocalRunnable.java:30)
	at java.base/java.lang.Thread.run(Thread.java:1570)
2024-04-25 10:45:40,310 INFO [1714013129775_127.0.0.1_57595]client disconnected,clear config listen context

2024-04-25 10:45:40,810 INFO Connection transportTerminated,connectionId = 1714013130093_127.0.0.1_57596 

2024-04-25 10:45:40,810 INFO [1714013130093_127.0.0.1_57596]client disconnected,clear config listen context

2024-04-25 10:49:19,707 INFO Connection transportReady,connectionId = 1714013359707_127.0.0.1_57748 

2024-04-25 10:49:20,041 INFO Connection transportReady,connectionId = 1714013360041_127.0.0.1_57750 

2024-04-25 10:49:30,246 INFO Connection transportTerminated,connectionId = 1714013359707_127.0.0.1_57748 

2024-04-25 10:49:30,246 WARN [1714013359707_127.0.0.1_57748] connection  close bi stream exception  : {}

java.lang.IllegalStateException: call already closed
	at com.google.common.base.Preconditions.checkState(Preconditions.java:512)
	at io.grpc.internal.ServerCallImpl.closeInternal(ServerCallImpl.java:212)
	at io.grpc.internal.ServerCallImpl.close(ServerCallImpl.java:207)
	at io.grpc.stub.ServerCalls$ServerCallStreamObserverImpl.onCompleted(ServerCalls.java:395)
	at com.alibaba.nacos.core.remote.grpc.GrpcConnection.closeBiStream(GrpcConnection.java:205)
	at com.alibaba.nacos.core.remote.grpc.GrpcConnection.close(GrpcConnection.java:190)
	at com.alibaba.nacos.core.remote.ConnectionManager.unregister(ConnectionManager.java:158)
	at com.alibaba.nacos.core.remote.grpc.AddressTransportFilter.transportTerminated(AddressTransportFilter.java:77)
	at io.grpc.internal.ServerImpl$ServerTransportListenerImpl.transportTerminated(ServerImpl.java:456)
	at io.grpc.netty.shaded.io.grpc.netty.NettyServerTransport.notifyTerminated(NettyServerTransport.java:207)
	at io.grpc.netty.shaded.io.grpc.netty.NettyServerTransport.access$100(NettyServerTransport.java:51)
	at io.grpc.netty.shaded.io.grpc.netty.NettyServerTransport$1TerminationNotifier.operationComplete(NettyServerTransport.java:141)
	at io.grpc.netty.shaded.io.grpc.netty.NettyServerTransport$1TerminationNotifier.operationComplete(NettyServerTransport.java:134)
	at io.grpc.netty.shaded.io.netty.util.concurrent.DefaultPromise.notifyListener0(DefaultPromise.java:590)
	at io.grpc.netty.shaded.io.netty.util.concurrent.DefaultPromise.notifyListeners0(DefaultPromise.java:583)
	at io.grpc.netty.shaded.io.netty.util.concurrent.DefaultPromise.notifyListenersNow(DefaultPromise.java:559)
	at io.grpc.netty.shaded.io.netty.util.concurrent.DefaultPromise.notifyListeners(DefaultPromise.java:492)
	at io.grpc.netty.shaded.io.netty.util.concurrent.DefaultPromise.setValue0(DefaultPromise.java:636)
	at io.grpc.netty.shaded.io.netty.util.concurrent.DefaultPromise.setSuccess0(DefaultPromise.java:625)
	at io.grpc.netty.shaded.io.netty.util.concurrent.DefaultPromise.trySuccess(DefaultPromise.java:105)
	at io.grpc.netty.shaded.io.netty.channel.DefaultChannelPromise.trySuccess(DefaultChannelPromise.java:84)
	at io.grpc.netty.shaded.io.netty.channel.AbstractChannel$CloseFuture.setClosed(AbstractChannel.java:1164)
	at io.grpc.netty.shaded.io.netty.channel.AbstractChannel$AbstractUnsafe.doClose0(AbstractChannel.java:755)
	at io.grpc.netty.shaded.io.netty.channel.AbstractChannel$AbstractUnsafe.close(AbstractChannel.java:731)
	at io.grpc.netty.shaded.io.netty.channel.AbstractChannel$AbstractUnsafe.close(AbstractChannel.java:620)
	at io.grpc.netty.shaded.io.netty.channel.nio.AbstractNioByteChannel$NioByteUnsafe.closeOnRead(AbstractNioByteChannel.java:105)
	at io.grpc.netty.shaded.io.netty.channel.nio.AbstractNioByteChannel$NioByteUnsafe.read(AbstractNioByteChannel.java:174)
	at io.grpc.netty.shaded.io.netty.channel.nio.NioEventLoop.processSelectedKey(NioEventLoop.java:788)
	at io.grpc.netty.shaded.io.netty.channel.nio.NioEventLoop.processSelectedKeysOptimized(NioEventLoop.java:724)
	at io.grpc.netty.shaded.io.netty.channel.nio.NioEventLoop.processSelectedKeys(NioEventLoop.java:650)
	at io.grpc.netty.shaded.io.netty.channel.nio.NioEventLoop.run(NioEventLoop.java:562)
	at io.grpc.netty.shaded.io.netty.util.concurrent.SingleThreadEventExecutor$4.run(SingleThreadEventExecutor.java:997)
	at io.grpc.netty.shaded.io.netty.util.internal.ThreadExecutorMap$2.run(ThreadExecutorMap.java:74)
	at io.grpc.netty.shaded.io.netty.util.concurrent.FastThreadLocalRunnable.run(FastThreadLocalRunnable.java:30)
	at java.base/java.lang.Thread.run(Thread.java:1570)
2024-04-25 10:49:30,247 INFO [1714013359707_127.0.0.1_57748]client disconnected,clear config listen context

2024-04-25 10:49:30,767 INFO Connection transportTerminated,connectionId = 1714013360041_127.0.0.1_57750 

2024-04-25 10:49:30,768 INFO [1714013360041_127.0.0.1_57750]client disconnected,clear config listen context

2024-04-25 10:54:26,523 INFO Connection transportReady,connectionId = 1714013666523_127.0.0.1_58076 

2024-04-25 10:54:26,888 INFO Connection transportReady,connectionId = 1714013666888_127.0.0.1_58078 

2024-04-25 10:54:37,097 INFO Connection transportTerminated,connectionId = 1714013666523_127.0.0.1_58076 

2024-04-25 10:54:37,098 WARN [1714013666523_127.0.0.1_58076] connection  close bi stream exception  : {}

java.lang.IllegalStateException: call already closed
	at com.google.common.base.Preconditions.checkState(Preconditions.java:512)
	at io.grpc.internal.ServerCallImpl.closeInternal(ServerCallImpl.java:212)
	at io.grpc.internal.ServerCallImpl.close(ServerCallImpl.java:207)
	at io.grpc.stub.ServerCalls$ServerCallStreamObserverImpl.onCompleted(ServerCalls.java:395)
	at com.alibaba.nacos.core.remote.grpc.GrpcConnection.closeBiStream(GrpcConnection.java:205)
	at com.alibaba.nacos.core.remote.grpc.GrpcConnection.close(GrpcConnection.java:190)
	at com.alibaba.nacos.core.remote.ConnectionManager.unregister(ConnectionManager.java:158)
	at com.alibaba.nacos.core.remote.grpc.AddressTransportFilter.transportTerminated(AddressTransportFilter.java:77)
	at io.grpc.internal.ServerImpl$ServerTransportListenerImpl.transportTerminated(ServerImpl.java:456)
	at io.grpc.netty.shaded.io.grpc.netty.NettyServerTransport.notifyTerminated(NettyServerTransport.java:207)
	at io.grpc.netty.shaded.io.grpc.netty.NettyServerTransport.access$100(NettyServerTransport.java:51)
	at io.grpc.netty.shaded.io.grpc.netty.NettyServerTransport$1TerminationNotifier.operationComplete(NettyServerTransport.java:141)
	at io.grpc.netty.shaded.io.grpc.netty.NettyServerTransport$1TerminationNotifier.operationComplete(NettyServerTransport.java:134)
	at io.grpc.netty.shaded.io.netty.util.concurrent.DefaultPromise.notifyListener0(DefaultPromise.java:590)
	at io.grpc.netty.shaded.io.netty.util.concurrent.DefaultPromise.notifyListeners0(DefaultPromise.java:583)
	at io.grpc.netty.shaded.io.netty.util.concurrent.DefaultPromise.notifyListenersNow(DefaultPromise.java:559)
	at io.grpc.netty.shaded.io.netty.util.concurrent.DefaultPromise.notifyListeners(DefaultPromise.java:492)
	at io.grpc.netty.shaded.io.netty.util.concurrent.DefaultPromise.setValue0(DefaultPromise.java:636)
	at io.grpc.netty.shaded.io.netty.util.concurrent.DefaultPromise.setSuccess0(DefaultPromise.java:625)
	at io.grpc.netty.shaded.io.netty.util.concurrent.DefaultPromise.trySuccess(DefaultPromise.java:105)
	at io.grpc.netty.shaded.io.netty.channel.DefaultChannelPromise.trySuccess(DefaultChannelPromise.java:84)
	at io.grpc.netty.shaded.io.netty.channel.AbstractChannel$CloseFuture.setClosed(AbstractChannel.java:1164)
	at io.grpc.netty.shaded.io.netty.channel.AbstractChannel$AbstractUnsafe.doClose0(AbstractChannel.java:755)
	at io.grpc.netty.shaded.io.netty.channel.AbstractChannel$AbstractUnsafe.close(AbstractChannel.java:731)
	at io.grpc.netty.shaded.io.netty.channel.AbstractChannel$AbstractUnsafe.close(AbstractChannel.java:620)
	at io.grpc.netty.shaded.io.netty.channel.nio.AbstractNioByteChannel$NioByteUnsafe.closeOnRead(AbstractNioByteChannel.java:105)
	at io.grpc.netty.shaded.io.netty.channel.nio.AbstractNioByteChannel$NioByteUnsafe.read(AbstractNioByteChannel.java:174)
	at io.grpc.netty.shaded.io.netty.channel.nio.NioEventLoop.processSelectedKey(NioEventLoop.java:788)
	at io.grpc.netty.shaded.io.netty.channel.nio.NioEventLoop.processSelectedKeysOptimized(NioEventLoop.java:724)
	at io.grpc.netty.shaded.io.netty.channel.nio.NioEventLoop.processSelectedKeys(NioEventLoop.java:650)
	at io.grpc.netty.shaded.io.netty.channel.nio.NioEventLoop.run(NioEventLoop.java:562)
	at io.grpc.netty.shaded.io.netty.util.concurrent.SingleThreadEventExecutor$4.run(SingleThreadEventExecutor.java:997)
	at io.grpc.netty.shaded.io.netty.util.internal.ThreadExecutorMap$2.run(ThreadExecutorMap.java:74)
	at io.grpc.netty.shaded.io.netty.util.concurrent.FastThreadLocalRunnable.run(FastThreadLocalRunnable.java:30)
	at java.base/java.lang.Thread.run(Thread.java:1570)
2024-04-25 10:54:37,098 INFO [1714013666523_127.0.0.1_58076]client disconnected,clear config listen context

2024-04-25 10:54:37,610 INFO Connection transportTerminated,connectionId = 1714013666888_127.0.0.1_58078 

2024-04-25 10:54:37,611 INFO [1714013666888_127.0.0.1_58078]client disconnected,clear config listen context

2024-04-25 10:56:15,776 INFO Connection transportReady,connectionId = 1714013775776_127.0.0.1_58200 

2024-04-25 10:56:16,108 INFO Connection transportReady,connectionId = 1714013776108_127.0.0.1_58201 

2024-04-25 10:56:26,322 INFO Connection transportTerminated,connectionId = 1714013775776_127.0.0.1_58200 

2024-04-25 10:56:26,323 WARN [1714013775776_127.0.0.1_58200] connection  close bi stream exception  : {}

java.lang.IllegalStateException: call already closed
	at com.google.common.base.Preconditions.checkState(Preconditions.java:512)
	at io.grpc.internal.ServerCallImpl.closeInternal(ServerCallImpl.java:212)
	at io.grpc.internal.ServerCallImpl.close(ServerCallImpl.java:207)
	at io.grpc.stub.ServerCalls$ServerCallStreamObserverImpl.onCompleted(ServerCalls.java:395)
	at com.alibaba.nacos.core.remote.grpc.GrpcConnection.closeBiStream(GrpcConnection.java:205)
	at com.alibaba.nacos.core.remote.grpc.GrpcConnection.close(GrpcConnection.java:190)
	at com.alibaba.nacos.core.remote.ConnectionManager.unregister(ConnectionManager.java:158)
	at com.alibaba.nacos.core.remote.grpc.AddressTransportFilter.transportTerminated(AddressTransportFilter.java:77)
	at io.grpc.internal.ServerImpl$ServerTransportListenerImpl.transportTerminated(ServerImpl.java:456)
	at io.grpc.netty.shaded.io.grpc.netty.NettyServerTransport.notifyTerminated(NettyServerTransport.java:207)
	at io.grpc.netty.shaded.io.grpc.netty.NettyServerTransport.access$100(NettyServerTransport.java:51)
	at io.grpc.netty.shaded.io.grpc.netty.NettyServerTransport$1TerminationNotifier.operationComplete(NettyServerTransport.java:141)
	at io.grpc.netty.shaded.io.grpc.netty.NettyServerTransport$1TerminationNotifier.operationComplete(NettyServerTransport.java:134)
	at io.grpc.netty.shaded.io.netty.util.concurrent.DefaultPromise.notifyListener0(DefaultPromise.java:590)
	at io.grpc.netty.shaded.io.netty.util.concurrent.DefaultPromise.notifyListeners0(DefaultPromise.java:583)
	at io.grpc.netty.shaded.io.netty.util.concurrent.DefaultPromise.notifyListenersNow(DefaultPromise.java:559)
	at io.grpc.netty.shaded.io.netty.util.concurrent.DefaultPromise.notifyListeners(DefaultPromise.java:492)
	at io.grpc.netty.shaded.io.netty.util.concurrent.DefaultPromise.setValue0(DefaultPromise.java:636)
	at io.grpc.netty.shaded.io.netty.util.concurrent.DefaultPromise.setSuccess0(DefaultPromise.java:625)
	at io.grpc.netty.shaded.io.netty.util.concurrent.DefaultPromise.trySuccess(DefaultPromise.java:105)
	at io.grpc.netty.shaded.io.netty.channel.DefaultChannelPromise.trySuccess(DefaultChannelPromise.java:84)
	at io.grpc.netty.shaded.io.netty.channel.AbstractChannel$CloseFuture.setClosed(AbstractChannel.java:1164)
	at io.grpc.netty.shaded.io.netty.channel.AbstractChannel$AbstractUnsafe.doClose0(AbstractChannel.java:755)
	at io.grpc.netty.shaded.io.netty.channel.AbstractChannel$AbstractUnsafe.close(AbstractChannel.java:731)
	at io.grpc.netty.shaded.io.netty.channel.AbstractChannel$AbstractUnsafe.close(AbstractChannel.java:620)
	at io.grpc.netty.shaded.io.netty.channel.nio.AbstractNioByteChannel$NioByteUnsafe.closeOnRead(AbstractNioByteChannel.java:105)
	at io.grpc.netty.shaded.io.netty.channel.nio.AbstractNioByteChannel$NioByteUnsafe.read(AbstractNioByteChannel.java:174)
	at io.grpc.netty.shaded.io.netty.channel.nio.NioEventLoop.processSelectedKey(NioEventLoop.java:788)
	at io.grpc.netty.shaded.io.netty.channel.nio.NioEventLoop.processSelectedKeysOptimized(NioEventLoop.java:724)
	at io.grpc.netty.shaded.io.netty.channel.nio.NioEventLoop.processSelectedKeys(NioEventLoop.java:650)
	at io.grpc.netty.shaded.io.netty.channel.nio.NioEventLoop.run(NioEventLoop.java:562)
	at io.grpc.netty.shaded.io.netty.util.concurrent.SingleThreadEventExecutor$4.run(SingleThreadEventExecutor.java:997)
	at io.grpc.netty.shaded.io.netty.util.internal.ThreadExecutorMap$2.run(ThreadExecutorMap.java:74)
	at io.grpc.netty.shaded.io.netty.util.concurrent.FastThreadLocalRunnable.run(FastThreadLocalRunnable.java:30)
	at java.base/java.lang.Thread.run(Thread.java:1570)
2024-04-25 10:56:26,323 INFO [1714013775776_127.0.0.1_58200]client disconnected,clear config listen context

2024-04-25 10:56:26,838 INFO Connection transportTerminated,connectionId = 1714013776108_127.0.0.1_58201 

2024-04-25 10:56:26,838 INFO [1714013776108_127.0.0.1_58201]client disconnected,clear config listen context

2024-04-25 10:57:46,500 INFO Connection transportReady,connectionId = 1714013866500_127.0.0.1_58290 

2024-04-25 10:57:46,836 INFO Connection transportReady,connectionId = 1714013866836_127.0.0.1_58291 

2024-04-25 10:57:57,032 INFO Connection transportTerminated,connectionId = 1714013866500_127.0.0.1_58290 

2024-04-25 10:57:57,033 WARN [1714013866500_127.0.0.1_58290] connection  close bi stream exception  : {}

java.lang.IllegalStateException: call already closed
	at com.google.common.base.Preconditions.checkState(Preconditions.java:512)
	at io.grpc.internal.ServerCallImpl.closeInternal(ServerCallImpl.java:212)
	at io.grpc.internal.ServerCallImpl.close(ServerCallImpl.java:207)
	at io.grpc.stub.ServerCalls$ServerCallStreamObserverImpl.onCompleted(ServerCalls.java:395)
	at com.alibaba.nacos.core.remote.grpc.GrpcConnection.closeBiStream(GrpcConnection.java:205)
	at com.alibaba.nacos.core.remote.grpc.GrpcConnection.close(GrpcConnection.java:190)
	at com.alibaba.nacos.core.remote.ConnectionManager.unregister(ConnectionManager.java:158)
	at com.alibaba.nacos.core.remote.grpc.AddressTransportFilter.transportTerminated(AddressTransportFilter.java:77)
	at io.grpc.internal.ServerImpl$ServerTransportListenerImpl.transportTerminated(ServerImpl.java:456)
	at io.grpc.netty.shaded.io.grpc.netty.NettyServerTransport.notifyTerminated(NettyServerTransport.java:207)
	at io.grpc.netty.shaded.io.grpc.netty.NettyServerTransport.access$100(NettyServerTransport.java:51)
	at io.grpc.netty.shaded.io.grpc.netty.NettyServerTransport$1TerminationNotifier.operationComplete(NettyServerTransport.java:141)
	at io.grpc.netty.shaded.io.grpc.netty.NettyServerTransport$1TerminationNotifier.operationComplete(NettyServerTransport.java:134)
	at io.grpc.netty.shaded.io.netty.util.concurrent.DefaultPromise.notifyListener0(DefaultPromise.java:590)
	at io.grpc.netty.shaded.io.netty.util.concurrent.DefaultPromise.notifyListeners0(DefaultPromise.java:583)
	at io.grpc.netty.shaded.io.netty.util.concurrent.DefaultPromise.notifyListenersNow(DefaultPromise.java:559)
	at io.grpc.netty.shaded.io.netty.util.concurrent.DefaultPromise.notifyListeners(DefaultPromise.java:492)
	at io.grpc.netty.shaded.io.netty.util.concurrent.DefaultPromise.setValue0(DefaultPromise.java:636)
	at io.grpc.netty.shaded.io.netty.util.concurrent.DefaultPromise.setSuccess0(DefaultPromise.java:625)
	at io.grpc.netty.shaded.io.netty.util.concurrent.DefaultPromise.trySuccess(DefaultPromise.java:105)
	at io.grpc.netty.shaded.io.netty.channel.DefaultChannelPromise.trySuccess(DefaultChannelPromise.java:84)
	at io.grpc.netty.shaded.io.netty.channel.AbstractChannel$CloseFuture.setClosed(AbstractChannel.java:1164)
	at io.grpc.netty.shaded.io.netty.channel.AbstractChannel$AbstractUnsafe.doClose0(AbstractChannel.java:755)
	at io.grpc.netty.shaded.io.netty.channel.AbstractChannel$AbstractUnsafe.close(AbstractChannel.java:731)
	at io.grpc.netty.shaded.io.netty.channel.AbstractChannel$AbstractUnsafe.close(AbstractChannel.java:620)
	at io.grpc.netty.shaded.io.netty.channel.nio.AbstractNioByteChannel$NioByteUnsafe.closeOnRead(AbstractNioByteChannel.java:105)
	at io.grpc.netty.shaded.io.netty.channel.nio.AbstractNioByteChannel$NioByteUnsafe.read(AbstractNioByteChannel.java:174)
	at io.grpc.netty.shaded.io.netty.channel.nio.NioEventLoop.processSelectedKey(NioEventLoop.java:788)
	at io.grpc.netty.shaded.io.netty.channel.nio.NioEventLoop.processSelectedKeysOptimized(NioEventLoop.java:724)
	at io.grpc.netty.shaded.io.netty.channel.nio.NioEventLoop.processSelectedKeys(NioEventLoop.java:650)
	at io.grpc.netty.shaded.io.netty.channel.nio.NioEventLoop.run(NioEventLoop.java:562)
	at io.grpc.netty.shaded.io.netty.util.concurrent.SingleThreadEventExecutor$4.run(SingleThreadEventExecutor.java:997)
	at io.grpc.netty.shaded.io.netty.util.internal.ThreadExecutorMap$2.run(ThreadExecutorMap.java:74)
	at io.grpc.netty.shaded.io.netty.util.concurrent.FastThreadLocalRunnable.run(FastThreadLocalRunnable.java:30)
	at java.base/java.lang.Thread.run(Thread.java:1570)
2024-04-25 10:57:57,033 INFO [1714013866500_127.0.0.1_58290]client disconnected,clear config listen context

2024-04-25 10:57:57,547 INFO Connection transportTerminated,connectionId = 1714013866836_127.0.0.1_58291 

2024-04-25 10:57:57,547 INFO [1714013866836_127.0.0.1_58291]client disconnected,clear config listen context

2024-04-25 10:58:18,095 INFO Connection transportReady,connectionId = 1714013898095_127.0.0.1_58322 

2024-04-25 10:58:18,432 INFO Connection transportReady,connectionId = 1714013898432_127.0.0.1_58323 

2024-04-25 10:58:28,640 INFO Connection transportTerminated,connectionId = 1714013898095_127.0.0.1_58322 

2024-04-25 10:58:28,640 WARN [1714013898095_127.0.0.1_58322] connection  close bi stream exception  : {}

java.lang.IllegalStateException: call already closed
	at com.google.common.base.Preconditions.checkState(Preconditions.java:512)
	at io.grpc.internal.ServerCallImpl.closeInternal(ServerCallImpl.java:212)
	at io.grpc.internal.ServerCallImpl.close(ServerCallImpl.java:207)
	at io.grpc.stub.ServerCalls$ServerCallStreamObserverImpl.onCompleted(ServerCalls.java:395)
	at com.alibaba.nacos.core.remote.grpc.GrpcConnection.closeBiStream(GrpcConnection.java:205)
	at com.alibaba.nacos.core.remote.grpc.GrpcConnection.close(GrpcConnection.java:190)
	at com.alibaba.nacos.core.remote.ConnectionManager.unregister(ConnectionManager.java:158)
	at com.alibaba.nacos.core.remote.grpc.AddressTransportFilter.transportTerminated(AddressTransportFilter.java:77)
	at io.grpc.internal.ServerImpl$ServerTransportListenerImpl.transportTerminated(ServerImpl.java:456)
	at io.grpc.netty.shaded.io.grpc.netty.NettyServerTransport.notifyTerminated(NettyServerTransport.java:207)
	at io.grpc.netty.shaded.io.grpc.netty.NettyServerTransport.access$100(NettyServerTransport.java:51)
	at io.grpc.netty.shaded.io.grpc.netty.NettyServerTransport$1TerminationNotifier.operationComplete(NettyServerTransport.java:141)
	at io.grpc.netty.shaded.io.grpc.netty.NettyServerTransport$1TerminationNotifier.operationComplete(NettyServerTransport.java:134)
	at io.grpc.netty.shaded.io.netty.util.concurrent.DefaultPromise.notifyListener0(DefaultPromise.java:590)
	at io.grpc.netty.shaded.io.netty.util.concurrent.DefaultPromise.notifyListeners0(DefaultPromise.java:583)
	at io.grpc.netty.shaded.io.netty.util.concurrent.DefaultPromise.notifyListenersNow(DefaultPromise.java:559)
	at io.grpc.netty.shaded.io.netty.util.concurrent.DefaultPromise.notifyListeners(DefaultPromise.java:492)
	at io.grpc.netty.shaded.io.netty.util.concurrent.DefaultPromise.setValue0(DefaultPromise.java:636)
	at io.grpc.netty.shaded.io.netty.util.concurrent.DefaultPromise.setSuccess0(DefaultPromise.java:625)
	at io.grpc.netty.shaded.io.netty.util.concurrent.DefaultPromise.trySuccess(DefaultPromise.java:105)
	at io.grpc.netty.shaded.io.netty.channel.DefaultChannelPromise.trySuccess(DefaultChannelPromise.java:84)
	at io.grpc.netty.shaded.io.netty.channel.AbstractChannel$CloseFuture.setClosed(AbstractChannel.java:1164)
	at io.grpc.netty.shaded.io.netty.channel.AbstractChannel$AbstractUnsafe.doClose0(AbstractChannel.java:755)
	at io.grpc.netty.shaded.io.netty.channel.AbstractChannel$AbstractUnsafe.close(AbstractChannel.java:731)
	at io.grpc.netty.shaded.io.netty.channel.AbstractChannel$AbstractUnsafe.close(AbstractChannel.java:620)
	at io.grpc.netty.shaded.io.netty.channel.nio.AbstractNioByteChannel$NioByteUnsafe.closeOnRead(AbstractNioByteChannel.java:105)
	at io.grpc.netty.shaded.io.netty.channel.nio.AbstractNioByteChannel$NioByteUnsafe.read(AbstractNioByteChannel.java:174)
	at io.grpc.netty.shaded.io.netty.channel.nio.NioEventLoop.processSelectedKey(NioEventLoop.java:788)
	at io.grpc.netty.shaded.io.netty.channel.nio.NioEventLoop.processSelectedKeysOptimized(NioEventLoop.java:724)
	at io.grpc.netty.shaded.io.netty.channel.nio.NioEventLoop.processSelectedKeys(NioEventLoop.java:650)
	at io.grpc.netty.shaded.io.netty.channel.nio.NioEventLoop.run(NioEventLoop.java:562)
	at io.grpc.netty.shaded.io.netty.util.concurrent.SingleThreadEventExecutor$4.run(SingleThreadEventExecutor.java:997)
	at io.grpc.netty.shaded.io.netty.util.internal.ThreadExecutorMap$2.run(ThreadExecutorMap.java:74)
	at io.grpc.netty.shaded.io.netty.util.concurrent.FastThreadLocalRunnable.run(FastThreadLocalRunnable.java:30)
	at java.base/java.lang.Thread.run(Thread.java:1570)
2024-04-25 10:58:28,640 INFO [1714013898095_127.0.0.1_58322]client disconnected,clear config listen context

2024-04-25 10:58:29,166 INFO Connection transportTerminated,connectionId = 1714013898432_127.0.0.1_58323 

2024-04-25 10:58:29,166 INFO [1714013898432_127.0.0.1_58323]client disconnected,clear config listen context

2024-04-25 10:59:44,093 INFO Connection transportReady,connectionId = 1714013984093_127.0.0.1_58374 

2024-04-25 10:59:44,424 INFO Connection transportReady,connectionId = 1714013984423_127.0.0.1_58375 

2024-04-25 10:59:54,626 INFO Connection transportTerminated,connectionId = 1714013984093_127.0.0.1_58374 

2024-04-25 10:59:54,626 WARN [1714013984093_127.0.0.1_58374] connection  close bi stream exception  : {}

java.lang.IllegalStateException: call already closed
	at com.google.common.base.Preconditions.checkState(Preconditions.java:512)
	at io.grpc.internal.ServerCallImpl.closeInternal(ServerCallImpl.java:212)
	at io.grpc.internal.ServerCallImpl.close(ServerCallImpl.java:207)
	at io.grpc.stub.ServerCalls$ServerCallStreamObserverImpl.onCompleted(ServerCalls.java:395)
	at com.alibaba.nacos.core.remote.grpc.GrpcConnection.closeBiStream(GrpcConnection.java:205)
	at com.alibaba.nacos.core.remote.grpc.GrpcConnection.close(GrpcConnection.java:190)
	at com.alibaba.nacos.core.remote.ConnectionManager.unregister(ConnectionManager.java:158)
	at com.alibaba.nacos.core.remote.grpc.AddressTransportFilter.transportTerminated(AddressTransportFilter.java:77)
	at io.grpc.internal.ServerImpl$ServerTransportListenerImpl.transportTerminated(ServerImpl.java:456)
	at io.grpc.netty.shaded.io.grpc.netty.NettyServerTransport.notifyTerminated(NettyServerTransport.java:207)
	at io.grpc.netty.shaded.io.grpc.netty.NettyServerTransport.access$100(NettyServerTransport.java:51)
	at io.grpc.netty.shaded.io.grpc.netty.NettyServerTransport$1TerminationNotifier.operationComplete(NettyServerTransport.java:141)
	at io.grpc.netty.shaded.io.grpc.netty.NettyServerTransport$1TerminationNotifier.operationComplete(NettyServerTransport.java:134)
	at io.grpc.netty.shaded.io.netty.util.concurrent.DefaultPromise.notifyListener0(DefaultPromise.java:590)
	at io.grpc.netty.shaded.io.netty.util.concurrent.DefaultPromise.notifyListeners0(DefaultPromise.java:583)
	at io.grpc.netty.shaded.io.netty.util.concurrent.DefaultPromise.notifyListenersNow(DefaultPromise.java:559)
	at io.grpc.netty.shaded.io.netty.util.concurrent.DefaultPromise.notifyListeners(DefaultPromise.java:492)
	at io.grpc.netty.shaded.io.netty.util.concurrent.DefaultPromise.setValue0(DefaultPromise.java:636)
	at io.grpc.netty.shaded.io.netty.util.concurrent.DefaultPromise.setSuccess0(DefaultPromise.java:625)
	at io.grpc.netty.shaded.io.netty.util.concurrent.DefaultPromise.trySuccess(DefaultPromise.java:105)
	at io.grpc.netty.shaded.io.netty.channel.DefaultChannelPromise.trySuccess(DefaultChannelPromise.java:84)
	at io.grpc.netty.shaded.io.netty.channel.AbstractChannel$CloseFuture.setClosed(AbstractChannel.java:1164)
	at io.grpc.netty.shaded.io.netty.channel.AbstractChannel$AbstractUnsafe.doClose0(AbstractChannel.java:755)
	at io.grpc.netty.shaded.io.netty.channel.AbstractChannel$AbstractUnsafe.close(AbstractChannel.java:731)
	at io.grpc.netty.shaded.io.netty.channel.AbstractChannel$AbstractUnsafe.close(AbstractChannel.java:620)
	at io.grpc.netty.shaded.io.netty.channel.nio.AbstractNioByteChannel$NioByteUnsafe.closeOnRead(AbstractNioByteChannel.java:105)
	at io.grpc.netty.shaded.io.netty.channel.nio.AbstractNioByteChannel$NioByteUnsafe.read(AbstractNioByteChannel.java:174)
	at io.grpc.netty.shaded.io.netty.channel.nio.NioEventLoop.processSelectedKey(NioEventLoop.java:788)
	at io.grpc.netty.shaded.io.netty.channel.nio.NioEventLoop.processSelectedKeysOptimized(NioEventLoop.java:724)
	at io.grpc.netty.shaded.io.netty.channel.nio.NioEventLoop.processSelectedKeys(NioEventLoop.java:650)
	at io.grpc.netty.shaded.io.netty.channel.nio.NioEventLoop.run(NioEventLoop.java:562)
	at io.grpc.netty.shaded.io.netty.util.concurrent.SingleThreadEventExecutor$4.run(SingleThreadEventExecutor.java:997)
	at io.grpc.netty.shaded.io.netty.util.internal.ThreadExecutorMap$2.run(ThreadExecutorMap.java:74)
	at io.grpc.netty.shaded.io.netty.util.concurrent.FastThreadLocalRunnable.run(FastThreadLocalRunnable.java:30)
	at java.base/java.lang.Thread.run(Thread.java:1570)
2024-04-25 10:59:54,626 INFO [1714013984093_127.0.0.1_58374]client disconnected,clear config listen context

2024-04-25 10:59:55,154 INFO Connection transportTerminated,connectionId = 1714013984423_127.0.0.1_58375 

2024-04-25 10:59:55,154 INFO [1714013984423_127.0.0.1_58375]client disconnected,clear config listen context

2024-04-25 11:00:11,100 INFO Connection transportReady,connectionId = 1714014011100_127.0.0.1_58395 

2024-04-25 11:00:11,446 INFO Connection transportReady,connectionId = 1714014011446_127.0.0.1_58396 

2024-04-25 11:00:21,664 INFO Connection transportTerminated,connectionId = 1714014011100_127.0.0.1_58395 

2024-04-25 11:00:21,664 WARN [1714014011100_127.0.0.1_58395] connection  close bi stream exception  : {}

java.lang.IllegalStateException: call already closed
	at com.google.common.base.Preconditions.checkState(Preconditions.java:512)
	at io.grpc.internal.ServerCallImpl.closeInternal(ServerCallImpl.java:212)
	at io.grpc.internal.ServerCallImpl.close(ServerCallImpl.java:207)
	at io.grpc.stub.ServerCalls$ServerCallStreamObserverImpl.onCompleted(ServerCalls.java:395)
	at com.alibaba.nacos.core.remote.grpc.GrpcConnection.closeBiStream(GrpcConnection.java:205)
	at com.alibaba.nacos.core.remote.grpc.GrpcConnection.close(GrpcConnection.java:190)
	at com.alibaba.nacos.core.remote.ConnectionManager.unregister(ConnectionManager.java:158)
	at com.alibaba.nacos.core.remote.grpc.AddressTransportFilter.transportTerminated(AddressTransportFilter.java:77)
	at io.grpc.internal.ServerImpl$ServerTransportListenerImpl.transportTerminated(ServerImpl.java:456)
	at io.grpc.netty.shaded.io.grpc.netty.NettyServerTransport.notifyTerminated(NettyServerTransport.java:207)
	at io.grpc.netty.shaded.io.grpc.netty.NettyServerTransport.access$100(NettyServerTransport.java:51)
	at io.grpc.netty.shaded.io.grpc.netty.NettyServerTransport$1TerminationNotifier.operationComplete(NettyServerTransport.java:141)
	at io.grpc.netty.shaded.io.grpc.netty.NettyServerTransport$1TerminationNotifier.operationComplete(NettyServerTransport.java:134)
	at io.grpc.netty.shaded.io.netty.util.concurrent.DefaultPromise.notifyListener0(DefaultPromise.java:590)
	at io.grpc.netty.shaded.io.netty.util.concurrent.DefaultPromise.notifyListeners0(DefaultPromise.java:583)
	at io.grpc.netty.shaded.io.netty.util.concurrent.DefaultPromise.notifyListenersNow(DefaultPromise.java:559)
	at io.grpc.netty.shaded.io.netty.util.concurrent.DefaultPromise.notifyListeners(DefaultPromise.java:492)
	at io.grpc.netty.shaded.io.netty.util.concurrent.DefaultPromise.setValue0(DefaultPromise.java:636)
	at io.grpc.netty.shaded.io.netty.util.concurrent.DefaultPromise.setSuccess0(DefaultPromise.java:625)
	at io.grpc.netty.shaded.io.netty.util.concurrent.DefaultPromise.trySuccess(DefaultPromise.java:105)
	at io.grpc.netty.shaded.io.netty.channel.DefaultChannelPromise.trySuccess(DefaultChannelPromise.java:84)
	at io.grpc.netty.shaded.io.netty.channel.AbstractChannel$CloseFuture.setClosed(AbstractChannel.java:1164)
	at io.grpc.netty.shaded.io.netty.channel.AbstractChannel$AbstractUnsafe.doClose0(AbstractChannel.java:755)
	at io.grpc.netty.shaded.io.netty.channel.AbstractChannel$AbstractUnsafe.close(AbstractChannel.java:731)
	at io.grpc.netty.shaded.io.netty.channel.AbstractChannel$AbstractUnsafe.close(AbstractChannel.java:620)
	at io.grpc.netty.shaded.io.netty.channel.nio.AbstractNioByteChannel$NioByteUnsafe.closeOnRead(AbstractNioByteChannel.java:105)
	at io.grpc.netty.shaded.io.netty.channel.nio.AbstractNioByteChannel$NioByteUnsafe.read(AbstractNioByteChannel.java:174)
	at io.grpc.netty.shaded.io.netty.channel.nio.NioEventLoop.processSelectedKey(NioEventLoop.java:788)
	at io.grpc.netty.shaded.io.netty.channel.nio.NioEventLoop.processSelectedKeysOptimized(NioEventLoop.java:724)
	at io.grpc.netty.shaded.io.netty.channel.nio.NioEventLoop.processSelectedKeys(NioEventLoop.java:650)
	at io.grpc.netty.shaded.io.netty.channel.nio.NioEventLoop.run(NioEventLoop.java:562)
	at io.grpc.netty.shaded.io.netty.util.concurrent.SingleThreadEventExecutor$4.run(SingleThreadEventExecutor.java:997)
	at io.grpc.netty.shaded.io.netty.util.internal.ThreadExecutorMap$2.run(ThreadExecutorMap.java:74)
	at io.grpc.netty.shaded.io.netty.util.concurrent.FastThreadLocalRunnable.run(FastThreadLocalRunnable.java:30)
	at java.base/java.lang.Thread.run(Thread.java:1570)
2024-04-25 11:00:21,664 INFO [1714014011100_127.0.0.1_58395]client disconnected,clear config listen context

2024-04-25 11:00:22,177 INFO Connection transportTerminated,connectionId = 1714014011446_127.0.0.1_58396 

2024-04-25 11:00:22,177 INFO [1714014011446_127.0.0.1_58396]client disconnected,clear config listen context

2024-04-25 11:00:51,798 INFO Connection transportReady,connectionId = 1714014051798_127.0.0.1_58480 

2024-04-25 11:00:52,134 INFO Connection transportReady,connectionId = 1714014052134_127.0.0.1_58481 

2024-04-25 11:16:06,953 INFO Connection transportReady,connectionId = 1714014966953_127.0.0.1_59349 

2024-04-25 11:16:07,288 INFO Connection transportReady,connectionId = 1714014967288_127.0.0.1_59350 

2024-04-25 11:16:18,155 INFO Connection transportTerminated,connectionId = 1714014966953_127.0.0.1_59349 

2024-04-25 11:16:18,156 WARN [1714014966953_127.0.0.1_59349] connection  close bi stream exception  : {}

java.lang.IllegalStateException: call already closed
	at com.google.common.base.Preconditions.checkState(Preconditions.java:512)
	at io.grpc.internal.ServerCallImpl.closeInternal(ServerCallImpl.java:212)
	at io.grpc.internal.ServerCallImpl.close(ServerCallImpl.java:207)
	at io.grpc.stub.ServerCalls$ServerCallStreamObserverImpl.onCompleted(ServerCalls.java:395)
	at com.alibaba.nacos.core.remote.grpc.GrpcConnection.closeBiStream(GrpcConnection.java:205)
	at com.alibaba.nacos.core.remote.grpc.GrpcConnection.close(GrpcConnection.java:190)
	at com.alibaba.nacos.core.remote.ConnectionManager.unregister(ConnectionManager.java:158)
	at com.alibaba.nacos.core.remote.grpc.AddressTransportFilter.transportTerminated(AddressTransportFilter.java:77)
	at io.grpc.internal.ServerImpl$ServerTransportListenerImpl.transportTerminated(ServerImpl.java:456)
	at io.grpc.netty.shaded.io.grpc.netty.NettyServerTransport.notifyTerminated(NettyServerTransport.java:207)
	at io.grpc.netty.shaded.io.grpc.netty.NettyServerTransport.access$100(NettyServerTransport.java:51)
	at io.grpc.netty.shaded.io.grpc.netty.NettyServerTransport$1TerminationNotifier.operationComplete(NettyServerTransport.java:141)
	at io.grpc.netty.shaded.io.grpc.netty.NettyServerTransport$1TerminationNotifier.operationComplete(NettyServerTransport.java:134)
	at io.grpc.netty.shaded.io.netty.util.concurrent.DefaultPromise.notifyListener0(DefaultPromise.java:590)
	at io.grpc.netty.shaded.io.netty.util.concurrent.DefaultPromise.notifyListeners0(DefaultPromise.java:583)
	at io.grpc.netty.shaded.io.netty.util.concurrent.DefaultPromise.notifyListenersNow(DefaultPromise.java:559)
	at io.grpc.netty.shaded.io.netty.util.concurrent.DefaultPromise.notifyListeners(DefaultPromise.java:492)
	at io.grpc.netty.shaded.io.netty.util.concurrent.DefaultPromise.setValue0(DefaultPromise.java:636)
	at io.grpc.netty.shaded.io.netty.util.concurrent.DefaultPromise.setSuccess0(DefaultPromise.java:625)
	at io.grpc.netty.shaded.io.netty.util.concurrent.DefaultPromise.trySuccess(DefaultPromise.java:105)
	at io.grpc.netty.shaded.io.netty.channel.DefaultChannelPromise.trySuccess(DefaultChannelPromise.java:84)
	at io.grpc.netty.shaded.io.netty.channel.AbstractChannel$CloseFuture.setClosed(AbstractChannel.java:1164)
	at io.grpc.netty.shaded.io.netty.channel.AbstractChannel$AbstractUnsafe.doClose0(AbstractChannel.java:755)
	at io.grpc.netty.shaded.io.netty.channel.AbstractChannel$AbstractUnsafe.close(AbstractChannel.java:731)
	at io.grpc.netty.shaded.io.netty.channel.AbstractChannel$AbstractUnsafe.close(AbstractChannel.java:620)
	at io.grpc.netty.shaded.io.netty.channel.nio.AbstractNioByteChannel$NioByteUnsafe.closeOnRead(AbstractNioByteChannel.java:105)
	at io.grpc.netty.shaded.io.netty.channel.nio.AbstractNioByteChannel$NioByteUnsafe.read(AbstractNioByteChannel.java:174)
	at io.grpc.netty.shaded.io.netty.channel.nio.NioEventLoop.processSelectedKey(NioEventLoop.java:788)
	at io.grpc.netty.shaded.io.netty.channel.nio.NioEventLoop.processSelectedKeysOptimized(NioEventLoop.java:724)
	at io.grpc.netty.shaded.io.netty.channel.nio.NioEventLoop.processSelectedKeys(NioEventLoop.java:650)
	at io.grpc.netty.shaded.io.netty.channel.nio.NioEventLoop.run(NioEventLoop.java:562)
	at io.grpc.netty.shaded.io.netty.util.concurrent.SingleThreadEventExecutor$4.run(SingleThreadEventExecutor.java:997)
	at io.grpc.netty.shaded.io.netty.util.internal.ThreadExecutorMap$2.run(ThreadExecutorMap.java:74)
	at io.grpc.netty.shaded.io.netty.util.concurrent.FastThreadLocalRunnable.run(FastThreadLocalRunnable.java:30)
	at java.base/java.lang.Thread.run(Thread.java:1570)
2024-04-25 11:16:18,156 INFO [1714014966953_127.0.0.1_59349]client disconnected,clear config listen context

2024-04-25 11:16:18,681 INFO Connection transportTerminated,connectionId = 1714014967288_127.0.0.1_59350 

2024-04-25 11:16:18,681 INFO [1714014967288_127.0.0.1_59350]client disconnected,clear config listen context

2024-04-25 11:16:42,137 INFO Connection transportTerminated,connectionId = 1714014051798_127.0.0.1_58480 

2024-04-25 11:16:42,137 INFO Connection transportTerminated,connectionId = 1714014052134_127.0.0.1_58481 

2024-04-25 11:16:42,137 INFO [1714014051798_127.0.0.1_58480]client disconnected,clear config listen context

2024-04-25 11:16:42,137 INFO [1714014052134_127.0.0.1_58481]client disconnected,clear config listen context

2024-04-25 11:17:00,230 INFO Connection transportReady,connectionId = 1714015020230_127.0.0.1_59395 

2024-04-25 11:17:00,570 INFO Connection transportReady,connectionId = 1714015020570_127.0.0.1_59396 

2024-04-25 11:21:03,795 INFO Connection transportTerminated,connectionId = 1714015020230_127.0.0.1_59395 

2024-04-25 11:21:03,795 INFO [1714015020230_127.0.0.1_59395]client disconnected,clear config listen context

2024-04-25 11:21:03,796 INFO Connection transportTerminated,connectionId = 1714015020570_127.0.0.1_59396 

2024-04-25 11:21:03,796 INFO [1714015020570_127.0.0.1_59396]client disconnected,clear config listen context

2024-04-25 11:21:19,159 INFO Connection transportReady,connectionId = 1714015279159_127.0.0.1_60690 

2024-04-25 11:21:19,498 INFO Connection transportReady,connectionId = 1714015279498_127.0.0.1_60691 

2024-04-25 11:24:04,810 INFO Connection transportTerminated,connectionId = 1714015279159_127.0.0.1_60690 

2024-04-25 11:24:04,810 INFO Connection transportTerminated,connectionId = 1714015279498_127.0.0.1_60691 

2024-04-25 11:24:04,811 INFO [1714015279159_127.0.0.1_60690]client disconnected,clear config listen context

2024-04-25 11:24:04,811 INFO [1714015279498_127.0.0.1_60691]client disconnected,clear config listen context

2024-04-25 11:24:20,712 INFO Connection transportReady,connectionId = 1714015460712_127.0.0.1_60798 

2024-04-25 11:24:21,048 INFO Connection transportReady,connectionId = 1714015461048_127.0.0.1_60799 

2024-04-25 11:30:36,332 INFO Connection transportTerminated,connectionId = 1714015460712_127.0.0.1_60798 

2024-04-25 11:30:36,332 INFO [1714015460712_127.0.0.1_60798]client disconnected,clear config listen context

2024-04-25 11:30:36,332 INFO Connection transportTerminated,connectionId = 1714015461048_127.0.0.1_60799 

2024-04-25 11:30:36,332 INFO [1714015461048_127.0.0.1_60799]client disconnected,clear config listen context

2024-04-25 11:30:55,910 INFO Connection transportReady,connectionId = 1714015855910_127.0.0.1_61213 

2024-04-25 11:30:56,244 INFO Connection transportReady,connectionId = 1714015856244_127.0.0.1_61214 

2024-04-25 12:00:55,022 INFO Connection transportTerminated,connectionId = 1714015856244_127.0.0.1_61214 

2024-04-25 12:00:55,022 INFO Connection transportTerminated,connectionId = 1714015855910_127.0.0.1_61213 

2024-04-25 12:00:55,022 INFO [1714015856244_127.0.0.1_61214]client disconnected,clear config listen context

2024-04-25 12:00:55,023 INFO [1714015855910_127.0.0.1_61213]client disconnected,clear config listen context

2024-04-25 14:44:58,110 INFO Connection transportReady,connectionId = 1714027498110_127.0.0.1_56702 

2024-04-25 14:44:58,471 INFO Connection transportReady,connectionId = 1714027498471_127.0.0.1_56703 

2024-04-25 14:46:56,212 INFO Connection transportTerminated,connectionId = 1714027498471_127.0.0.1_56703 

2024-04-25 14:46:56,212 INFO Connection transportTerminated,connectionId = 1714027498110_127.0.0.1_56702 

2024-04-25 14:46:56,213 INFO [1714027498471_127.0.0.1_56703]client disconnected,clear config listen context

2024-04-25 14:46:56,213 INFO [1714027498110_127.0.0.1_56702]client disconnected,clear config listen context

2024-04-25 14:47:42,153 INFO Connection transportReady,connectionId = 1714027662153_127.0.0.1_56871 

2024-04-25 14:47:42,503 INFO Connection transportReady,connectionId = 1714027662503_127.0.0.1_56872 

2024-04-25 14:47:54,126 INFO Connection transportReady,connectionId = 1714027674126_127.0.0.1_56878 

2024-04-25 14:47:54,464 INFO Connection transportReady,connectionId = 1714027674464_127.0.0.1_56879 

2024-04-25 14:48:05,557 INFO Connection transportTerminated,connectionId = 1714027674126_127.0.0.1_56878 

2024-04-25 14:48:05,559 WARN [1714027674126_127.0.0.1_56878] connection  close bi stream exception  : {}

java.lang.IllegalStateException: call already closed
	at com.google.common.base.Preconditions.checkState(Preconditions.java:512)
	at io.grpc.internal.ServerCallImpl.closeInternal(ServerCallImpl.java:212)
	at io.grpc.internal.ServerCallImpl.close(ServerCallImpl.java:207)
	at io.grpc.stub.ServerCalls$ServerCallStreamObserverImpl.onCompleted(ServerCalls.java:395)
	at com.alibaba.nacos.core.remote.grpc.GrpcConnection.closeBiStream(GrpcConnection.java:205)
	at com.alibaba.nacos.core.remote.grpc.GrpcConnection.close(GrpcConnection.java:190)
	at com.alibaba.nacos.core.remote.ConnectionManager.unregister(ConnectionManager.java:158)
	at com.alibaba.nacos.core.remote.grpc.AddressTransportFilter.transportTerminated(AddressTransportFilter.java:77)
	at io.grpc.internal.ServerImpl$ServerTransportListenerImpl.transportTerminated(ServerImpl.java:456)
	at io.grpc.netty.shaded.io.grpc.netty.NettyServerTransport.notifyTerminated(NettyServerTransport.java:207)
	at io.grpc.netty.shaded.io.grpc.netty.NettyServerTransport.access$100(NettyServerTransport.java:51)
	at io.grpc.netty.shaded.io.grpc.netty.NettyServerTransport$1TerminationNotifier.operationComplete(NettyServerTransport.java:141)
	at io.grpc.netty.shaded.io.grpc.netty.NettyServerTransport$1TerminationNotifier.operationComplete(NettyServerTransport.java:134)
	at io.grpc.netty.shaded.io.netty.util.concurrent.DefaultPromise.notifyListener0(DefaultPromise.java:590)
	at io.grpc.netty.shaded.io.netty.util.concurrent.DefaultPromise.notifyListeners0(DefaultPromise.java:583)
	at io.grpc.netty.shaded.io.netty.util.concurrent.DefaultPromise.notifyListenersNow(DefaultPromise.java:559)
	at io.grpc.netty.shaded.io.netty.util.concurrent.DefaultPromise.notifyListeners(DefaultPromise.java:492)
	at io.grpc.netty.shaded.io.netty.util.concurrent.DefaultPromise.setValue0(DefaultPromise.java:636)
	at io.grpc.netty.shaded.io.netty.util.concurrent.DefaultPromise.setSuccess0(DefaultPromise.java:625)
	at io.grpc.netty.shaded.io.netty.util.concurrent.DefaultPromise.trySuccess(DefaultPromise.java:105)
	at io.grpc.netty.shaded.io.netty.channel.DefaultChannelPromise.trySuccess(DefaultChannelPromise.java:84)
	at io.grpc.netty.shaded.io.netty.channel.AbstractChannel$CloseFuture.setClosed(AbstractChannel.java:1164)
	at io.grpc.netty.shaded.io.netty.channel.AbstractChannel$AbstractUnsafe.doClose0(AbstractChannel.java:755)
	at io.grpc.netty.shaded.io.netty.channel.AbstractChannel$AbstractUnsafe.close(AbstractChannel.java:731)
	at io.grpc.netty.shaded.io.netty.channel.AbstractChannel$AbstractUnsafe.close(AbstractChannel.java:620)
	at io.grpc.netty.shaded.io.netty.channel.nio.AbstractNioByteChannel$NioByteUnsafe.closeOnRead(AbstractNioByteChannel.java:105)
	at io.grpc.netty.shaded.io.netty.channel.nio.AbstractNioByteChannel$NioByteUnsafe.read(AbstractNioByteChannel.java:174)
	at io.grpc.netty.shaded.io.netty.channel.nio.NioEventLoop.processSelectedKey(NioEventLoop.java:788)
	at io.grpc.netty.shaded.io.netty.channel.nio.NioEventLoop.processSelectedKeysOptimized(NioEventLoop.java:724)
	at io.grpc.netty.shaded.io.netty.channel.nio.NioEventLoop.processSelectedKeys(NioEventLoop.java:650)
	at io.grpc.netty.shaded.io.netty.channel.nio.NioEventLoop.run(NioEventLoop.java:562)
	at io.grpc.netty.shaded.io.netty.util.concurrent.SingleThreadEventExecutor$4.run(SingleThreadEventExecutor.java:997)
	at io.grpc.netty.shaded.io.netty.util.internal.ThreadExecutorMap$2.run(ThreadExecutorMap.java:74)
	at io.grpc.netty.shaded.io.netty.util.concurrent.FastThreadLocalRunnable.run(FastThreadLocalRunnable.java:30)
	at java.base/java.lang.Thread.run(Thread.java:1570)
2024-04-25 14:48:05,560 INFO [1714027674126_127.0.0.1_56878]client disconnected,clear config listen context

2024-04-25 14:48:06,068 INFO Connection transportTerminated,connectionId = 1714027674464_127.0.0.1_56879 

2024-04-25 14:48:06,068 INFO [1714027674464_127.0.0.1_56879]client disconnected,clear config listen context

2024-04-25 14:59:08,590 INFO Connection transportReady,connectionId = 1714028348590_127.0.0.1_57266 

2024-04-25 14:59:08,928 INFO Connection transportReady,connectionId = 1714028348928_127.0.0.1_57267 

2024-04-25 14:59:19,966 INFO Connection transportTerminated,connectionId = 1714028348590_127.0.0.1_57266 

2024-04-25 14:59:19,967 WARN [1714028348590_127.0.0.1_57266] connection  close bi stream exception  : {}

java.lang.IllegalStateException: call already closed
	at com.google.common.base.Preconditions.checkState(Preconditions.java:512)
	at io.grpc.internal.ServerCallImpl.closeInternal(ServerCallImpl.java:212)
	at io.grpc.internal.ServerCallImpl.close(ServerCallImpl.java:207)
	at io.grpc.stub.ServerCalls$ServerCallStreamObserverImpl.onCompleted(ServerCalls.java:395)
	at com.alibaba.nacos.core.remote.grpc.GrpcConnection.closeBiStream(GrpcConnection.java:205)
	at com.alibaba.nacos.core.remote.grpc.GrpcConnection.close(GrpcConnection.java:190)
	at com.alibaba.nacos.core.remote.ConnectionManager.unregister(ConnectionManager.java:158)
	at com.alibaba.nacos.core.remote.grpc.AddressTransportFilter.transportTerminated(AddressTransportFilter.java:77)
	at io.grpc.internal.ServerImpl$ServerTransportListenerImpl.transportTerminated(ServerImpl.java:456)
	at io.grpc.netty.shaded.io.grpc.netty.NettyServerTransport.notifyTerminated(NettyServerTransport.java:207)
	at io.grpc.netty.shaded.io.grpc.netty.NettyServerTransport.access$100(NettyServerTransport.java:51)
	at io.grpc.netty.shaded.io.grpc.netty.NettyServerTransport$1TerminationNotifier.operationComplete(NettyServerTransport.java:141)
	at io.grpc.netty.shaded.io.grpc.netty.NettyServerTransport$1TerminationNotifier.operationComplete(NettyServerTransport.java:134)
	at io.grpc.netty.shaded.io.netty.util.concurrent.DefaultPromise.notifyListener0(DefaultPromise.java:590)
	at io.grpc.netty.shaded.io.netty.util.concurrent.DefaultPromise.notifyListeners0(DefaultPromise.java:583)
	at io.grpc.netty.shaded.io.netty.util.concurrent.DefaultPromise.notifyListenersNow(DefaultPromise.java:559)
	at io.grpc.netty.shaded.io.netty.util.concurrent.DefaultPromise.notifyListeners(DefaultPromise.java:492)
	at io.grpc.netty.shaded.io.netty.util.concurrent.DefaultPromise.setValue0(DefaultPromise.java:636)
	at io.grpc.netty.shaded.io.netty.util.concurrent.DefaultPromise.setSuccess0(DefaultPromise.java:625)
	at io.grpc.netty.shaded.io.netty.util.concurrent.DefaultPromise.trySuccess(DefaultPromise.java:105)
	at io.grpc.netty.shaded.io.netty.channel.DefaultChannelPromise.trySuccess(DefaultChannelPromise.java:84)
	at io.grpc.netty.shaded.io.netty.channel.AbstractChannel$CloseFuture.setClosed(AbstractChannel.java:1164)
	at io.grpc.netty.shaded.io.netty.channel.AbstractChannel$AbstractUnsafe.doClose0(AbstractChannel.java:755)
	at io.grpc.netty.shaded.io.netty.channel.AbstractChannel$AbstractUnsafe.close(AbstractChannel.java:731)
	at io.grpc.netty.shaded.io.netty.channel.AbstractChannel$AbstractUnsafe.close(AbstractChannel.java:620)
	at io.grpc.netty.shaded.io.netty.channel.nio.AbstractNioByteChannel$NioByteUnsafe.closeOnRead(AbstractNioByteChannel.java:105)
	at io.grpc.netty.shaded.io.netty.channel.nio.AbstractNioByteChannel$NioByteUnsafe.read(AbstractNioByteChannel.java:174)
	at io.grpc.netty.shaded.io.netty.channel.nio.NioEventLoop.processSelectedKey(NioEventLoop.java:788)
	at io.grpc.netty.shaded.io.netty.channel.nio.NioEventLoop.processSelectedKeysOptimized(NioEventLoop.java:724)
	at io.grpc.netty.shaded.io.netty.channel.nio.NioEventLoop.processSelectedKeys(NioEventLoop.java:650)
	at io.grpc.netty.shaded.io.netty.channel.nio.NioEventLoop.run(NioEventLoop.java:562)
	at io.grpc.netty.shaded.io.netty.util.concurrent.SingleThreadEventExecutor$4.run(SingleThreadEventExecutor.java:997)
	at io.grpc.netty.shaded.io.netty.util.internal.ThreadExecutorMap$2.run(ThreadExecutorMap.java:74)
	at io.grpc.netty.shaded.io.netty.util.concurrent.FastThreadLocalRunnable.run(FastThreadLocalRunnable.java:30)
	at java.base/java.lang.Thread.run(Thread.java:1570)
2024-04-25 14:59:19,967 INFO [1714028348590_127.0.0.1_57266]client disconnected,clear config listen context

2024-04-25 14:59:20,482 INFO Connection transportTerminated,connectionId = 1714028348928_127.0.0.1_57267 

2024-04-25 14:59:20,482 INFO [1714028348928_127.0.0.1_57267]client disconnected,clear config listen context

2024-04-25 14:59:26,768 INFO Connection transportTerminated,connectionId = 1714027662153_127.0.0.1_56871 

2024-04-25 14:59:26,768 INFO [1714027662153_127.0.0.1_56871]client disconnected,clear config listen context

2024-04-25 14:59:26,768 INFO Connection transportTerminated,connectionId = 1714027662503_127.0.0.1_56872 

2024-04-25 14:59:26,768 INFO [1714027662503_127.0.0.1_56872]client disconnected,clear config listen context

2024-04-25 14:59:39,776 INFO Connection transportReady,connectionId = 1714028379776_127.0.0.1_57286 

2024-04-25 14:59:40,129 INFO Connection transportReady,connectionId = 1714028380129_127.0.0.1_57287 

2024-04-25 15:01:26,979 INFO Connection transportTerminated,connectionId = 1714028379776_127.0.0.1_57286 

2024-04-25 15:01:26,979 INFO Connection transportTerminated,connectionId = 1714028380129_127.0.0.1_57287 

2024-04-25 15:01:26,979 INFO [1714028379776_127.0.0.1_57286]client disconnected,clear config listen context

2024-04-25 15:01:26,979 INFO [1714028380129_127.0.0.1_57287]client disconnected,clear config listen context

2024-04-25 15:01:40,748 INFO Connection transportReady,connectionId = 1714028500748_127.0.0.1_57389 

2024-04-25 15:01:41,081 INFO Connection transportReady,connectionId = 1714028501081_127.0.0.1_57391 

2024-04-25 15:08:36,709 INFO Connection transportTerminated,connectionId = 1714028500748_127.0.0.1_57389 

2024-04-25 15:08:36,709 INFO [1714028500748_127.0.0.1_57389]client disconnected,clear config listen context

2024-04-25 15:08:36,711 INFO Connection transportTerminated,connectionId = 1714028501081_127.0.0.1_57391 

2024-04-25 15:08:36,711 INFO [1714028501081_127.0.0.1_57391]client disconnected,clear config listen context

2024-04-25 15:08:53,014 INFO Connection transportReady,connectionId = 1714028933014_127.0.0.1_57776 

2024-04-25 15:08:53,356 INFO Connection transportReady,connectionId = 1714028933356_127.0.0.1_57777 

2024-04-25 15:37:20,747 INFO Connection transportTerminated,connectionId = 1714028933014_127.0.0.1_57776 

2024-04-25 15:37:20,747 INFO [1714028933014_127.0.0.1_57776]client disconnected,clear config listen context

2024-04-25 15:37:20,748 INFO Connection transportTerminated,connectionId = 1714028933356_127.0.0.1_57777 

2024-04-25 15:37:20,748 INFO [1714028933356_127.0.0.1_57777]client disconnected,clear config listen context

2024-04-25 15:37:34,968 INFO Connection transportReady,connectionId = 1714030654968_127.0.0.1_58853 

2024-04-25 15:37:35,306 INFO Connection transportReady,connectionId = 1714030655306_127.0.0.1_58855 

2024-04-25 15:40:42,059 INFO Connection transportTerminated,connectionId = 1714030654968_127.0.0.1_58853 

2024-04-25 15:40:42,059 INFO Connection transportTerminated,connectionId = 1714030655306_127.0.0.1_58855 

2024-04-25 15:40:42,059 INFO [1714030654968_127.0.0.1_58853]client disconnected,clear config listen context

2024-04-25 15:40:42,059 INFO [1714030655306_127.0.0.1_58855]client disconnected,clear config listen context

2024-04-25 15:40:55,739 INFO Connection transportReady,connectionId = 1714030855739_127.0.0.1_58999 

2024-04-25 15:40:56,081 INFO Connection transportReady,connectionId = 1714030856081_127.0.0.1_59000 

2024-04-25 15:57:26,932 INFO Connection transportTerminated,connectionId = 1714030855739_127.0.0.1_58999 

2024-04-25 15:57:26,932 INFO Connection transportTerminated,connectionId = 1714030856081_127.0.0.1_59000 

2024-04-25 15:57:26,932 INFO [1714030855739_127.0.0.1_58999]client disconnected,clear config listen context

2024-04-25 15:57:26,932 INFO [1714030856081_127.0.0.1_59000]client disconnected,clear config listen context

2024-04-25 15:57:41,891 INFO Connection transportReady,connectionId = 1714031861891_127.0.0.1_60879 

2024-04-25 15:57:42,253 INFO Connection transportReady,connectionId = 1714031862253_127.0.0.1_60881 

2024-04-25 16:03:01,564 INFO Connection transportTerminated,connectionId = 1714031862253_127.0.0.1_60881 

2024-04-25 16:03:01,564 INFO Connection transportTerminated,connectionId = 1714031861891_127.0.0.1_60879 

2024-04-25 16:03:01,564 INFO [1714031862253_127.0.0.1_60881]client disconnected,clear config listen context

2024-04-25 16:03:01,565 INFO [1714031861891_127.0.0.1_60879]client disconnected,clear config listen context

2024-04-25 16:06:37,089 INFO Connection transportReady,connectionId = 1714032397089_127.0.0.1_61384 

2024-04-25 16:06:37,424 INFO Connection transportReady,connectionId = 1714032397424_127.0.0.1_61385 

2024-04-25 16:19:21,164 INFO Connection transportTerminated,connectionId = 1714032397089_127.0.0.1_61384 

2024-04-25 16:19:21,164 INFO [1714032397089_127.0.0.1_61384]client disconnected,clear config listen context

2024-04-25 16:19:21,164 INFO Connection transportTerminated,connectionId = 1714032397424_127.0.0.1_61385 

2024-04-25 16:19:21,165 INFO [1714032397424_127.0.0.1_61385]client disconnected,clear config listen context

2024-04-25 16:19:43,992 INFO Connection transportReady,connectionId = 1714033183992_127.0.0.1_62169 

2024-04-25 16:19:44,317 INFO Connection transportReady,connectionId = 1714033184317_127.0.0.1_62170 

2024-04-25 16:23:08,887 INFO Connection transportTerminated,connectionId = 1714033183992_127.0.0.1_62169 

2024-04-25 16:23:08,888 INFO Connection transportTerminated,connectionId = 1714033184317_127.0.0.1_62170 

2024-04-25 16:23:08,888 INFO [1714033183992_127.0.0.1_62169]client disconnected,clear config listen context

2024-04-25 16:23:08,888 INFO [1714033184317_127.0.0.1_62170]client disconnected,clear config listen context

2024-04-25 16:23:23,142 INFO Connection transportReady,connectionId = 1714033403142_127.0.0.1_62408 

2024-04-25 16:23:23,484 INFO Connection transportReady,connectionId = 1714033403484_127.0.0.1_62409 

2024-04-25 16:30:37,351 INFO Connection transportReady,connectionId = 1714033837351_127.0.0.1_62860 

2024-04-25 16:30:37,689 INFO Connection transportReady,connectionId = 1714033837689_127.0.0.1_62861 

2024-04-25 16:30:46,306 INFO Connection transportTerminated,connectionId = 1714033837351_127.0.0.1_62860 

2024-04-25 16:30:46,306 INFO [1714033837351_127.0.0.1_62860]client disconnected,clear config listen context

2024-04-25 16:30:46,306 INFO Connection transportTerminated,connectionId = 1714033837689_127.0.0.1_62861 

2024-04-25 16:30:46,306 INFO [1714033837689_127.0.0.1_62861]client disconnected,clear config listen context

2024-04-25 16:30:49,883 INFO Connection transportTerminated,connectionId = 1714033403142_127.0.0.1_62408 

2024-04-25 16:30:49,883 INFO [1714033403142_127.0.0.1_62408]client disconnected,clear config listen context

2024-04-25 16:30:49,884 INFO Connection transportTerminated,connectionId = 1714033403484_127.0.0.1_62409 

2024-04-25 16:30:49,884 INFO [1714033403484_127.0.0.1_62409]client disconnected,clear config listen context

2024-04-25 16:31:01,536 INFO Connection transportReady,connectionId = 1714033861536_127.0.0.1_62912 

2024-04-25 16:31:01,866 INFO Connection transportReady,connectionId = 1714033861866_127.0.0.1_62914 

2024-04-25 16:31:41,766 INFO Connection transportTerminated,connectionId = 1714033861536_127.0.0.1_62912 

2024-04-25 16:31:41,766 INFO [1714033861536_127.0.0.1_62912]client disconnected,clear config listen context

2024-04-25 16:31:41,768 INFO Connection transportTerminated,connectionId = 1714033861866_127.0.0.1_62914 

2024-04-25 16:31:41,769 INFO [1714033861866_127.0.0.1_62914]client disconnected,clear config listen context

2024-04-25 16:31:55,479 INFO Connection transportReady,connectionId = 1714033915479_127.0.0.1_62960 

2024-04-25 16:31:55,829 INFO Connection transportReady,connectionId = 1714033915829_127.0.0.1_62961 

2024-04-25 17:45:55,486 INFO Connection transportReady,connectionId = 1714038355486_127.0.0.1_51776 

2024-04-25 17:45:55,835 INFO Connection transportReady,connectionId = 1714038355835_127.0.0.1_51777 

2024-04-25 17:45:57,962 INFO Connection transportReady,connectionId = 1714038357962_127.0.0.1_51779 

2024-04-25 17:45:58,122 INFO Connection transportReady,connectionId = 1714038358122_127.0.0.1_51780 

2024-04-25 17:51:35,617 INFO Connection transportTerminated,connectionId = 1714038355835_127.0.0.1_51777 

2024-04-25 17:51:35,617 INFO Connection transportTerminated,connectionId = 1714038355486_127.0.0.1_51776 

2024-04-25 17:51:35,617 INFO Connection transportTerminated,connectionId = 1714038357962_127.0.0.1_51779 

2024-04-25 17:51:35,618 INFO [1714038355835_127.0.0.1_51777]client disconnected,clear config listen context

2024-04-25 17:51:35,618 INFO [1714038357962_127.0.0.1_51779]client disconnected,clear config listen context

2024-04-25 17:51:35,618 INFO [1714038355486_127.0.0.1_51776]client disconnected,clear config listen context

2024-04-25 17:51:35,622 INFO Connection transportTerminated,connectionId = 1714038358122_127.0.0.1_51780 

2024-04-25 17:51:35,622 INFO [1714038358122_127.0.0.1_51780]client disconnected,clear config listen context

2024-04-25 17:51:37,631 INFO Connection transportTerminated,connectionId = 1714033915479_127.0.0.1_62960 

2024-04-25 17:51:37,631 INFO [1714033915479_127.0.0.1_62960]client disconnected,clear config listen context

2024-04-25 17:51:37,631 INFO Connection transportTerminated,connectionId = 1714033915829_127.0.0.1_62961 

2024-04-25 17:51:37,631 INFO [1714033915829_127.0.0.1_62961]client disconnected,clear config listen context

2024-04-25 17:51:51,498 INFO Connection transportReady,connectionId = 1714038711498_127.0.0.1_52168 

2024-04-25 17:51:51,832 INFO Connection transportReady,connectionId = 1714038711832_127.0.0.1_52170 

2024-04-25 17:51:53,921 INFO Connection transportReady,connectionId = 1714038713921_127.0.0.1_52175 

2024-04-25 17:51:54,070 INFO Connection transportReady,connectionId = 1714038714070_127.0.0.1_52176 

2024-04-25 17:58:39,465 INFO Connection transportTerminated,connectionId = 1714038711498_127.0.0.1_52168 

2024-04-25 17:58:39,465 INFO [1714038711498_127.0.0.1_52168]client disconnected,clear config listen context

2024-04-25 17:58:39,465 INFO Connection transportTerminated,connectionId = 1714038711832_127.0.0.1_52170 

2024-04-25 17:58:39,466 INFO [1714038711832_127.0.0.1_52170]client disconnected,clear config listen context

2024-04-25 17:58:39,467 INFO Connection transportTerminated,connectionId = 1714038713921_127.0.0.1_52175 

2024-04-25 17:58:39,467 INFO [1714038713921_127.0.0.1_52175]client disconnected,clear config listen context

2024-04-25 17:58:39,467 INFO Connection transportTerminated,connectionId = 1714038714070_127.0.0.1_52176 

2024-04-25 17:58:39,467 INFO [1714038714070_127.0.0.1_52176]client disconnected,clear config listen context

2024-04-25 17:58:54,791 INFO Connection transportReady,connectionId = 1714039134791_127.0.0.1_52686 

2024-04-25 17:58:55,124 INFO Connection transportReady,connectionId = 1714039135124_127.0.0.1_52688 

2024-04-25 17:58:57,151 INFO Connection transportReady,connectionId = 1714039137151_127.0.0.1_52690 

2024-04-25 17:58:57,311 INFO Connection transportReady,connectionId = 1714039137311_127.0.0.1_52691 

2024-04-25 18:00:25,493 INFO Connection transportTerminated,connectionId = 1714039134791_127.0.0.1_52686 

2024-04-25 18:00:25,493 INFO [1714039134791_127.0.0.1_52686]client disconnected,clear config listen context

2024-04-25 18:00:25,494 INFO Connection transportTerminated,connectionId = 1714039135124_127.0.0.1_52688 

2024-04-25 18:00:25,495 INFO [1714039135124_127.0.0.1_52688]client disconnected,clear config listen context

2024-04-25 18:00:25,495 INFO Connection transportTerminated,connectionId = 1714039137151_127.0.0.1_52690 

2024-04-25 18:00:25,495 INFO [1714039137151_127.0.0.1_52690]client disconnected,clear config listen context

2024-04-25 18:00:25,496 INFO Connection transportTerminated,connectionId = 1714039137311_127.0.0.1_52691 

2024-04-25 18:00:25,496 INFO [1714039137311_127.0.0.1_52691]client disconnected,clear config listen context

2024-04-25 18:00:41,682 INFO Connection transportReady,connectionId = 1714039241682_127.0.0.1_52836 

2024-04-25 18:00:42,011 INFO Connection transportReady,connectionId = 1714039242011_127.0.0.1_52837 

2024-04-25 18:00:43,997 INFO Connection transportReady,connectionId = 1714039243997_127.0.0.1_52840 

2024-04-25 18:00:44,165 INFO Connection transportReady,connectionId = 1714039244165_127.0.0.1_52841 

2024-04-25 18:10:43,889 INFO Connection transportTerminated,connectionId = 1714039241682_127.0.0.1_52836 

2024-04-25 18:10:43,889 INFO [1714039241682_127.0.0.1_52836]client disconnected,clear config listen context

2024-04-25 18:10:43,889 INFO Connection transportTerminated,connectionId = 1714039242011_127.0.0.1_52837 

2024-04-25 18:10:43,889 INFO Connection transportTerminated,connectionId = 1714039244165_127.0.0.1_52841 

2024-04-25 18:10:43,889 INFO [1714039244165_127.0.0.1_52841]client disconnected,clear config listen context

2024-04-25 18:10:43,889 INFO [1714039242011_127.0.0.1_52837]client disconnected,clear config listen context

2024-04-25 18:10:43,890 INFO Connection transportTerminated,connectionId = 1714039243997_127.0.0.1_52840 

2024-04-25 18:10:43,890 INFO [1714039243997_127.0.0.1_52840]client disconnected,clear config listen context

2024-04-25 18:11:17,343 INFO Connection transportReady,connectionId = 1714039877343_127.0.0.1_53474 

2024-04-25 18:11:17,677 INFO Connection transportReady,connectionId = 1714039877677_127.0.0.1_53475 

2024-04-25 18:11:19,659 INFO Connection transportReady,connectionId = 1714039879659_127.0.0.1_53478 

2024-04-25 18:11:19,821 INFO Connection transportReady,connectionId = 1714039879821_127.0.0.1_53479 

2024-04-25 18:13:23,654 INFO Connection transportTerminated,connectionId = 1714039877343_127.0.0.1_53474 

2024-04-25 18:13:23,654 INFO [1714039877343_127.0.0.1_53474]client disconnected,clear config listen context

2024-04-25 18:13:23,658 INFO Connection transportTerminated,connectionId = 1714039877677_127.0.0.1_53475 

2024-04-25 18:13:23,658 INFO [1714039877677_127.0.0.1_53475]client disconnected,clear config listen context

2024-04-25 18:13:23,658 INFO Connection transportTerminated,connectionId = 1714039879659_127.0.0.1_53478 

2024-04-25 18:13:23,658 INFO [1714039879659_127.0.0.1_53478]client disconnected,clear config listen context

2024-04-25 18:13:23,659 INFO Connection transportTerminated,connectionId = 1714039879821_127.0.0.1_53479 

2024-04-25 18:13:23,660 INFO [1714039879821_127.0.0.1_53479]client disconnected,clear config listen context

