2024-04-23 17:08:19,631 INFO [ClientConnectionEventListenerRegistry] registry listener - ConnectionBasedClientManager

2024-04-23 17:08:21,057 INFO [ClientConnectionEventListenerRegistry] registry listener - ConfigConnectionEventListener

2024-04-23 17:08:21,087 INFO Nacos GrpcSdkServer Rpc server starting at port 9848

2024-04-23 17:08:21,165 INFO Load ProtocolNegotiatorBuilder com.alibaba.nacos.core.remote.grpc.negotiator.tls.DefaultTlsProtocolNegotiatorBuilder for type DEFAULT_TLS

2024-04-23 17:08:21,167 DEBUG TLS configuration is empty, use default value

2024-04-23 17:08:21,191 INFO Nacos Rpc server tls config:{"sslProvider":"","enableTls":false,"mutualAuthEnable":false,"trustAll":false,"sslContextRefresher":"","compatibility":true}

2024-04-23 17:08:21,192 WARN Recommended use 'nacos.remote.server.grpc.sdk.max-inbound-message-size' property instead 'nacos.remote.server.grpc.maxinbound.message.size', now property value is 10485760

2024-04-23 17:08:21,295 INFO Nacos Rpc server tls config:{"sslProvider":"","enableTls":false,"mutualAuthEnable":false,"trustAll":false,"sslContextRefresher":"","compatibility":true}

2024-04-23 17:08:21,295 INFO No RpcServerSslContextRefresher specified,Ssl Context auto refresh not supported.

2024-04-23 17:08:21,295 INFO RpcServerSslContextRefresher init end

2024-04-23 17:08:21,295 INFO Nacos GrpcSdkServer Rpc server started at port 9848

2024-04-23 17:08:21,297 INFO Nacos GrpcClusterServer Rpc server starting at port 9849

2024-04-23 17:08:21,297 WARN Recommended use 'nacos.remote.server.grpc.cluster.max-inbound-message-size' property instead 'nacos.remote.server.grpc.maxinbound.message.size', now property value is 10485760

2024-04-23 17:08:21,298 INFO Nacos GrpcClusterServer Rpc server started at port 9849

2024-04-23 17:08:21,332 INFO [ClientConnectionEventListenerRegistry] registry listener - RpcAckCallbackInitorOrCleaner

2024-04-23 19:00:40,930 INFO [ClientConnectionEventListenerRegistry] registry listener - ConnectionBasedClientManager

2024-04-23 19:00:42,014 INFO [ClientConnectionEventListenerRegistry] registry listener - ConfigConnectionEventListener

2024-04-23 19:00:42,038 INFO Nacos GrpcSdkServer Rpc server starting at port 9848

2024-04-23 19:00:42,109 INFO Load ProtocolNegotiatorBuilder com.alibaba.nacos.core.remote.grpc.negotiator.tls.DefaultTlsProtocolNegotiatorBuilder for type DEFAULT_TLS

2024-04-23 19:00:42,111 DEBUG TLS configuration is empty, use default value

2024-04-23 19:00:42,138 INFO Nacos Rpc server tls config:{"sslProvider":"","enableTls":false,"mutualAuthEnable":false,"trustAll":false,"sslContextRefresher":"","compatibility":true}

2024-04-23 19:00:42,139 WARN Recommended use 'nacos.remote.server.grpc.sdk.max-inbound-message-size' property instead 'nacos.remote.server.grpc.maxinbound.message.size', now property value is 10485760

2024-04-23 19:00:42,243 INFO Nacos Rpc server tls config:{"sslProvider":"","enableTls":false,"mutualAuthEnable":false,"trustAll":false,"sslContextRefresher":"","compatibility":true}

2024-04-23 19:00:42,243 INFO No RpcServerSslContextRefresher specified,Ssl Context auto refresh not supported.

2024-04-23 19:00:42,243 INFO RpcServerSslContextRefresher init end

2024-04-23 19:00:42,243 INFO Nacos GrpcSdkServer Rpc server started at port 9848

2024-04-23 19:00:42,245 INFO Nacos GrpcClusterServer Rpc server starting at port 9849

2024-04-23 19:00:42,245 WARN Recommended use 'nacos.remote.server.grpc.cluster.max-inbound-message-size' property instead 'nacos.remote.server.grpc.maxinbound.message.size', now property value is 10485760

2024-04-23 19:00:42,246 INFO Nacos GrpcClusterServer Rpc server started at port 9849

2024-04-23 19:00:42,267 INFO [ClientConnectionEventListenerRegistry] registry listener - RpcAckCallbackInitorOrCleaner

2024-04-24 15:38:46,853 INFO [ClientConnectionEventListenerRegistry] registry listener - ConnectionBasedClientManager

2024-04-24 15:38:49,675 INFO [ClientConnectionEventListenerRegistry] registry listener - ConfigConnectionEventListener

2024-04-24 15:38:49,708 INFO Nacos GrpcSdkServer Rpc server starting at port 9848

2024-04-24 15:38:49,824 INFO Load ProtocolNegotiatorBuilder com.alibaba.nacos.core.remote.grpc.negotiator.tls.DefaultTlsProtocolNegotiatorBuilder for type DEFAULT_TLS

2024-04-24 15:38:49,827 DEBUG TLS configuration is empty, use default value

2024-04-24 15:38:49,859 INFO Nacos Rpc server tls config:{"sslProvider":"","enableTls":false,"mutualAuthEnable":false,"trustAll":false,"sslContextRefresher":"","compatibility":true}

2024-04-24 15:38:49,861 WARN Recommended use 'nacos.remote.server.grpc.sdk.max-inbound-message-size' property instead 'nacos.remote.server.grpc.maxinbound.message.size', now property value is 10485760

2024-04-24 15:38:50,038 INFO Nacos Rpc server tls config:{"sslProvider":"","enableTls":false,"mutualAuthEnable":false,"trustAll":false,"sslContextRefresher":"","compatibility":true}

2024-04-24 15:38:50,038 INFO No RpcServerSslContextRefresher specified,Ssl Context auto refresh not supported.

2024-04-24 15:38:50,038 INFO RpcServerSslContextRefresher init end

2024-04-24 15:38:50,038 INFO Nacos GrpcSdkServer Rpc server started at port 9848

2024-04-24 15:38:50,042 INFO Nacos GrpcClusterServer Rpc server starting at port 9849

2024-04-24 15:38:50,043 WARN Recommended use 'nacos.remote.server.grpc.cluster.max-inbound-message-size' property instead 'nacos.remote.server.grpc.maxinbound.message.size', now property value is 10485760

2024-04-24 15:38:50,045 INFO Nacos GrpcClusterServer Rpc server started at port 9849

2024-04-24 15:38:50,082 INFO [ClientConnectionEventListenerRegistry] registry listener - RpcAckCallbackInitorOrCleaner

2024-04-24 15:51:02,398 INFO [ClientConnectionEventListenerRegistry] registry listener - ConnectionBasedClientManager

2024-04-24 16:00:34,426 INFO [ClientConnectionEventListenerRegistry] registry listener - ConnectionBasedClientManager

2024-04-24 16:00:38,310 INFO [ClientConnectionEventListenerRegistry] registry listener - ConfigConnectionEventListener

2024-04-24 16:00:38,382 INFO Nacos GrpcSdkServer Rpc server starting at port 9848

2024-04-24 16:00:38,676 INFO Load ProtocolNegotiatorBuilder com.alibaba.nacos.core.remote.grpc.negotiator.tls.DefaultTlsProtocolNegotiatorBuilder for type DEFAULT_TLS

2024-04-24 16:00:38,679 DEBUG TLS configuration is empty, use default value

2024-04-24 16:00:38,744 INFO Nacos Rpc server tls config:{"sslProvider":"","enableTls":false,"mutualAuthEnable":false,"trustAll":false,"sslContextRefresher":"","compatibility":true}

2024-04-24 16:00:38,758 WARN Recommended use 'nacos.remote.server.grpc.sdk.max-inbound-message-size' property instead 'nacos.remote.server.grpc.maxinbound.message.size', now property value is 10485760

2024-04-24 16:00:39,195 INFO Nacos Rpc server tls config:{"sslProvider":"","enableTls":false,"mutualAuthEnable":false,"trustAll":false,"sslContextRefresher":"","compatibility":true}

2024-04-24 16:00:39,196 INFO No RpcServerSslContextRefresher specified,Ssl Context auto refresh not supported.

2024-04-24 16:00:39,196 INFO RpcServerSslContextRefresher init end

2024-04-24 16:00:39,196 INFO Nacos GrpcSdkServer Rpc server started at port 9848

2024-04-24 16:00:39,204 INFO Nacos GrpcClusterServer Rpc server starting at port 9849

2024-04-24 16:00:39,205 WARN Recommended use 'nacos.remote.server.grpc.cluster.max-inbound-message-size' property instead 'nacos.remote.server.grpc.maxinbound.message.size', now property value is 10485760

2024-04-24 16:00:39,208 INFO Nacos GrpcClusterServer Rpc server started at port 9849

2024-04-24 16:00:39,291 INFO [ClientConnectionEventListenerRegistry] registry listener - RpcAckCallbackInitorOrCleaner

2024-04-24 17:10:40,103 INFO [ClientConnectionEventListenerRegistry] registry listener - ConnectionBasedClientManager

2024-04-24 17:10:42,539 INFO [ClientConnectionEventListenerRegistry] registry listener - ConfigConnectionEventListener

2024-04-24 17:10:42,560 INFO Nacos GrpcSdkServer Rpc server starting at port 9848

2024-04-24 17:10:42,648 INFO Load ProtocolNegotiatorBuilder com.alibaba.nacos.core.remote.grpc.negotiator.tls.DefaultTlsProtocolNegotiatorBuilder for type DEFAULT_TLS

2024-04-24 17:10:42,650 DEBUG TLS configuration is empty, use default value

2024-04-24 17:10:42,675 INFO Nacos Rpc server tls config:{"sslProvider":"","enableTls":false,"mutualAuthEnable":false,"trustAll":false,"sslContextRefresher":"","compatibility":true}

2024-04-24 17:10:42,677 WARN Recommended use 'nacos.remote.server.grpc.sdk.max-inbound-message-size' property instead 'nacos.remote.server.grpc.maxinbound.message.size', now property value is 10485760

2024-04-24 17:10:42,811 INFO Nacos Rpc server tls config:{"sslProvider":"","enableTls":false,"mutualAuthEnable":false,"trustAll":false,"sslContextRefresher":"","compatibility":true}

2024-04-24 17:10:42,811 INFO No RpcServerSslContextRefresher specified,Ssl Context auto refresh not supported.

2024-04-24 17:10:42,811 INFO RpcServerSslContextRefresher init end

2024-04-24 17:10:42,811 INFO Nacos GrpcSdkServer Rpc server started at port 9848

2024-04-24 17:10:42,814 INFO Nacos GrpcClusterServer Rpc server starting at port 9849

2024-04-24 17:10:42,815 WARN Recommended use 'nacos.remote.server.grpc.cluster.max-inbound-message-size' property instead 'nacos.remote.server.grpc.maxinbound.message.size', now property value is 10485760

2024-04-24 17:10:42,816 INFO Nacos GrpcClusterServer Rpc server started at port 9849

2024-04-24 17:10:42,845 INFO [ClientConnectionEventListenerRegistry] registry listener - RpcAckCallbackInitorOrCleaner

2024-04-24 17:35:32,454 INFO [ClientConnectionEventListenerRegistry] registry listener - ConnectionBasedClientManager

2024-04-24 17:43:04,431 INFO [ClientConnectionEventListenerRegistry] registry listener - ConnectionBasedClientManager

2024-04-24 17:43:07,110 INFO [ClientConnectionEventListenerRegistry] registry listener - ConfigConnectionEventListener

2024-04-24 17:43:07,131 INFO Nacos GrpcSdkServer Rpc server starting at port 9848

2024-04-24 17:43:07,228 INFO Load ProtocolNegotiatorBuilder com.alibaba.nacos.core.remote.grpc.negotiator.tls.DefaultTlsProtocolNegotiatorBuilder for type DEFAULT_TLS

2024-04-24 17:43:07,230 DEBUG TLS configuration is empty, use default value

2024-04-24 17:43:07,257 INFO Nacos Rpc server tls config:{"sslProvider":"","enableTls":false,"mutualAuthEnable":false,"trustAll":false,"sslContextRefresher":"","compatibility":true}

2024-04-24 17:43:07,259 WARN Recommended use 'nacos.remote.server.grpc.sdk.max-inbound-message-size' property instead 'nacos.remote.server.grpc.maxinbound.message.size', now property value is 10485760

2024-04-24 17:43:07,396 INFO Nacos Rpc server tls config:{"sslProvider":"","enableTls":false,"mutualAuthEnable":false,"trustAll":false,"sslContextRefresher":"","compatibility":true}

2024-04-24 17:43:07,396 INFO No RpcServerSslContextRefresher specified,Ssl Context auto refresh not supported.

2024-04-24 17:43:07,396 INFO RpcServerSslContextRefresher init end

2024-04-24 17:43:07,396 INFO Nacos GrpcSdkServer Rpc server started at port 9848

2024-04-24 17:43:07,399 INFO Nacos GrpcClusterServer Rpc server starting at port 9849

2024-04-24 17:43:07,400 WARN Recommended use 'nacos.remote.server.grpc.cluster.max-inbound-message-size' property instead 'nacos.remote.server.grpc.maxinbound.message.size', now property value is 10485760

2024-04-24 17:43:07,401 INFO Nacos GrpcClusterServer Rpc server started at port 9849

2024-04-24 17:43:07,430 INFO [ClientConnectionEventListenerRegistry] registry listener - RpcAckCallbackInitorOrCleaner

2024-04-24 18:06:13,121 INFO [ClientConnectionEventListenerRegistry] registry listener - ConnectionBasedClientManager

2024-04-24 18:06:15,578 INFO [ClientConnectionEventListenerRegistry] registry listener - ConfigConnectionEventListener

2024-04-24 18:06:15,601 INFO Nacos GrpcSdkServer Rpc server starting at port 9848

2024-04-24 18:06:15,698 INFO Load ProtocolNegotiatorBuilder com.alibaba.nacos.core.remote.grpc.negotiator.tls.DefaultTlsProtocolNegotiatorBuilder for type DEFAULT_TLS

2024-04-24 18:06:15,700 DEBUG TLS configuration is empty, use default value

2024-04-24 18:06:15,727 INFO Nacos Rpc server tls config:{"sslProvider":"","enableTls":false,"mutualAuthEnable":false,"trustAll":false,"sslContextRefresher":"","compatibility":true}

2024-04-24 18:06:15,729 WARN Recommended use 'nacos.remote.server.grpc.sdk.max-inbound-message-size' property instead 'nacos.remote.server.grpc.maxinbound.message.size', now property value is 10485760

2024-04-24 18:06:15,882 INFO Nacos Rpc server tls config:{"sslProvider":"","enableTls":false,"mutualAuthEnable":false,"trustAll":false,"sslContextRefresher":"","compatibility":true}

2024-04-24 18:06:15,882 INFO No RpcServerSslContextRefresher specified,Ssl Context auto refresh not supported.

2024-04-24 18:06:15,882 INFO RpcServerSslContextRefresher init end

2024-04-24 18:06:15,882 INFO Nacos GrpcSdkServer Rpc server started at port 9848

2024-04-24 18:06:15,885 INFO Nacos GrpcClusterServer Rpc server starting at port 9849

2024-04-24 18:06:15,886 WARN Recommended use 'nacos.remote.server.grpc.cluster.max-inbound-message-size' property instead 'nacos.remote.server.grpc.maxinbound.message.size', now property value is 10485760

2024-04-24 18:06:15,887 INFO Nacos GrpcClusterServer Rpc server started at port 9849

2024-04-24 18:06:15,914 INFO [ClientConnectionEventListenerRegistry] registry listener - RpcAckCallbackInitorOrCleaner

2024-04-24 18:15:57,259 INFO [ClientConnectionEventListenerRegistry] registry listener - ConnectionBasedClientManager

2024-04-24 18:16:01,127 INFO [ClientConnectionEventListenerRegistry] registry listener - ConnectionBasedClientManager

2024-04-24 18:16:13,695 INFO [ClientConnectionEventListenerRegistry] registry listener - ConnectionBasedClientManager

2024-04-24 18:16:22,192 INFO [ClientConnectionEventListenerRegistry] registry listener - ConnectionBasedClientManager

2024-04-24 18:16:37,153 INFO [ClientConnectionEventListenerRegistry] registry listener - ConnectionBasedClientManager

2024-04-24 18:16:39,638 INFO [ClientConnectionEventListenerRegistry] registry listener - ConfigConnectionEventListener

2024-04-24 18:16:39,662 INFO Nacos GrpcSdkServer Rpc server starting at port 9848

2024-04-24 18:16:39,755 INFO Load ProtocolNegotiatorBuilder com.alibaba.nacos.core.remote.grpc.negotiator.tls.DefaultTlsProtocolNegotiatorBuilder for type DEFAULT_TLS

2024-04-24 18:16:39,757 DEBUG TLS configuration is empty, use default value

2024-04-24 18:16:39,782 INFO Nacos Rpc server tls config:{"sslProvider":"","enableTls":false,"mutualAuthEnable":false,"trustAll":false,"sslContextRefresher":"","compatibility":true}

2024-04-24 18:16:39,784 WARN Recommended use 'nacos.remote.server.grpc.sdk.max-inbound-message-size' property instead 'nacos.remote.server.grpc.maxinbound.message.size', now property value is 10485760

2024-04-24 18:16:39,918 INFO Nacos Rpc server tls config:{"sslProvider":"","enableTls":false,"mutualAuthEnable":false,"trustAll":false,"sslContextRefresher":"","compatibility":true}

2024-04-24 18:16:39,918 INFO No RpcServerSslContextRefresher specified,Ssl Context auto refresh not supported.

2024-04-24 18:16:39,918 INFO RpcServerSslContextRefresher init end

2024-04-24 18:16:39,918 INFO Nacos GrpcSdkServer Rpc server started at port 9848

2024-04-24 18:16:39,921 INFO Nacos GrpcClusterServer Rpc server starting at port 9849

2024-04-24 18:16:39,921 WARN Recommended use 'nacos.remote.server.grpc.cluster.max-inbound-message-size' property instead 'nacos.remote.server.grpc.maxinbound.message.size', now property value is 10485760

2024-04-24 18:16:39,923 INFO Nacos GrpcClusterServer Rpc server started at port 9849

2024-04-24 18:16:39,952 INFO [ClientConnectionEventListenerRegistry] registry listener - RpcAckCallbackInitorOrCleaner

2024-04-25 10:14:07,394 INFO [ClientConnectionEventListenerRegistry] registry listener - ConnectionBasedClientManager

2024-04-25 10:14:34,769 INFO [ClientConnectionEventListenerRegistry] registry listener - ConnectionBasedClientManager

2024-04-25 10:16:07,428 INFO [ClientConnectionEventListenerRegistry] registry listener - ConnectionBasedClientManager

2024-04-25 10:16:48,233 INFO [ClientConnectionEventListenerRegistry] registry listener - ConnectionBasedClientManager

2024-04-25 10:16:50,537 INFO [ClientConnectionEventListenerRegistry] registry listener - ConfigConnectionEventListener

2024-04-25 10:16:50,558 INFO Nacos GrpcSdkServer Rpc server starting at port 9848

2024-04-25 10:16:50,660 INFO Load ProtocolNegotiatorBuilder com.alibaba.nacos.core.remote.grpc.negotiator.tls.DefaultTlsProtocolNegotiatorBuilder for type DEFAULT_TLS

2024-04-25 10:16:50,662 DEBUG TLS configuration is empty, use default value

2024-04-25 10:16:50,692 INFO Nacos Rpc server tls config:{"sslProvider":"","enableTls":false,"mutualAuthEnable":false,"trustAll":false,"sslContextRefresher":"","compatibility":true}

2024-04-25 10:16:50,694 WARN Recommended use 'nacos.remote.server.grpc.sdk.max-inbound-message-size' property instead 'nacos.remote.server.grpc.maxinbound.message.size', now property value is 10485760

2024-04-25 10:16:50,838 INFO Nacos Rpc server tls config:{"sslProvider":"","enableTls":false,"mutualAuthEnable":false,"trustAll":false,"sslContextRefresher":"","compatibility":true}

2024-04-25 10:16:50,838 INFO No RpcServerSslContextRefresher specified,Ssl Context auto refresh not supported.

2024-04-25 10:16:50,838 INFO RpcServerSslContextRefresher init end

2024-04-25 10:16:50,838 INFO Nacos GrpcSdkServer Rpc server started at port 9848

2024-04-25 10:16:50,841 INFO Nacos GrpcClusterServer Rpc server starting at port 9849

2024-04-25 10:16:50,842 WARN Recommended use 'nacos.remote.server.grpc.cluster.max-inbound-message-size' property instead 'nacos.remote.server.grpc.maxinbound.message.size', now property value is 10485760

2024-04-25 10:16:50,843 INFO Nacos GrpcClusterServer Rpc server started at port 9849

2024-04-25 10:16:50,874 INFO [ClientConnectionEventListenerRegistry] registry listener - RpcAckCallbackInitorOrCleaner

2024-04-25 18:13:31,215 INFO Nacos GrpcSdkServer Rpc server stopping

2024-04-25 18:13:31,215 INFO Nacos GrpcClusterServer Rpc server stopping

2024-04-25 18:13:31,239 INFO Nacos GrpcClusterServer Rpc server stopped successfully...

2024-04-25 18:13:31,239 INFO Nacos GrpcSdkServer Rpc server stopped successfully...

